Command Line: /data1/synopsys/laker/laker_v2023.06-2.aut/platform/LINUX64/bin/laker
uname(Linux leon 3.10.0-1160.105.1.el7.x86_64 #1 SMP Mon Nov 6 06:58:51 EST 2023 x86_64)
source /data1/synopsys/laker/laker_v2023.06-2.aut/gift/gift.tcl
The color name 'ID_WHITE' of the 'DT' layer was not defined in default.dsp file.
lakerOpenDesign -lib test -cell NOR2X8 -mode readOnly
lakerSetActiveLayer -layerName ref -purpose drawing
lakerSingleSel
lakerChangeSelMode -mode Object
lakerConnChecker -addNet -net LakerNet__1 -startPoint (4.28,0.995)
lakerConnChecker -toMaxLevel -net LakerNet__1 -speedMode -traceViaArray 1
lakerChangeSelMode -mode Vertex
lakerOpenDesign -lib test -cell NORX1 -mode readOnly
lakerSetActiveLayer -layerName ref -purpose drawing
lakerSetActiveLayer -layerName ref -purpose drawing
lakerChgmodeDesign
lakerZoomInByArea -point (1.24,-0.081) (3.73,1.645)
lakerDeselectAll
lakerSingleSel
lakerStretchObj -refPoint (2.25,0.61) -ignoreNet 0 -offsetPoint (2.36,0.61)
lakerSingleSel
lakerSingleSel
lakerChangeSelMode -mode Object
lakerSelInsideGroup -selInside 0
lakerSingleSel
lakerIncreaseSel
lakerMergeObj
lakerChangeSelMode -mode Vertex
lakerSelInsideGroup -selInside 1
lakerZoomAll
lakerSingleSel
lakerOpenDesign -lib test -cell NAND4X1 -mode readOnly
lakerSetActiveLayer -layerName ref -purpose drawing
lakerSaveDesign -autosave
lakerCloseDesign
lakerOpenDesign -lib test -cell NAND4X1 -mode readOnly
lakerSetActiveLayer -layerName ref -purpose drawing
lakerSingleSel
lakerChangeSelMode -mode Object
lakerConnChecker -addNet -net LakerNet__1 -startPoint (2.255,0.48)
lakerConnChecker -toMaxLevel -net LakerNet__1 -speedMode -traceViaArray 1
lakerChangeSelMode -mode Vertex
lakerSingleSel
lakerChangeSelMode -mode Object
lakerConnChecker -addNet -net LakerNet__2 -startPoint (1.365,1.517)
lakerConnChecker -toMaxLevel -net LakerNet__2 -speedMode -traceViaArray 1
lakerChangeSelMode -mode Vertex
lakerSingleSel
lakerSingleSel
lakerChangeSelMode -mode Object
lakerConnChecker -addNet -net LakerNet__4 -startPoint (1.475,0.63)
lakerConnChecker -toMaxLevel -net LakerNet__4 -speedMode -traceViaArray 1
lakerConnChecker -addNet -net LakerNet__5 -startPoint (2.05,0.57)
lakerConnChecker -toMaxLevel -net LakerNet__5 -speedMode -traceViaArray 1
lakerConnChecker -clear
lakerClearHighLight
lakerDeselectAll
lakerChangeSelMode -mode Vertex
lakerSingleSel
lakerSingleSel
lakerSingleSel
lakerChangeSelMode -mode Object
lakerConnChecker -addNet -net LakerNet__2 -startPoint (1.58,0.107)
lakerConnChecker -toMaxLevel -net LakerNet__2 -speedMode -traceViaArray 1
lakerChangeSelMode -mode Vertex
lakerConnChecker -clear
lakerClearHighLight
lakerSingleSel
lakerChangeSelMode -mode Object
lakerConnChecker -addNet -net LakerNet__1 -startPoint (2.035,0.105)
lakerConnChecker -toMaxLevel -net LakerNet__1 -speedMode -traceViaArray 1
lakerChangeSelMode -mode Vertex
lakerSingleSel
lakerChangeSelMode -mode Object
lakerConnChecker -addNet -net LakerNet__2 -startPoint (1.91,0.345)
lakerConnChecker -toMaxLevel -net LakerNet__2 -speedMode -traceViaArray 1
lakerChangeSelMode -mode Vertex
lakerSingleSel -point (3.063,1.284) -traversedist 0.02
lakerSingleSel -point (-0.279,1.846) -traversedist 0.02
lakerSaveDesign -autosave
lakerCalibreLVS
New connection accepted, fd = 18

//  Calibre v2022.4_37.20    Fri Dec 2 17:41:17 PST 2022
//  Calibre Utility Library   v0-10_13-2017-1    Fri Jul 30 08:22:01 PDT 2021
//  Litho Libraries v2022.4_37.20  Fri Dec 2 17:41:17 PST 2022
//
//                   Copyright Siemens 1996-2022
//                       All Rights Reserved.
//   THIS WORK CONTAINS TRADE SECRET AND PROPRIETARY INFORMATION
//      WHICH IS THE PROPERTY OF MENTOR GRAPHICS CORPORATION
//        OR ITS LICENSORS AND IS SUBJECT TO LICENSE TERMS.
//
//  The registered trademark Linux is used pursuant to a sublicense from LMI, the
//  exclusive licensee of Linus Torvalds, owner of the mark on a world-wide basis.
//
//  Mentor Graphics software executing under x86-64 Linux
//
//  Running on 1 CPU 
//
//
//  calinteractive license acquired.
//  Calibre Interactive authorized.

Calibre process exit.
lakerSingleSel
lakerSingleSel
lakerSingleSel
lakerSingleSel
lakerSingleSel
lakerSingleSel
lakerSingleSel
lakerSingleSel
lakerSingleSel
lakerSingleSel
lakerSingleSel
lakerSingleSel
lakerSingleSel -point (-0.535,1.23) -traversedist 0.02
lakerSetActiveLayer -layerName ref -purpose drawing
lakerChgmodeDesign
lakerSingleSel
lakerSingleSel
lakerSingleSel
lakerSingleSel
lakerChangeSelMode -mode DevObj
lakerCopyObj -refPoint (0.95,0.555) -offsetPoint (2.19,0.555)
lakerChangeSelMode -mode Vertex
lakerSingleSel
lakerSingleSel
lakerSingleSel
lakerSingleSel
lakerStretchObj -refPoint (2.34,0.485) -ignoreNet 0 -offsetPoint (2.34,0.895)
lakerSingleSel -point (2.732,0.506) -traversedist 0.02
lakerSingleSel
lakerSingleSel
lakerAttribute -index 1 -purpose pin -text {Y}
lakerSingleSel -point (-0.497,0.981) -traversedist 0.02
lakerSaveDesign
lakerSingleSel -point (-0.729,0.561) -traversedist 0.02
lakerSingleSel -point (-0.485,0.357) -traversedist 0.02
lakerSaveDesign -autosave
lakerSaveDesign -autosave
lakerSaveDesign -autosave

====== The following is working cellview list in memory ======
mode[r] file(/home/user/wrk/standard_113/laker/test.lib++/NORX1/layout)
====================== Possible top cellview ======================
=== mode[a] file(/home/user/wrk/standard_113/laker/test.lib++/NAND4X1/layout)
===================================================================
====================== Possible top cellview ======================
=== mode[s] file(/home/user/wrk/standard_113/laker/test.lib++/NOR2X8/tmpVw_0)
===================================================================
====================== Possible top cellview ======================
=== mode[s] file(/home/user/wrk/standard_113/laker/test.lib++/NOR2X8/tmpVw_1)
===================================================================
====================== Possible top cellview ======================
=== mode[s] file(/home/user/wrk/standard_113/laker/test.lib++/NAND4X1/tmpVw_0)
===================================================================
====================== Possible top cellview ======================
=== mode[s] file(/home/user/wrk/standard_113/laker/test.lib++/NOR2X8/tmpVw_2)
===================================================================
====================== Possible top cellview ======================
=== mode[s] file(/home/user/wrk/standard_113/laker/test.lib++/NAND4X1/tmpVw_1)
===================================================================
====================== Possible top cellview ======================
=== mode[s] file(/home/user/wrk/standard_113/laker/test.lib++/NAND4X1/tmpVw_2)
===================================================================
====================== Possible top cellview ======================
=== mode[a] file(/home/user/wrk/standard_113/laker/test.lib++/NOR2X8/layout)
===================================================================
====================== Possible top cellview ======================
=== mode[s] file(ClipboardCV1)
===================================================================
=========================================================

