Command Line: /dq3/qa/LEO/PACK/laker201212/platform/LINUX64/bin/laker
uname(Linux spx515 2.6.18-164.el5 #1 SMP Thu Sep 3 03:28:30 EDT 2009 x86_64)
source /dq3/qa/LEO/PACK/laker201212/gift/gift.tcl
lakerLME
lakerLME -purge 1
lakerLME -logicName analogADP -mapPath /dq3/qa/LEO/PACK/laker201212/share/adplib/32/analogADP.lib++
lakerLME -logicName sourceADP -mapPath /dq3/qa/LEO/PACK/laker201212/share/adplib/32/sourceADP.lib++
lakerLME -logicName borderADP -mapPath /dq3/qa/LEO/PACK/laker201212/share/adplib/32/borderADP.lib++
lakerLME -logicName digitalADP -mapPath /dq3/qa/LEO/PACK/laker201212/share/adplib/32/digitalADP.lib++
lakerLME -logicName cpu -mapPath ./cpu.lib++
lakerLME -logicName lab -mapPath ./lab.lib++
lakerLME -logicName PAD -mapPath ./PAD.lib++
lakerLMESave
lakerLMEClose
lakerOpenDesign -lib lab -cell top -mode edit
lakerSetActiveLayer -layerName PWELL -purpose drawing
lakerMaxViewLevel
lakerSingleSel
lakerEditInPlace -descend 1
lakerSingleSel
lakerEditInPlace -descend 1
lakerIncreaseSel
lakerEditInPlace -descend 1
lakerNewCell -lib lab -cell NA2
lakerSetActiveLayer -layerName PWELL -purpose drawing
lakerSingleSel -point (0.541,1.862) -traversedist 0.068
lakerZoomAll
lakerSingleSel -point (1.105,1.373) -traversedist 0.068
lakerCloseDesign
lakerZoomInByArea -point (-15.819,-1.496) (46.325,31.426)
lakerReturnTop
lakerCloseDesign
lakerLME
The library name is incorrect.
The library name is incorrect.
lakerLME -purge 1
lakerLME -logicName analogADP -mapPath /dq3/qa/LEO/PACK/laker201212/share/adplib/32/analogADP.lib++
lakerLME -logicName sourceADP -mapPath /dq3/qa/LEO/PACK/laker201212/share/adplib/32/sourceADP.lib++
lakerLME -logicName borderADP -mapPath /dq3/qa/LEO/PACK/laker201212/share/adplib/32/borderADP.lib++
lakerLME -logicName digitalADP -mapPath /dq3/qa/LEO/PACK/laker201212/share/adplib/32/digitalADP.lib++
lakerLME -logicName cpu -mapPath ./cpu.lib++
lakerLME -logicName lab -mapPath ./lab.lib++
lakerLME -logicName PAD -mapPath ./PAD.lib++
lakerLME -logicName lab1 -mapPath /home1/york_liu/Basic_lab/lab1/lab1.lib++
lakerLMESave
lakerLMEClose
lakerCopyCell -lib lab1 -cell NA2 -toLib lab -toCell NA2 -updateInst newCopied
lakerLME
lakerLME -purge 1
lakerLME -logicName analogADP -mapPath /dq3/qa/LEO/PACK/laker201212/share/adplib/32/analogADP.lib++
lakerLME -logicName sourceADP -mapPath /dq3/qa/LEO/PACK/laker201212/share/adplib/32/sourceADP.lib++
lakerLME -logicName borderADP -mapPath /dq3/qa/LEO/PACK/laker201212/share/adplib/32/borderADP.lib++
lakerLME -logicName digitalADP -mapPath /dq3/qa/LEO/PACK/laker201212/share/adplib/32/digitalADP.lib++
lakerLME -logicName cpu -mapPath ./cpu.lib++
lakerLME -logicName lab -mapPath ./lab.lib++
lakerLME -logicName PAD -mapPath ./PAD.lib++
lakerLMESave
lakerLMEClose
lakerOpenDesign -lib lab -cell top -mode edit
lakerSetActiveLayer -layerName PWELL -purpose drawing
lakerMaxViewLevel
lakerMinViewLevel
lakerCloseDesign
au time 140.916288 2.390636 1.105832 delta 38694912 38694912 total 330498048 330498048
