Command Line: /data1/synopsys/laker/L-2021.03-3/platform/LINUX64/bin/laker
uname(Linux vmxr7aoooo 3.10.0-1160.66.1.el7.x86_64 #1 SMP Wed Apr 27 20:34:34 UTC 2022 x86_64)
source /data1/synopsys/laker/L-2021.03-3/gift/gift.tcl
The color name 'whit' of the 'DT' layer was not defined in default.dsp file.
lakerOpenDesign -lib test -cell INVX3 -mode edit
lakerSetActiveLayer -layerName ref -purpose drawing
lakerCalibreDRC
//  Calibre v2022.1_36.16    Tue Mar 1 14:27:08 PST 2022
//  Calibre Utility Library   v0-10_13-2017-1    Fri Jul 30 08:22:01 PDT 2021
//  Litho Libraries v2022.1_36.16  Tue Mar 1 14:27:08 PST 2022
//
//                   Copyright Siemens 1996-2022
//                       All Rights Reserved.
//   THIS WORK CONTAINS TRADE SECRET AND PROPRIETARY INFORMATION
//      WHICH IS THE PROPERTY OF MENTOR GRAPHICS CORPORATION
//        OR ITS LICENSORS AND IS SUBJECT TO LICENSE TERMS.
//
//  The registered trademark Linux is used pursuant to a sublicense from LMI, the
//  exclusive licensee of Linus Torvalds, owner of the mark on a world-wide basis.
//
//  Mentor Graphics software executing under x86-64 Linux
//
//  Running on 1 CPU 
//
//

New connection accepted, fd = 19

//  calinteractive license acquired.
//  Calibre Interactive authorized.

Received from RVE: [ mgc_rve_export_layout "INVX3" "GDSII" "/home/user/wrk/standard_112/drc/INVX3.calibre.db" ]
Transferring library (test) to GDSII (/home/user/wrk/standard_112/drc/INVX3.calibre.db) ...
	Please wait a moment...
lakerExportStream -file /home/user/wrk/standard_112/laker/ -lib test -topCell {INVX3} -case Preserve -label Preserve -maxVerti 4096 -mergeRefLib 1 -OutAbsCell Off -SmashMCell ExpCont -IoLayerMapMode Map -filterText 0 -filterAllSysLayer {All} -reduceMCell 0 -maxAryColRow 0 -reduceDevice 0 -convertPolyText 0 -pathToPolygon 0 -purposeMap 1 -keepPCell 0 -designIntention 0 -keepLastOpts 1
The Export Stream process has been completed.
Total #Fatal = 0, #Warn = 1
For more information, please check (gdsOut.log) and (gdsOut.err) files.
No illegal shape is filtered since the option "Filter-Illegal-Shapes" is turned off.
Sent to RVE: [ layout_done 1 ]
New connection accepted, fd = 22

//  calinteractive license released.
//  All licenses were released due to inactivity

//  calinteractive license acquired.
//  Licenses were acquired after being released

Calibre process exit.
lakerSingleSel -point (-0.778,0.261) -traversedist 0.022
lakerCloseDesign
au time 8582.271586 210.414667 233.251683 delta 58097664 58097664 total 417562624 417562624
