Command Line: /data1/synopsys/laker/laker_v2023.06-2.aut/platform/LINUX64/bin/laker
uname(Linux leon 3.10.0-1160.105.1.el7.x86_64 #1 SMP Mon Nov 6 06:58:51 EST 2023 x86_64)
source /data1/synopsys/laker/laker_v2023.06-2.aut/gift/gift.tcl
wtAskUser: "The autosave cell view exists. Open the autosave file?", answer:  "Yes"
The color name 'ID_WHITE' of the 'DT' layer was not defined in default.dsp file.
lakerOpenDesign -lib test -cell NOR2X8 -mode readOnly -autosave
lakerSetActiveLayer -layerName ref -purpose drawing
lakerSetActiveLayer -layerName ref -purpose drawing
lakerChgmodeDesign
lakerAreaSel -point (-1.759,-1.71) (6.31,3.054)
lakerSingleSel -point (4.107,-0.655) -traversedist 0.066
lakerSingleSel -point (4.107,-0.655) -traversedist 0.066
lakerSingleSel -point (1.883,-0.999) -traversedist 0.066
lakerAreaSel -point (-1.978,-1.245) (6.585,3.206)
lakerChangeSelMode -mode DevObj
lakerChangeSelMode -mode Vertex
lakerDeleteObj
lakerSingleSel -point (0.856,1.504) -traversedist 0.066
lakerCreateInstance -point (0.18,0.025) -cell INVX1 -lib test -view layout
lakerMaxViewLevel
lakerZoomAll
lakerSetColPat -modCategory DesignSet -use 1
lakerSingleSel -point (-0.871,1.674) -traversedist 0.04
lakerSingleSel
lakerChangeSelMode -mode Object
lakerSmashObj -level 1
lakerChangeSelMode -mode Vertex
lakerAreaSel -point (-0.718,1.497) (-0.475,2.02)
lakerSingleSel -point (-0.368,2.446) -traversedist 0.04
lakerSingleSel -point (-0.529,2.241) -traversedist 0.04
lakerAreaSel -point (-0.441,0.115) (1.835,2.192)
lakerSingleSel -point (1.964,0.182) -traversedist 0.04
lakerSingleSel -point (-0.521,2.51) -traversedist 0.04
lakerSingleSel -point (-0.235,1.617) -traversedist 0.04
lakerAreaSel -point (-0.437,0.735) (1.765,1.332)
lakerSingleSel -point (1.932,1.501) -traversedist 0.04
lakerAreaSel -point (-0.288,0.015) (1.98,1.975)
lakerSingleSel -point (1.864,0.608) -traversedist 0.04
lakerSingleSel -point (-0.991,1.746) -traversedist 0.04
lakerSetColPat -layerName NWELL -vis 0
lakerSetColPat -layerName PIMP -vis 0
lakerSetColPat -layerName NIMP -vis 0
lakerSingleSel -point (-1.84,1.923) -traversedist 0.04
lakerRedraw
lakerSingleSel
lakerStretchObj -refPoint (0.925,1.575) -ignoreNet 0 -offsetPoint (3.39,1.575)
lakerSingleSel -point (0.094,2.16) -traversedist 0.04
lakerZoomOut
lakerZoomOut
lakerZoomIn
lakerZoomIn
lakerZoomIn
lakerPanRight
lakerPanLeft
lakerPanUp
lakerPanDown
lakerSingleSel -point (0.079,1.838) -traversedist 0.02
lakerSingleSel -point (0.075,1.465) -traversedist 0.02
lakerZoomAll
lakerSingleSel
lakerZoomInByArea -point (-0.903,0.423) (2.831,2.183)
lakerSingleSel
lakerSingleSel
lakerChangeSelMode -mode DevObj
lakerChangeSelMode -mode Vertex
lakerDeleteObj
lakerSingleSel
lakerStretchObj -refPoint (0.38,1.37) -ignoreNet 0 -offsetPoint (0.38,1.78)
lakerZoomAll
lakerSingleSel
lakerSingleSel
lakerSingleSel
lakerAlignObj -mode end
lakerDeselectAll
lakerSingleSel
lakerStretchObj -refPoint (3.385,1.62) -ignoreNet 0 -offsetPoint (1.775,1.62)
lakerSingleSel -point (2.545,1.649) -traversedist 0.04
lakerSetActiveLayer -layerName DIFF -purpose drawing
lakerCreateRect -layerName DIFF -point (2.37,1.395) (3.085,1.84)
lakerSingleSel
lakerAttribute -index 1 -point (2.37,1.395) (3.085,1.77)
lakerSingleSel -point (3.027,0.728) -traversedist 0.04
lakerSetActiveLayer -layerName POLY1 -purpose drawing
lakerSingleSel
lakerSingleSel
lakerChangeSelMode -mode DevObj
lakerCopyObj -refPoint (0.595,2.05) -offsetPoint (2.59,2.05)
lakerChangeSelMode -mode Vertex
lakerSingleSel -point (4.298,1.738) -traversedist 0.04
lakerSingleSel -point (1.93,0.125) -traversedist 0.04
lakerSingleSel
lakerAttribute -index 1 -point (2.37,1.395) (3.085,1.72)
lakerSingleSel -point (-0.427,1.436) -traversedist 0.04
lakerSingleSel -point (2.348,0.527) -traversedist 0.04
lakerSingleSel
lakerSingleSel -point (2.107,0.777) -traversedist 0.04
lakerSetColPat -visall 1
lakerSetColPat -selall 1
lakerSetColPat -visall 0
lakerSetColPat -selall 0
lakerSetColPat -layerName METAL1 -purpose dummy -vis 1
lakerSetColPat -layerName METAL1 -purpose dummy -sel 1 -vis 1
lakerSetActiveLayer -layerName METAL1 -purpose dummy
lakerSingleSel -point (-1.135,1.863) -traversedist 0.04
lakerRedraw
lakerSingleSel -point (-0.841,1.396) -traversedist 0.04
lakerSelectObjects -start -point (-0.033,2.156) -traversedist 0.04
X Error: error code: 8. X_SetInputFocus - BadMatch (invalid parameter attributes)
lakerSelectObjects -end
lakerAreaSel -point (-0.258,-0.195) (1.72,2.767)
lakerChangeSelMode -mode DevObj
lakerChangeSelMode -mode Vertex
lakerDeleteObj
lakerSingleSel -point (-1.456,1.159) -traversedist 0.04
lakerSetColPat -visall 1
lakerSetColPat -selall 1
lakerSingleSel -point (-0.495,2.333) -traversedist 0.04
lakerRedraw
lakerSingleSel -point (2.119,2.401) -traversedist 0.04
lakerChangeSelMode -mode Object
lakerSelectObjects -end
lakerCloseDesign
lakerNewCell -lib test -cell try_inv
The color name 'ID_WHITE' of the 'DT' layer was not defined in default.dsp file.
lakerSetActiveLayer -layerName ref -purpose drawing
lakerCreateInstance -point (-0.34,-0.12) -cell INVX1 -lib test -view layout
lakerMaxViewLevel
lakerSetColPat -modCategory DesignSet -use 1
lakerSingleSel -point (2.46,1.704) -traversedist 0.036
lakerSaveDesign -autosave
lakerSingleSel -point (-1.344,1.808) -traversedist 0.036
lakerSingleSel -point (-0.925,1.736) -traversedist 0.036
lakerSingleSel
lakerSingleSel -point (-1.386,1.482) -traversedist 0.036
lakerSetColPat -visall 0
lakerSetColPat -selall 0
lakerSetColPat -layerName METAL1 -purpose dummy -vis 1
lakerSetColPat -layerName METAL1 -purpose dummy -sel 1 -vis 1
lakerSetActiveLayer -layerName METAL1 -purpose dummy
lakerSingleSel -point (-0.936,1.69) -traversedist 0.036
lakerRedraw
lakerSetColPat -visall 1
lakerSetColPat -selall 1
lakerDecreaseSel -point (-0.968,1.829) -traversedist 0.036
lakerRedraw
lakerChangeSelMode -mode Object
lakerSingleSel -point (-1.0,1.475) -traversedist 0.036
lakerSetColPat -visall 0
lakerSetColPat -selall 0
lakerSetColPat -layerName METAL1 -purpose dummy -sel 1 -vis 1
lakerSetActiveLayer -layerName METAL1 -purpose dummy
lakerSingleSel -point (-1.347,1.665) -traversedist 0.036
lakerRedraw
lakerSmashObj -level 1
lakerSelectAll
lakerChangeSelMode -mode Vertex
lakerChangeSelMode -mode DevObj
lakerSingleSel -point (-1.322,1.608) -traversedist 0.036
lakerChangeSelMode -mode Vertex
lakerAreaSel -point (-0.661,-0.6) (0.685,2.576)
lakerChangeSelMode -mode DevObj
lakerChangeSelMode -mode Vertex
lakerDeleteObj
lakerSingleSel -point (0.269,0.878) -traversedist 0.036
lakerSetColPat -visall 1
lakerSetColPat -selall 1
lakerSingleSel -point (-0.689,1.922) -traversedist 0.036
lakerRedraw
lakerZoomAll
lakerSingleSel -point (-1.341,2.169) -traversedist 0.04
lakerChangeSelMode -mode Object
lakerCreateText -layerName METAL1 -purpose dummy -point (0.075,2.455) -justify CenterCenter -height 0.300000 -text {VDD}
lakerChangeSelMode -mode Vertex
lakerSingleSel
lakerAttribute -index 1 -purpose pin
lakerSingleSel -point (-1.602,1.454) -traversedist 0.04
lakerSingleSel
lakerSingleSel
lakerChangeSelMode -mode DevObj
lakerCopyObj -refPoint (0.075,2.53) -offsetPoint (0.075,-0.06)
lakerChangeSelMode -mode Vertex
lakerAttribute -index 1 -purpose pin -text {VSS}
lakerChangeSelMode -mode DevObj
lakerCopyObj -refPoint (-1.565,0.84) -offsetPoint (0.655,0.84)
lakerChangeSelMode -mode Vertex
lakerStretchObj -refPoint (2.28,-0.055) -ignoreNet 0 -offsetPoint (0.93,-0.055)
lakerStretchObj -refPoint (1.12,-0.095) -ignoreNet 0 -offsetPoint (1.12,0.905)
lakerSingleSel
lakerAttribute -index 1 -purpose pin -text {A}
lakerStretchObj -refPoint (0.93,0.965) -ignoreNet 0 -offsetPoint (-0.17,0.965)
lakerChangeSelMode -mode DevObj
lakerCopyObj -refPoint (-0.18,1.02) -offsetPoint (0.155,1.02)
lakerChangeSelMode -mode Vertex
lakerAttribute -index 1 -purpose pin -text {Y}
lakerSingleSel -point (-1.546,0.506) -traversedist 0.04
lakerSingleSel -point (-1.562,0.582) -traversedist 0.04
lakerSaveDesign
lakerSingleSel -point (-1.65,1.277) -traversedist 0.04
lakerSingleSel
lakerSingleSel
lakerZoomInByArea -point (-1.651,0.434) (2.639,2.458)
lakerSingleSel -point (1.931,1.365) -traversedist 0.024
lakerDistance -point (-0.046,1.87) (-0.034,1.22)
lakerChangeSelMode -mode Object
lakerChangeSelMode -mode Vertex
lakerChangeSelMode -mode Object
lakerAreaSel -point (-0.318,1.515) (0.435,1.544)
lakerSingleSel
lakerSingleSel
lakerSingleSel
lakerDeselectAll
lakerSingleSel
lakerChopObj -point (-0.27,1.48) (-0.27,1.51) (-0.25,1.51) (-0.25,1.48)
lakerUndo
lakerSingleSel -point (-1.488,1.939) -traversedist 0.024
lakerSetActiveLayer -layerName NWELL -purpose drawing
lakerSetActiveLayer -layerName NWELL -purpose drawing
lakerSetColPat -layerName NWELL -vis 0
lakerSetColPat -layerName PIMP -vis 0
lakerSetColPat -layerName NIMP -vis 0
lakerSingleSel -point (-0.73,1.915) -traversedist 0.024
lakerRedraw
lakerSingleSel
lakerChopObj -point (-0.35,1.535) (-0.35,1.575) (0.465,1.575) (0.465,1.535)
lakerSingleSel -point (0.758,1.491) -traversedist 0.024
lakerSingleSel
lakerChangeSelMode -mode Vertex
lakerStretchObj -refPoint (-0.25,1.675) -ignoreNet 0 -offsetPoint (0.65,1.675)
lakerChangeSelMode -mode Object
lakerAreaSel -point (0.388,1.31) (0.985,1.322)
lakerSingleSel
lakerChangeSelMode -mode Vertex
lakerStretchObj -refPoint (-0.24,1.355) -ignoreNet 0 -offsetPoint (0.665,1.355)
lakerChangeSelMode -mode Object
lakerUndo
lakerUndo
lakerSingleSel -point (-1.235,1.714) -traversedist 0.024
lakerChangeSelMode -mode Vertex
lakerAreaSel -point (-0.503,1.12) (0.855,1.984)
lakerSingleSel
lakerSingleSel -point (-0.402,1.898) -traversedist 0.024
lakerAreaSel -point (-0.548,1.535) (0.83,2.178)
lakerAlignObj -point (0.069,1.535) -mode start
lakerAlignObj -refObj 1 -refPoint (0.145,1.22) -traversedist 0.012 -space 0.325
lakerDeselectAll
lakerDistance -point (0.163,1.88) (0.172,1.585)
lakerDistance -point (0.165,1.545) (0.165,1.22)
lakerDeselectAll
lakerAreaSel -point (-0.56,1.56) (0.77,2.185)
lakerAlignObj -point (0.067,1.585) -mode start
lakerSaveDesign -autosave
lakerAlignObj -refObj 1 -refPoint (0.05,1.54) -traversedist 0.012 -space 0.15
lakerSingleSel -point (1.144,1.539) -traversedist 0.024
lakerDistance -point (-0.239,1.695) (-0.242,1.545)
lakerAreaSel -point (-0.603,1.95) (0.895,2.24)
lakerAlignObj -point (0.074,1.989) -mode start
lakerAlignObj -refObj 1 -refPoint (-0.055,1.695) -traversedist 0.012 -space 0.325
lakerSingleSel -point (1.215,1.795) -traversedist 0.024
lakerDistance -point (-0.034,2.02) (-0.058,1.695)
lakerClearRuler
lakerAlignObj -point (0.048,2.025) -mode start
lakerAlignObj -refObj 1 -refPoint (0.215,1.685) -traversedist 0.012 -space 0.325
lakerAlignObj -mode end
lakerAlignObj -point (0.067,2.03) -mode start
lakerAlignObj -snapMode anyangle -refObj 1 -refPoint (0.07,1.69) -traversedist 0.012 -space 0.325
lakerAlignObj -mode end
lakerAlignObj -point (0.062,2.018) -mode start
lakerAlignObj -mode end
lakerAlignObj -point (0.06,2.023) -mode start
lakerAlignObj -mode end
lakerAlignObj -point (0.057,2.018) -mode start
lakerAlignObj -snapMode anyangle -refObj 1 -refPoint (0.07,1.225) -traversedist 0.012 -space 0.325
lakerAlignObj -mode end
lakerUndo
lakerSingleSel -point (1.244,1.903) -traversedist 0.024
lakerDistance -point (-0.014,2.02) (-0.031,1.695)
lakerChangeSelMode -mode Object
lakerZoomInByArea -point (-0.421,1.122) (0.627,1.616)
lakerZoomAll
lakerAreaSel -point (-0.53,1.255) (0.79,1.466)
lakerZoomInByArea -point (-0.67,0.83) (1.206,1.716)
lakerAlignObj -point (-0.124,1.28) -mode start
lakerAlignObj -refObj 1 -refPoint (-0.13,1.22) -traversedist 0.005
lakerSingleSel -point (-0.407,1.339) -traversedist 0.01
lakerAreaSel -point (-0.305,1.135) (0.72,1.366)
lakerAlignObj -mode end
lakerAlignObj -point (-0.137,1.338) -mode start
lakerAlignObj -refObj 1 -refPoint (-0.15,1.545) -traversedist 0.005 -space 0.1
lakerSingleSel -point (0.574,1.389) -traversedist 0.01
lakerSaveDesign -autosave
lakerDistance -point (-0.131,1.545) (-0.148,1.445)
lakerDistance -point (-0.133,1.325) (-0.142,1.22)
lakerZoomAll
lakerZoomInByArea -point (-0.962,1.112) (1.564,2.304)
lakerAreaSel -point (-0.351,1.735) (0.62,1.957)
lakerSingleSel -point (0.538,1.784) -traversedist 0.014
lakerAreaSel -point (-0.415,1.77) (0.59,1.99)
lakerAlignObj -point (-0.143,1.935) -mode start
lakerAlignObj -refObj 1 -refPoint (-0.145,2.02) -traversedist 0.007 -space 0.1
lakerSingleSel -point (0.678,1.85) -traversedist 0.014
lakerSaveDesign
lakerSingleSel -point (0.588,1.752) -traversedist 0.014
lakerZoomAll
lakerSingleSel
lakerIncreaseSel
lakerIncreaseSel
lakerIncreaseSel -point (-0.59,1.645) (0.775,2.165)
lakerSingleSel -point (0.848,1.51) -traversedist 0.04
lakerSingleSel
lakerIncreaseSel
lakerIncreaseSel
lakerChopObj -point (-0.41,1.58) (-0.41,1.635) (0.81,1.635) (0.81,1.58)
lakerSingleSel -point (0.932,1.554) -traversedist 0.04
lakerZoomAll
lakerSingleSel -point (1.065,1.578) -traversedist 0.04
lakerAreaSel -point (-0.57,1.62) (1.43,2.378)
lakerSingleSel -point (1.266,1.406) -traversedist 0.04
lakerClearRuler
lakerAreaSel -point (-0.534,1.61) (0.94,2.382)
lakerChangeSelMode -mode DevObj
lakerMoveObj -ignoreNet 0 -refPoint (0.095,1.825) -offsetPoint (-0.875,1.825)
lakerChangeSelMode -mode Object
lakerSingleSel -point (1.897,1.506) -traversedist 0.04
lakerAreaSel -point (-1.739,1.55) (-0.41,2.615)
lakerChangeSelMode -mode DevObj
lakerMoveObj -ignoreNet 0 -refPoint (-0.805,1.845) -offsetPoint (1.425,1.845)
lakerChangeSelMode -mode Object
lakerSingleSel -point (1.37,0.655) -traversedist 0.04
lakerZoomInByArea -point (-2.115,0.755) (2.251,2.815)
lakerChangeSelMode -mode Vertex
lakerSingleSel
lakerStretchObj -refPoint (-0.155,1.58) -ignoreNet 0 -offsetPoint (-0.155,2.33)
lakerSetActiveLayer -layerName DIFF -purpose drawing
lakerSetActiveLayer -layerName DIFF -purpose drawing
lakerSingleSel -point (-0.6,1.912) -traversedist 0.024
lakerChangeSelMode -mode Object
lakerZoomInByArea -point (-0.659,1.246) (0.753,1.912)
lakerZoomAll
lakerZoomInByArea -point (-1.586,1.084) (1.868,2.714)
lakerSingleSel
lakerChangeSelMode -mode Vertex
lakerSingleSel
lakerAlignObj -point (0.063,1.577) -mode start
lakerAlignObj -refObj 1 -refPoint (0.14,1.545) -traversedist 0.01 -space 0.18
lakerSingleSel -point (0.874,1.338) -traversedist 0.019
lakerSingleSel
lakerSingleSel
lakerSaveDesign -autosave
lakerAlignObj -point (0.288,1.575) -mode start
lakerAlignObj -refObj 1 -refPoint (0.275,1.545) -traversedist 0.01
lakerSingleSel -point (0.681,1.483) -traversedist 0.019
lakerSaveDesign
lakerDeselectAll
lakerAreaSel -point (0.953,1.435) (1.77,2.429)
lakerRotate90 -refPoint (1.325,1.97)
lakerRotate90 -refPoint (1.32,1.97)
lakerRotate90 -refPoint (1.32,1.97)
lakerRotate90 -refPoint (1.315,1.97)
lakerMirrorY -refPoint (1.315,1.97)
lakerSingleSel
lakerAreaSel -point (0.828,1.5) (1.74,2.379)
lakerChangeSelMode -mode Object
lakerAlignObj -point (1.315,1.701) -mode start
lakerAlignObj -refObj 1 -refPoint (0.055,1.225) -traversedist 0.01
lakerSingleSel -point (0.633,1.903) -traversedist 0.019
lakerZoomAll
lakerZoomInByArea -point (-0.858,0.608) (2.632,2.254)
lakerDistance -point (1.104,1.325) (1.133,1.22)
lakerDeselectAll
lakerAreaSel -point (0.855,0.98) (1.98,1.966)
lakerChangeSelMode -mode DevObj
lakerZoomInByArea -point (-0.442,0.937) (1.368,1.791)
lakerZoomInByArea -point (-0.147,1.115) (0.967,1.641)
lakerSaveDesign -autosave
lakerBackwardView
lakerZoomOut
lakerZoomInByArea -point (-0.253,1.136) (0.769,1.618)
lakerMoveObj -ignoreNet 0 -refPoint (1.005,1.39) -offsetPoint (0.175,1.39)
lakerChangeSelMode -mode Object
lakerZoomInByArea -point (-0.181,1.168) (0.731,1.598)
lakerZoomAll
lakerZoomInByArea -point (-0.677,0.775) (1.883,1.983)
lakerSingleSel
lakerChangeSelMode -mode DevObj
lakerChangeSelMode -mode Object
lakerChangeSelMode -mode Vertex
lakerChangeSelMode -mode Object
lakerDeselectAll
lakerChangeSelMode -mode Vertex
lakerSingleSel
lakerChangeSelMode -mode Object
lakerAlignObj -point (0.121,1.036) -mode start
lakerAlignObj -refObj 1 -refPoint (0.54,1.2) -traversedist 0.007
lakerAlignObj -mode end
lakerUndo
lakerZoomInByArea -point (-0.42,1.055) (1.256,1.845)
lakerClearRuler
lakerDistance -point (0.287,1.22) (0.286,1.325)
lakerZoomAll
lakerZoomInByArea -point (-0.523,0.522) (2.609,2.0)
lakerUndo
lakerSingleSel -point (0.883,1.273) -traversedist 0.017
lakerSingleSel -point (0.794,1.797) -traversedist 0.017
lakerAreaSel -point (0.759,0.83) (2.055,1.956)
lakerAlignObj -point (1.046,1.35) -mode start
lakerAlignObj -refObj 1 -refPoint (0.21,1.375) -traversedist 0.009
lakerSingleSel -point (1.194,1.179) -traversedist 0.017
lakerSingleSel -point (1.252,1.004) -traversedist 0.017
lakerSingleSel
lakerSingleSel
lakerSelInsideGroup -selInside 0
lakerSingleSel
lakerSelInsideGroup -selInside 1
lakerSelInsideGroup -selInside 0
lakerSingleSel -point (1.322,1.184) -traversedist 0.017
lakerSingleSel -point (1.115,1.502) -traversedist 0.017
lakerZoomInByArea -point (0.111,1.4) (0.291,1.484)
The zoom-in area is re-adjusted to minimum size that can be displayed.
The displayed area is: (0.111,1.4) (0.291,1.484).
lakerZoomAll
lakerSingleSel -point (-1.405,1.586) -traversedist 0.04
lakerZoomInByArea -point (-0.942,0.659) (2.276,2.177)
lakerSingleSel -point (-0.675,1.662) -traversedist 0.018
lakerDeselectAll
lakerAreaSel -point (0.167,1.295) (0.385,1.486)
lakerMergeObj
lakerSelInsideGroup -selInside 1
lakerSingleSel -point (0.253,1.716) -traversedist 0.018
lakerAreaSel -point (0.19,1.125) (0.39,1.639)
lakerSelInsideGroup -selInside 0
lakerMergeObj
lakerSelInsideGroup -selInside 1
lakerSingleSel -point (0.445,1.079) -traversedist 0.018
lakerSingleSel
lakerSingleSel
lakerSingleSel
lakerSingleSel
lakerSingleSel -point (0.275,1.793) -traversedist 0.018
lakerZoomInByArea -point (-0.52,0.704) (1.324,1.574)
lakerChangeSelMode -mode Vertex
lakerSingleSel
lakerChangeSelMode -mode Object
lakerAlignObj -mode end
lakerChangeSelMode -mode Vertex
lakerSingleSel
lakerChangeSelMode -mode Object
lakerAlignObj -mode end
lakerChangeSelMode -mode Vertex
lakerSingleSel -point (0.115,1.042) -traversedist 0.01
lakerChangeSelMode -mode Object
lakerAlignObj -point (0.116,0.974) -mode start
lakerAlignObj -mode end
lakerChangeSelMode -mode Vertex
lakerAlignObj -mode end
lakerChangeSelMode -mode Object
lakerChangeSelMode -mode Vertex
lakerSingleSel
lakerChangeSelMode -mode Object
lakerAlignObj -point (0.114,0.974) -mode start
lakerAlignObj -mode end
lakerChangeSelMode -mode Vertex
lakerAlignObj -point (0.121,1.044) -mode start
lakerAlignObj -mode end
lakerChangeSelMode -mode Object
lakerAlignObj -point (0.117,1.042) -mode start
lakerAlignObj -mode end
lakerChangeSelMode -mode Vertex
lakerSingleSel
lakerChangeSelMode -mode Object
lakerAlignObj -point (0.119,1.041) -mode start
lakerAlignObj -mode end
lakerAlignObj -mode end
lakerChangeSelMode -mode Vertex
lakerChangeSelMode -mode Object
lakerDeselectAll
lakerAlignObj -mode end
lakerDeselectAll
lakerAlignObj -point (0.117,1.056) -mode start
lakerAlignObj -mode end
lakerAreaSel -point (0.102,0.83) (0.135,1.107)
lakerSingleSel -point (0.712,0.931) -traversedist 0.01
lakerSaveDesign -autosave
lakerSingleSel
lakerChangeSelMode -mode Vertex
lakerChangeSelMode -mode Object
lakerSingleSel -point (0.737,0.913) -traversedist 0.01
lakerSingleSel
lakerSingleSel -point (0.171,1.093) -traversedist 0.01
lakerChangeSelMode -mode Vertex
lakerSingleSel
lakerAlignObj -point (0.535,1.181) -mode start
lakerAlignObj -mode end
lakerAlignObj -point (0.114,1.047) -mode start
lakerAlignObj -refObj 1 -refPoint (0.535,1.18) -traversedist 0.005
lakerAlignObj -point (0.48,1.154) -mode start
lakerAlignObj -refObj 1 -refPoint (0.49,1.08) -traversedist 0.005
lakerSingleSel -point (0.682,1.027) -traversedist 0.01
lakerSingleSel -point (0.775,0.98) -traversedist 0.01
lakerUndo
lakerAlignObj -point (0.49,1.159) -mode start
lakerAlignObj -refObj 1 -refPoint (0.5,0.88) -traversedist 0.005
lakerSingleSel -point (0.784,0.924) -traversedist 0.01
lakerSaveDesign
lakerZoomAll
lakerSingleSel
lakerStretchObj -refPoint (0.7,1.82) -ignoreNet 0 -offsetPoint (0.7,2.35)
lakerSingleSel -point (1.334,1.94) -traversedist 0.04
lakerAreaSel -point (0.467,2.17) (0.555,2.763)
lakerAlignObj -point (0.535,2.49) -mode start
lakerAlignObj -refObj 1 -refPoint (0.825,1.335) -traversedist 0.02
lakerZoomInByArea -point (-1.699,0.952) (2.447,2.908)
lakerAlignObj -mode end
lakerUndo
lakerIncreaseSel -point (0.5,2.739) -traversedist 0.023
lakerSingleSel -point (1.145,2.321) -traversedist 0.023
lakerSetColPat -layerName NWELL -sel 1 -vis 1
lakerSetActiveLayer -layerName NWELL -purpose drawing
lakerSetColPat -visall 1
lakerSetColPat -selall 1
lakerSingleSel -point (-1.348,2.272) -traversedist 0.023
lakerRedraw
lakerIncreaseSel -point (0.445,2.27) (1.095,2.862)
lakerSingleSel -point (1.106,2.279) -traversedist 0.023
lakerSingleSel -point (1.161,2.043) -traversedist 0.023
lakerUndo
lakerIncreaseSel -point (0.484,2.205) (0.69,2.723)
lakerSingleSel -point (1.411,2.235) -traversedist 0.023
lakerIncreaseSel -point (0.495,2.245) (0.945,2.853)
lakerSingleSel -point (0.946,2.244) -traversedist 0.023
lakerAreaSel -point (0.482,2.205) (0.955,2.834)
lakerSingleSel -point (0.953,2.207) -traversedist 0.023
lakerIncreaseSel -point (0.485,2.23) (1.004,2.834)
lakerSingleSel -point (1.217,2.053) -traversedist 0.023
lakerIncreaseSel -point (0.47,2.235) (1.025,2.834)
lakerZoomAll
lakerIncreaseSel -point (0.57,0.845) (1.009,1.084)
lakerIncreaseSel -point (0.725,1.025) (0.949,1.153)
lakerIncreaseSel -point (0.5,-0.386) (0.844,0.275)
lakerStretchObj -refPoint (0.665,2.07) -ignoreNet 0 -offsetPoint (2.31,2.07)
lakerSingleSel -point (3.198,1.281) -traversedist 0.04
lakerDeselectAll
lakerSaveDesign
lakerDeselectAll
lakerSingleSel
lakerSingleSel
lakerDistance -point (-0.265,1.386) (-0.255,2.494)
lakerDistance -point (-0.34,2.502) (-0.255,2.498)
lakerZoomInByArea -point (-1.599,0.98) (2.203,2.774)
lakerZoomInByArea -point (-0.747,2.074) (0.517,2.67)
lakerZoomAll
lakerZoomInByArea -point (-1.893,0.494) (3.007,2.806)
lakerZoomInByArea -point (-1.162,1.369) (1.674,2.707)
lakerZoomAll
lakerClearRuler
lakerZoomInByArea -point (-2.028,0.438) (2.728,2.682)
lakerDistance -point (-0.34,2.464) (-0.265,1.337)
lakerClearRuler
lakerDistance -point (-0.265,1.358) (-0.265,1.358)
lakerDistance -point (-0.265,1.374) (-0.34,2.515)
lakerDistance -point (-0.34,2.48) (-0.265,1.401)
lakerZoomAll
lakerDeselectAll
lakerAlignObj -mode end
lakerDeselectAll
lakerAreaSel -point (1.955,-0.4) (3.085,2.888)
lakerAlignObj -point (2.184,2.474) -mode start
lakerAlignObj -refObj 1 -refPoint (0.825,1.34) -traversedist 0.02 -space 0.075
lakerSingleSel -point (2.032,1.108) -traversedist 0.04
lakerUndo
lakerSingleSel -point (3.277,1.956) -traversedist 0.04
lakerAreaSel -point (2.068,-0.395) (2.845,2.876)
lakerDeselectAll
lakerAreaSel -point (2.044,-0.48) (2.905,2.852)
lakerAlignObj -mode end
lakerSingleSel -point (2.831,2.185) -traversedist 0.04
lakerDeselectAll
lakerAreaSel -point (2.072,-0.535) (2.765,2.86)
lakerAlignObj -point (2.176,2.506) -mode start
lakerAlignObj -refObj 1 -refPoint (0.82,1.315) -traversedist 0.02 -space 0.075
lakerDistance -point (0.815,1.345) (0.89,2.462)
lakerDeselectAll
lakerSingleSel
lakerStretchObj -refPoint (0.655,1.845) -ignoreNet 0 -offsetPoint (0.655,2.325)
lakerSingleSel -point (1.875,2.024) -traversedist 0.04
lakerZoomInByArea -point (-0.856,0.561) (2.172,1.989)
lakerSingleSel
lakerSingleSel
lakerAlignObj -point (0.691,1.221) -mode start
lakerAlignObj -mode end
lakerSingleSel
lakerSingleSel
lakerSingleSel -point (1.513,1.194) -traversedist 0.017
lakerSingleSel
lakerAlignObj -point (0.693,1.164) -mode start
lakerAlignObj -refObj 1 -refPoint (0.69,1.22) -traversedist 0.008
lakerSingleSel -point (1.382,1.218) -traversedist 0.017
lakerSaveDesign
lakerSingleSel -point (1.37,1.255) -traversedist 0.017
lakerZoomAll
lakerSingleSel -point (2.354,1.004) -traversedist 0.04
lakerClearRuler
lakerAreaSel -point (0.948,0.92) (1.475,2.86)
lakerSingleSel -point (1.474,0.92) -traversedist 0.04
lakerAreaSel -point (0.916,-0.405) (1.86,2.884)
lakerAreaSel -point (0.908,-0.355) (1.715,2.856)
lakerSingleSel -point (1.936,1.04) -traversedist 0.04
lakerSingleSel -point (1.944,1.161) -traversedist 0.04
lakerSingleSel -point (1.466,1.723) -traversedist 0.04
lakerSingleSel -point (1.896,1.699) -traversedist 0.04
lakerAreaSel -point (0.948,-0.335) (1.58,2.868)
lakerStretchObj -refPoint (0.99,1.665) -ignoreNet 0 -offsetPoint (1.92,1.665)
lakerSingleSel -point (2.94,0.908) -traversedist 0.04
lakerAreaSel -point (1.599,-0.365) (2.61,2.892)
lakerAlignObj -point (1.936,2.486) -mode start
lakerAlignObj -refObj 1 -refPoint (0.825,1.31) -traversedist 0.02
lakerUndo
lakerAlignObj -point (1.948,2.49) -mode start
lakerSaveDesign -autosave
lakerAlignObj -mode end
lakerAlignObj -point (1.928,2.474) -mode start
lakerAlignObj -refObj 1 -refPoint (0.82,1.32) -traversedist 0.02 -space 0.075
lakerUndo
lakerSingleSel -point (2.864,1.382) -traversedist 0.04
lakerAreaSel -point (1.799,-0.475) (2.46,2.916)
lakerSetActiveLayer -layerName NWELL -purpose drawing
lakerSetActiveLayer -layerName NWELL -purpose drawing
lakerSetColPat -layerNo 7 -purpose system -layerName Selector -outlineColor magenta -fillColor magenta -stipple blank -style line_solid -width 1
lakerAlignObj -mode end
lakerDeselectAll
lakerAreaSel -point (1.767,-0.38) (2.43,2.868)
lakerAlignObj -point (1.94,2.41) -mode start
lakerAlignObj -mode end
lakerAlignObj -point (1.944,2.474) -mode start
lakerAlignObj -refObj 1 -refPoint (0.825,1.46) -traversedist 0.02 -space 0.075
lakerUndo
lakerUndo
lakerSingleSel -point (2.093,1.602) -traversedist 0.04
lakerCycleSel -point (0.586,1.474) -traversedist 0.04
lakerSingleSel
lakerAlignObj -point (0.831,1.374) -mode start
lakerAlignObj -mode end
lakerDistance -point (0.815,1.349) (0.89,2.494)
lakerDeselectAll
lakerSingleSel -point (2.064,1.647) -traversedist 0.04
lakerSingleSel -point (2.06,1.655) -traversedist 0.04
lakerAreaSel -point (0.787,0.065) (1.63,2.868)
lakerSingleSel -point (1.663,0.096) -traversedist 0.04
lakerAreaSel -point (0.859,-0.375) (1.385,2.856)
lakerDistance -point (-0.016,1.545) (-0.024,1.22)
lakerZoomInByArea -point (-0.745,0.084) (1.009,0.912)
lakerZoomAll
lakerZoomInByArea -point (-0.933,0.418) (2.141,1.868)
lakerZoomAll
lakerCreateInstance -point (-2.38,0.035) -cell INVX1 -lib test -view layout
lakerZoomInByArea -point (-3.109,1.016) (-0.257,2.362)
lakerDistance -point (-1.956,2.025) (-1.991,1.375)
lakerSaveDesign -autosave
lakerZoomAll
lakerZoomInByArea -point (-0.29,0.858) (1.748,1.82)
lakerZoomAll
lakerZoomInByArea -point (-1.095,0.601) (2.237,2.173)
lakerSetActiveLayer -layerName DIFF -purpose drawing
lakerCreateRect -layerName DIFF -point (0.79,1.22) (1.09,1.43)
lakerSingleSel
lakerChangeSelMode -mode DevObj
lakerCopyObj -refPoint (0.455,1.625) -offsetPoint (0.885,1.625)
lakerChangeSelMode -mode Vertex
lakerSingleSel -point (2.233,1.249) -traversedist 0.019
lakerSingleSel -point (1.546,1.497) -traversedist 0.019
lakerUndo
lakerUndo
lakerUndo
lakerZoomAll
lakerAreaSel -point (0.888,1.745) (1.085,2.864)
lakerSingleSel -point (2.149,1.611) -traversedist 0.04
lakerAreaSel -point (0.783,-0.34) (1.715,2.84)
lakerStretchObj -refPoint (1.195,1.93) -ignoreNet 0 -offsetPoint (2.64,1.93)
lakerSingleSel -point (2.884,1.506) -traversedist 0.04
lakerUndo
lakerSingleSel -point (2.434,1.406) -traversedist 0.04
lakerAreaSel -point (0.968,-0.375) (1.465,2.832)
lakerStretchObj -refPoint (1.2,2.035) -ignoreNet 0 -offsetPoint (2.86,2.035)
lakerSingleSel -point (3.109,1.225) -traversedist 0.04
lakerAreaSel -point (2.502,-0.375) (3.085,2.848)
lakerSaveDesign -autosave
lakerAlignObj -point (2.663,2.486) -mode start
lakerAlignObj -refObj 1 -refPoint (0.825,1.45) -traversedist 0.02 -space 0.075
lakerUndo
lakerSingleSel -point (-0.844,1.743) -traversedist 0.04
lakerSingleSel -point (-1.012,1.892) -traversedist 0.04
lakerAreaSel -point (2.571,-0.34) (3.1,2.872)
lakerAlignObj -point (2.679,1.426) -mode start
lakerAlignObj -mode end
lakerAlignObj -mode end
lakerAlignObj -point (2.683,1.522) -mode start
lakerAlignObj -refObj 1 -refPoint (0.9,2.585) -traversedist 0.02 -space 0.075
lakerSingleSel -point (2.534,1.558) -traversedist 0.04
lakerSingleSel
lakerSingleSel -point (1.751,1.807) -traversedist 0.04
lakerDistance -point (0.815,1.454) (0.965,1.47)
lakerDistance -point (-0.46,1.41) (-0.265,1.398)
lakerDistance -point (-0.265,1.474) (-0.64,1.522)
lakerUndo
lakerUndo
lakerSingleSel -point (2.177,1.659) -traversedist 0.04
lakerSingleSel -point (1.582,1.514) -traversedist 0.04
lakerClearRuler
lakerDistance -point (0.815,1.374) (1.01,1.382)
lakerDistance -point (0.815,1.293) (0.89,2.466)
lakerCreatePath -layerName DIFF -point (-2.44,2.455) (-2.44,0.285) -width 0.120000 0.000000 -routeStatus fixed
lakerUndo
lakerSetActiveLayer -layerName METAL1 -purpose drawing
lakerSingleSel -point (-2.647,2.366) -traversedist 0.04
lakerAreaSel -point (-2.565,0.715) (-2.37,2.51)
lakerCreatePath -layerName METAL1 -point (-2.555,2.37) (-2.555,0.315) (-1.37,0.315) -width 0.120000 0.000000 -routeStatus fixed
lakerSaveDesign -autosave
lakerSaveDesign -autosave
lakerSaveDesign -autosave
lakerSaveDesign -autosave
lakerSaveDesign -autosave
lakerSaveDesign -autosave
lakerSaveDesign -autosave
lakerSaveDesign -autosave
lakerSaveDesign -autosave
lakerSaveDesign -autosave
lakerUndo
lakerSingleSel -point (2.446,1.422) -traversedist 0.04
lakerSetColPat -layerName METAL1 -vis 0
lakerSetColPat -layerName PIMP -vis 0
lakerSetColPat -layerName NIMP -vis 0
lakerSetColPat -layerName NWELL -vis 0
lakerSingleSel -point (-1.784,2.277) -traversedist 0.04
lakerRedraw
lakerSetColPat -layerName PIMP -vis 1
lakerSetColPat -layerName PIMP -sel 1 -vis 1
lakerSetActiveLayer -layerName PIMP -purpose drawing
lakerSetColPat -layerName NIMP -sel 1 -vis 1
lakerSetActiveLayer -layerName NIMP -purpose drawing
lakerSetColPat -layerName NWELL -sel 1 -vis 1
lakerSetActiveLayer -layerName NWELL -purpose drawing
lakerSetColPat -layerName METAL1 -sel 1 -vis 1
lakerSetActiveLayer -layerName METAL1 -purpose drawing
lakerSingleSel -point (-1.249,1.747) -traversedist 0.04
lakerRedraw
lakerSingleSel
lakerSingleSel -point (-1.763,0.414) -traversedist 0.04
lakerZoomInByArea -point (0.546,0.73) (1.952,1.394)
lakerZoomAll
lakerZoomInByArea -point (-0.872,0.339) (3.342,2.327)
lakerSingleSel
lakerZoomAll
lakerZoomAll
lakerZoomInByArea -point (0.301,2.129) (1.619,2.751)
lakerZoomAll
lakerDeselectAll
lakerAreaSel -point (0.843,2.18) (0.915,2.727)
lakerSingleSel
lakerStretchObj -refPoint (-0.39,2.74) -ignoreNet 0 -offsetPoint (0.385,2.74)
lakerUndo
lakerSingleSel -point (-1.089,2.671) -traversedist 0.04
lakerSetColPat -layerName NWELL -vis 0
lakerRedraw
lakerAreaSel -point (-0.374,2.235) (0.945,2.743)
lakerSingleSel -point (1.723,2.583) -traversedist 0.04
lakerAreaSel -point (0.803,2.205) (0.93,2.807)
lakerChangeSelMode -mode Object
lakerSelInsideGroup -selInside 0
lakerSingleSel
lakerBoolean -op {SIZE 0.005 0.005 0.005 0.1} -snap 0 -convert 1
lakerSingleSel -point (1.59,2.177) -traversedist 0.04
lakerChangeSelMode -mode Vertex
lakerSelInsideGroup -selInside 1
lakerUndo
lakerSingleSel -point (1.402,1.647) -traversedist 0.04
lakerSingleSel -point (-2.326,1.763) -traversedist 0.04
lakerCreateInstance -point (-2.26,-0.045) -cell INVX1 -lib test -view layout
lakerSingleSel
lakerStretchObj -refPoint (-1.45,1.71) -ignoreNet 0 -offsetPoint (-1.45,1.54)
lakerStretchObj -refPoint (-1.675,1.65) -ignoreNet 0 -offsetPoint (-1.675,1.685)
lakerSingleSel -point (-0.779,1.506) -traversedist 0.04
lakerSaveDesign -autosave
lakerSaveDesign -autosave
lakerSaveDesign -autosave
lakerSaveDesign -autosave
lakerSaveDesign -autosave
lakerSaveDesign -autosave
lakerSaveDesign -autosave
lakerSaveDesign -autosave
lakerSaveDesign -autosave
lakerSingleSel -point (2.121,1.398) -traversedist 0.04
lakerSingleSel -point (2.085,1.43) -traversedist 0.04
X Error: error code: 3. X_GetProperty - BadWindow (invalid Window parameter)
X Error: error code: 3. X_GetProperty - BadWindow (invalid Window parameter)
X Error: error code: 3. X_GetProperty - BadWindow (invalid Window parameter)
X Error: error code: 3. X_GetProperty - BadWindow (invalid Window parameter)
X Error: error code: 3. X_GetProperty - BadWindow (invalid Window parameter)
X Error: error code: 3. X_GetProperty - BadWindow (invalid Window parameter)
X Error: error code: 3. X_GetProperty - BadWindow (invalid Window parameter)
X Error: error code: 3. X_GetProperty - BadWindow (invalid Window parameter)
X Error: error code: 3. X_GetProperty - BadWindow (invalid Window parameter)
X Error: error code: 3. X_GetProperty - BadWindow (invalid Window parameter)
X Error: error code: 3. X_GetProperty - BadWindow (invalid Window parameter)
X Error: error code: 3. X_GetProperty - BadWindow (invalid Window parameter)
X Error: error code: 3. X_GetProperty - BadWindow (invalid Window parameter)
X Error: error code: 3. X_GetProperty - BadWindow (invalid Window parameter)
X Error: error code: 3. X_GetProperty - BadWindow (invalid Window parameter)
X Error: error code: 3. X_GetProperty - BadWindow (invalid Window parameter)
X Error: error code: 3. X_GetProperty - BadWindow (invalid Window parameter)
X Error: error code: 3. X_GetProperty - BadWindow (invalid Window parameter)
X Error: error code: 3. X_GetProperty - BadWindow (invalid Window parameter)
X Error: error code: 3. X_GetProperty - BadWindow (invalid Window parameter)
X Error: error code: 3. X_GetProperty - BadWindow (invalid Window parameter)
X Error: error code: 3. X_GetProperty - BadWindow (invalid Window parameter)
X Error: error code: 3. X_GetProperty - BadWindow (invalid Window parameter)
X Error: error code: 3. X_GetProperty - BadWindow (invalid Window parameter)
X Error: error code: 3. X_GetProperty - BadWindow (invalid Window parameter)
X Error: error code: 3. X_GetProperty - BadWindow (invalid Window parameter)
X Error: error code: 3. X_GetProperty - BadWindow (invalid Window parameter)
X Error: error code: 3. X_GetProperty - BadWindow (invalid Window parameter)
X Error: error code: 3. X_GetProperty - BadWindow (invalid Window parameter)
X Error: error code: 3. X_GetProperty - BadWindow (invalid Window parameter)
X Error: error code: 3. X_GetProperty - BadWindow (invalid Window parameter)
X Error: error code: 3. X_GetProperty - BadWindow (invalid Window parameter)
X Error: error code: 3. X_GetProperty - BadWindow (invalid Window parameter)
X Error: error code: 3. X_GetProperty - BadWindow (invalid Window parameter)
lakerSaveDesign -autosave
lakerSaveDesign -autosave
X Error: error code: 3. X_GetProperty - BadWindow (invalid Window parameter)
X Error: error code: 3. X_GetProperty - BadWindow (invalid Window parameter)
X Error: error code: 3. X_GetProperty - BadWindow (invalid Window parameter)
X Error: error code: 3. X_GetProperty - BadWindow (invalid Window parameter)
X Error: error code: 3. X_GetProperty - BadWindow (invalid Window parameter)
X Error: error code: 3. X_GetProperty - BadWindow (invalid Window parameter)
X Error: error code: 3. X_GetProperty - BadWindow (invalid Window parameter)
X Error: error code: 3. X_GetProperty - BadWindow (invalid Window parameter)
X Error: error code: 3. X_GetProperty - BadWindow (invalid Window parameter)
X Error: error code: 3. X_GetProperty - BadWindow (invalid Window parameter)
X Error: error code: 3. X_GetProperty - BadWindow (invalid Window parameter)
X Error: error code: 3. X_GetProperty - BadWindow (invalid Window parameter)
X Error: error code: 3. X_GetProperty - BadWindow (invalid Window parameter)
X Error: error code: 3. X_GetProperty - BadWindow (invalid Window parameter)
X Error: error code: 3. X_GetProperty - BadWindow (invalid Window parameter)
X Error: error code: 3. X_GetProperty - BadWindow (invalid Window parameter)
X Error: error code: 3. X_GetProperty - BadWindow (invalid Window parameter)
X Error: error code: 3. X_GetProperty - BadWindow (invalid Window parameter)
X Error: error code: 3. X_GetProperty - BadWindow (invalid Window parameter)
X Error: error code: 3. X_GetProperty - BadWindow (invalid Window parameter)
X Error: error code: 3. X_GetProperty - BadWindow (invalid Window parameter)
X Error: error code: 3. X_GetProperty - BadWindow (invalid Window parameter)
X Error: error code: 3. X_GetProperty - BadWindow (invalid Window parameter)
X Error: error code: 3. X_GetProperty - BadWindow (invalid Window parameter)
X Error: error code: 3. X_GetProperty - BadWindow (invalid Window parameter)
X Error: error code: 3. X_GetProperty - BadWindow (invalid Window parameter)
X Error: error code: 3. X_GetProperty - BadWindow (invalid Window parameter)
X Error: error code: 3. X_GetProperty - BadWindow (invalid Window parameter)
X Error: error code: 3. X_GetProperty - BadWindow (invalid Window parameter)
X Error: error code: 3. X_GetProperty - BadWindow (invalid Window parameter)
X Error: error code: 3. X_GetProperty - BadWindow (invalid Window parameter)
X Error: error code: 3. X_GetProperty - BadWindow (invalid Window parameter)
X Error: error code: 3. X_GetProperty - BadWindow (invalid Window parameter)
X Error: error code: 3. X_GetProperty - BadWindow (invalid Window parameter)
X Error: error code: 3. X_GetProperty - BadWindow (invalid Window parameter)
X Error: error code: 3. X_GetProperty - BadWindow (invalid Window parameter)
X Error: error code: 3. X_GetProperty - BadWindow (invalid Window parameter)
X Error: error code: 3. X_GetProperty - BadWindow (invalid Window parameter)
X Error: error code: 3. X_GetProperty - BadWindow (invalid Window parameter)
X Error: error code: 3. X_GetProperty - BadWindow (invalid Window parameter)
X Error: error code: 3. X_GetProperty - BadWindow (invalid Window parameter)
X Error: error code: 3. X_GetProperty - BadWindow (invalid Window parameter)
X Error: error code: 3. X_GetProperty - BadWindow (invalid Window parameter)
X Error: error code: 3. X_GetProperty - BadWindow (invalid Window parameter)
X Error: error code: 3. X_GetProperty - BadWindow (invalid Window parameter)
X Error: error code: 3. X_GetProperty - BadWindow (invalid Window parameter)
lakerSaveDesign -autosave
lakerSaveDesign -autosave
lakerNewCell -lib test -cell DFFQX1
lakerSetActiveLayer -layerName DIFF -purpose drawing
lakerSaveDesign -autosave
lakerViewLevelDec
lakerZoomAll
lakerSingleSel -point (-0.711,1.758) -traversedist 0.036
lakerSetActiveLayer -layerName DIFF -purpose drawing
lakerCreateRect -layerName DIFF -point (-0.8,0.905) (1.79,1.985)
lakerSingleSel
lakerStretchObj -refPoint (0.495,1.78) -ignoreNet 0 -offsetPoint (-0.045,1.78)
lakerStretchObj -refPoint (-0.045,1.71) -ignoreNet 0 -offsetPoint (0.145,1.71)
lakerSingleSel
lakerAttribute -index 1 -point (-1.15,0.905) (1.44,1.265)
lakerSingleSel -point (0.533,1.565) -traversedist 0.036
lakerZoomAll
lakerSetActiveLayer -layerName POLY1 -purpose drawing
lakerCreateRect -layerName POLY1 -point (-0.865,0.685) (-0.74,1.41)
lakerUndo
lakerCreatePath -layerName POLY1 -point (-0.505,1.465) (-0.505,0.73) -width 0.100000 0.000000 -routeStatus fixed
lakerSetActiveLayer -layerName CONT -purpose drawing
lakerCreateRect -layerName CONT -point (-0.97,1.35) (-0.805,1.535)
lakerSingleSel
lakerAttribute -index 1 -point (-0.97,1.35) (-0.85,1.47)
lakerAlignObj -point (-0.903,1.342) -mode start
lakerZoomAll
lakerAlignObj -mode end
lakerSingleSel -point (-1.052,1.526) -traversedist 0.016
lakerSingleSel -point (-1.046,1.491) -traversedist 0.016
lakerAreaSel -point (-1.077,1.25) (-0.71,1.565)
lakerSingleSel -point (-1.05,1.394) -traversedist 0.016
lakerSingleSel
lakerStretchObj -refPoint (-0.905,1.425) -ignoreNet 0 -offsetPoint (-0.85,1.425)
lakerZoomOut
lakerSingleSel -point (-1.302,1.577) -traversedist 0.032
lakerSingleSel
lakerSingleSel
lakerStretchObj -refPoint (-0.835,1.42) -ignoreNet 0 -offsetPoint (-1.435,1.42)
lakerSingleSel
lakerAlignObj -point (-1.455,1.351) -mode start
lakerZoomInByArea -point (-2.303,0.376) (0.409,1.656)
lakerAlignObj -snapMode anyangle -refObj 1 -refPoint (-1.455,1.42) -traversedist 0.008
lakerAlignObj -point (-1.45,1.408) -mode start
lakerAlignObj -refObj 1 -refPoint (-0.97,0.905) -traversedist 0.008
lakerAlignObj -point (-1.453,0.907) -mode start
lakerAlignObj -mode end
lakerSingleSel
lakerStretchObj -refPoint (-1.47,0.97) -ignoreNet 0 -offsetPoint (-1.035,0.97)
lakerAlignObj -point (-1.023,1.022) -mode start
lakerAlignObj -mode end
lakerAlignObj -point (-1.004,1.269) -mode start
lakerAlignObj -mode end
lakerAlignObj -point (-1.016,1.019) -mode start
lakerAlignObj -refObj 1 -refPoint (-0.995,1.26) -traversedist 0.008 -space 0.12
lakerDistance -point (-1.029,1.265) (-1.023,1.145)
lakerZoomAll
lakerDistance -point (-0.215,1.265) (-0.21,0.905)
lakerDistance -point (-1.15,1.065) (-1.08,1.065)
lakerZoomAll
lakerDeselectAll
lakerSingleSel
lakerStretchObj -refPoint (1.445,1.065) -ignoreNet 0 -offsetPoint (0.05,1.065)
lakerSingleSel -point (0.135,1.472) -traversedist 0.016
lakerZoomAll
lakerSingleSel -point (-0.874,0.845) -traversedist 0.01
lakerAlignObj -point (-1.021,1.084) -mode start
lakerAlignObj -mode end
lakerAlignObj -point (-1.021,1.087) -mode start
lakerAlignObj -snapMode anyangle -refObj 1 -refPoint (-1.15,1.085) -traversedist 0.005 -space 0.12
lakerAlignObj -mode end
lakerSingleSel
lakerStretchObj -refPoint (-1.0,1.085) -ignoreNet 0 -offsetPoint (-1.0,1.185)
lakerAlignObj -point (-1.029,1.181) -mode start
lakerAlignObj -snapMode anyangle -refObj 1 -refPoint (-1.15,1.085) -traversedist 0.005 -space 0.12
lakerUndo
lakerUndo
lakerSingleSel
lakerAlignObj -point (-1.029,1.084) -mode start
lakerSaveDesign -autosave
lakerSaveDesign -autosave
lakerAlignObj -refObj 1 -refPoint (-1.155,1.085) -traversedist 0.005 -space 0.12
lakerSingleSel
lakerSingleSel
lakerAlignObj -point (-1.041,1.265) -mode start
lakerAlignObj -refObj 1 -refPoint (-0.925,1.265) -traversedist 0.005 -space 0.12
lakerSingleSel
lakerSingleSel
lakerAlignObj -point (-1.151,1.097) -mode start
lakerAlignObj -refObj 1 -refPoint (-1.09,1.095) -traversedist 0.005 -space 0.12
lakerYankObj -refPoint (0.0,0.0) -clipping 1
lakerUndo
lakerAlignObj -point (-1.087,1.103) -mode start
lakerAlignObj -refObj 1 -refPoint (-1.09,1.115) -traversedist 0.005 -space 0.12
lakerYankObj -refPoint (0.0,0.0) -clipping 1
lakerSingleSel
lakerUndo
lakerSingleSel -point (-0.746,0.808) -traversedist 0.01
lakerSingleSel
lakerAlignObj -point (-0.973,1.077) -mode start
lakerAlignObj -refObj 1 -refPoint (-0.555,1.08) -traversedist 0.005 -space 0.1
lakerSingleSel -point (-0.838,0.75) -traversedist 0.01
lakerSingleSel -point (-0.83,1.43) -traversedist 0.01
lakerSingleSel -point (-0.823,1.35) -traversedist 0.01
lakerSingleSel -point (-0.823,1.349) -traversedist 0.01
lakerSingleSel -point (-0.823,1.349) -traversedist 0.01
lakerUndo
lakerDeselectAll
lakerAlignObj -point (-1.008,1.083) -mode start
lakerAlignObj -refObj 1 -refPoint (-0.97,1.075) -traversedist 0.005 -space 0.1
lakerAlignObj -mode end
lakerAlignObj -point (-1.012,1.071) -mode start
lakerAlignObj -mode end
lakerAlignObj -point (-1.009,1.065) -mode start
lakerAlignObj -refObj 1 -refPoint (-0.555,1.06) -traversedist 0.005 -space 0.1
lakerAlignObj -mode end
lakerUndo
lakerSingleSel
lakerAlignObj -point (-1.013,1.089) -mode start
lakerAlignObj -refObj 1 -refPoint (-0.555,1.06) -traversedist 0.005 -space 0.1
lakerSingleSel -point (-0.735,0.762) -traversedist 0.01
lakerSingleSel -point (-0.838,0.856) -traversedist 0.01
lakerAlignObj -mode end
lakerAlignObj -point (-0.78,1.058) -mode start
lakerAlignObj -mode end
lakerAlignObj -point (-1.145,1.118) -mode start
lakerAlignObj -mode end
lakerSetActiveLayer -layerName METAL1 -purpose drawing
lakerAlignObj -mode end
lakerAreaSel -point (-1.295,0.99) (-1.265,1.349)
lakerCreatePath -layerName METAL1 -point (-1.27,1.395) (-1.27,0.79) -width 0.120000 0.000000 -routeStatus fixed
lakerAlignObj -mode end
lakerAlignObj -mode end
lakerAlignObj -point (-1.27,1.096) -mode start
lakerAlignObj -snapMode anyangle -refObj 1 -refPoint (-0.71,1.08) -traversedist 0.005
lakerAlignObj -point (-1.15,1.008) -mode start
lakerAlignObj -refObj 1 -refPoint (-0.775,1.175) -traversedist 0.005 -space 0.06
lakerDistance -point (-0.835,1.168) (-0.775,1.173)
lakerAlignObj -point (-0.731,1.057) -mode start
lakerAlignObj -refObj 1 -refPoint (-0.675,1.385) -traversedist 0.005 -space 0.06
lakerZoomAll
lakerAlignObj -mode end
lakerAlignObj -mode end
lakerAlignObj -point (-0.716,1.327) -mode start
lakerAlignObj -refObj 1 -refPoint (-0.715,1.04) -traversedist 0.006 -space 0.06
lakerAlignObj -mode end
lakerUndo
lakerUndo
lakerAlignObj -point (-0.683,1.334) -mode start
lakerAlignObj -mode end
lakerAlignObj -point (-0.695,1.304) -mode start
lakerChangeSelMode -mode Object
lakerAlignObj -mode end
lakerChangeSelMode -mode Vertex
lakerAlignObj -point (-0.722,1.305) -mode start
lakerAlignObj -mode end
lakerChangeSelMode -mode DevObj
lakerSingleSel -point (-0.722,1.305) -traversedist 0.012
lakerMoveObj -ignoreNet 0 -refPoint (-0.72,1.305) -offsetPoint (-1.135,1.305)
lakerSingleSel -point (-0.895,1.363) -traversedist 0.012
lakerChangeSelMode -mode Vertex
lakerClearRuler
lakerSingleSel
lakerChangeSelMode -mode Object
lakerAlignObj -point (-1.13,1.082) -mode start
lakerAlignObj -refObj 1 -refPoint (-0.71,1.04) -traversedist 0.006 -space 0.06
lakerUndo
lakerSingleSel
lakerAlignObj -point (-1.072,1.079) -mode start
lakerAlignObj -refObj 1 -refPoint (-0.715,1.045) -traversedist 0.006 -space 0.06
lakerUndo
lakerAlignObj -point (-1.195,1.084) -mode start
lakerAlignObj -refObj 1 -refPoint (-0.715,1.05) -traversedist 0.006 -space 0.06
lakerSingleSel -point (-1.314,1.288) -traversedist 0.012
lakerChangeSelMode -mode Vertex
lakerSingleSel -point (-1.154,1.217) -traversedist 0.012
lakerSingleSel -point (-1.154,1.217) -traversedist 0.012
lakerAlignObj -mode end
lakerAlignObj -point (-0.678,1.25) -mode start
lakerAlignObj -refObj 1 -refPoint (-0.72,1.305) -traversedist 0.006
lakerAlignObj -mode end
lakerUndo
lakerDeselectAll
lakerSingleSel -point (-0.949,1.423) -traversedist 0.012
lakerSingleSel
lakerSingleSel -point (-0.68,1.435) -traversedist 0.012
lakerSingleSel
lakerSaveDesign -autosave
lakerSaveDesign -autosave
lakerStretchObj -refPoint (-0.69,1.385) -ignoreNet 0 -offsetPoint (-0.69,1.45)
lakerUndo
lakerSingleSel -point (-0.783,1.521) -traversedist 0.012
lakerAreaSel -point (-0.816,1.33) (-0.615,1.422)
lakerDeselectAll
lakerSingleSel -point (-0.908,1.537) -traversedist 0.012
lakerAreaSel -point (-0.818,1.34) (-0.615,1.414)
lakerStretchObj -refPoint (-0.685,1.39) -ignoreNet 0 -offsetPoint (-0.685,1.27)
lakerChangeSelMode -mode Object
lakerDeselectAll
lakerChangeSelMode -mode Vertex
lakerSingleSel
lakerSingleSel
lakerDeselectAll
lakerSingleSel
lakerAreaSel -point (-0.824,0.745) (-0.605,0.816)
lakerStretchObj -refPoint (-0.685,0.785) -ignoreNet 0 -offsetPoint (-0.685,0.91)
lakerZoomInByArea -point (-1.375,0.758) (-0.163,1.33)
lakerStretchObj -refPoint (-0.685,0.91) -ignoreNet 0 -offsetPoint (-0.685,0.905)
lakerSingleSel -point (-0.802,0.855) -traversedist 0.007
lakerZoomAll
lakerAreaSel -point (-0.784,0.875) (-0.62,1.335)
lakerChangeSelMode -mode DevObj
lakerCopyObj -refPoint (-0.68,1.085) -offsetPoint (-0.235,1.085)
lakerChangeSelMode -mode Vertex
lakerSingleSel -point (-0.088,0.831) -traversedist 0.01
lakerAlignObj -point (-0.329,1.076) -mode start
lakerAlignObj -refObj 1 -refPoint (-0.455,1.08) -traversedist 0.005 -space 0.1
lakerAlignObj -point (-0.224,1.087) -mode start
lakerAlignObj -mode end
lakerDeselectAll
lakerSingleSel
lakerStretchObj -refPoint (-0.22,1.085) -ignoreNet 0 -offsetPoint (-0.245,1.085)
lakerSingleSel -point (0.055,0.865) -traversedist 0.01
lakerAlignObj -mode end
lakerSingleSel
lakerSingleSel -point (-0.264,1.339) -traversedist 0.01
lakerAlignObj -point (0.047,1.066) -mode start
lakerAlignObj -refObj 1 -refPoint (-0.235,1.045) -traversedist 0.005 -space 0.06
lakerAlignObj -mode end
lakerAlignObj -mode end
lakerAlignObj -mode end
lakerAlignObj -point (-0.524,1.46) -mode start
lakerAlignObj -mode end
lakerAreaSel -point (-0.576,1.44) (-0.425,1.471)
lakerAlignObj -point (-0.531,1.463) -mode start
lakerAlignObj -refObj 1 -refPoint (-0.485,1.465) -traversedist 0.005 -space 0.18
lakerUndo
lakerSingleSel -point (-0.364,1.329) -traversedist 0.01
lakerDeselectAll
lakerSingleSel -point (-0.375,1.446) -traversedist 0.01
lakerSingleSel -point (-0.273,1.409) -traversedist 0.01
lakerSingleSel -point (-0.604,1.472) -traversedist 0.01
lakerAreaSel -point (-0.606,1.435) (-0.335,1.473)
lakerSingleSel
lakerDeselectAll
lakerSingleSel
lakerSingleSel -point (-0.602,1.479) -traversedist 0.01
lakerAreaSel -point (-0.591,1.44) (-0.435,1.476)
lakerDeselectAll
lakerAreaSel -point (-0.598,1.435) (-0.33,1.477)
lakerAlignObj -point (-0.487,1.463) -mode start
lakerAlignObj -refObj 1 -refPoint (-0.475,1.465) -traversedist 0.005 -space 0.18
lakerSingleSel
lakerAlignObj -point (-0.48,1.286) -mode start
lakerAlignObj -refObj 1 -refPoint (-0.49,1.265) -traversedist 0.005 -space 0.18
lakerSingleSel -point (0.107,1.283) -traversedist 0.01
lakerSingleSel
lakerDeselectAll
lakerSingleSel -point (-0.007,0.852) -traversedist 0.01
lakerSingleSel
lakerAlignObj -mode end
lakerAreaSel -point (-0.586,0.865) (-0.41,0.894)
lakerAlignObj -point (-0.491,0.89) -mode start
lakerAlignObj -refObj 1 -refPoint (-0.49,0.905) -traversedist 0.005 -space 0.18
lakerSingleSel -point (-0.921,1.186) -traversedist 0.01
lakerSingleSel -point (-0.988,1.391) -traversedist 0.01
lakerAreaSel -point (-0.983,0.71) (0.04,1.471)
lakerZoomAll
lakerZoomOut
lakerZoomOut
lakerSingleSel -point (-0.084,0.467) -traversedist 0.037
lakerAreaSel -point (-1.402,0.465) (0.315,1.74)
lakerChangeSelMode -mode DevObj
lakerChangeSelMode -mode Vertex
lakerSingleSel -point (-1.009,1.31) -traversedist 0.037
lakerPanDown
lakerPanDown
lakerPanUp
lakerAreaSel -point (-1.218,0.51) (0.54,1.602)
lakerChangeSelMode -mode DevObj
lakerCopyObj -refPoint (0.45,0.47) -offsetPoint (0.45,-0.845)
lakerChangeSelMode -mode Vertex
lakerSingleSel -point (0.74,-0.604) -traversedist 0.037
lakerSingleSel -point (-1.11,0.138) -traversedist 0.037
lakerSingleSel -point (-1.177,0.246) -traversedist 0.037
lakerAreaSel -point (-1.237,-0.99) (0.34,0.351)
lakerSingleSel -point (-1.383,-0.574) -traversedist 0.037
lakerAreaSel -point (-0.997,-0.485) (0.14,-0.005)
lakerSingleSel -point (0.141,-0.484) -traversedist 0.037
lakerAreaSel -point (-1.203,-0.54) (-0.595,0.257)
lakerSingleSel -point (-0.967,-0.589) -traversedist 0.037
lakerAreaSel -point (-1.151,-0.37) (-0.935,0.171)
lakerSingleSel -point (-0.964,-0.383) -traversedist 0.037
lakerSingleSel -point (-1.042,-0.458) -traversedist 0.037
lakerSingleSel -point (-1.203,0.018) -traversedist 0.037
lakerAreaSel -point (-1.158,-0.475) (0.005,0.022)
lakerIncreaseSel
lakerIncreaseSel
lakerSingleSel -point (-1.215,-0.095) -traversedist 0.037
lakerSingleSel -point (0.373,-0.301) -traversedist 0.037
lakerAreaSel -point (-1.151,-1.005) (0.55,0.198)
lakerSingleSel -point (-1.552,0.433) -traversedist 0.037
lakerZoomInByArea -point (-1.676,-0.876) (0.884,0.332)
lakerSaveDesign -autosave
lakerSaveDesign -autosave
lakerAreaSel -point (-0.946,-0.47) (-0.08,-0.006)
lakerSingleSel -point (0.053,-0.57) -traversedist 0.014
lakerAreaSel -point (-1.025,-0.485) (-0.11,0.201)
lakerSingleSel -point (-1.038,-0.121) -traversedist 0.014
lakerAreaSel -point (-1.006,-0.11) (-0.07,0.209)
lakerAlignObj -point (-0.511,-0.054) -mode start
lakerAlignObj -refObj 1 -refPoint (-0.575,-0.405) -traversedist 0.007 -space 0.24
lakerSingleSel -point (-0.952,-0.115) -traversedist 0.014
lakerSingleSel -point (-1.014,-0.212) -traversedist 0.014
lakerSingleSel -point (-0.888,-0.302) -traversedist 0.014
lakerAreaSel -point (-0.926,-0.46) (-0.56,-0.101)
lakerSingleSel -point (-0.701,-0.503) -traversedist 0.014
lakerSingleSel -point (-0.767,-0.546) -traversedist 0.014
lakerSingleSel -point (-0.118,-0.642) -traversedist 0.014
lakerAreaSel -point (-0.914,-0.46) (0.015,-0.116)
lakerChangeSelMode -mode DevObj
lakerCopyObj -refPoint (-0.705,-0.405) -offsetPoint (-1.505,-0.405)
lakerChangeSelMode -mode Vertex
lakerSingleSel -point (-1.282,-0.556) -traversedist 0.014
lakerAreaSel -point (-1.213,-0.545) (-1.01,-0.086)
lakerChangeSelMode -mode DevObj
lakerChangeSelMode -mode Vertex
lakerDeleteObj
lakerSingleSel -point (-1.132,-0.496) -traversedist 0.014
lakerAreaSel -point (-1.613,-0.565) (-1.245,-0.099)
lakerSingleSel -point (-1.075,-0.688) -traversedist 0.014
lakerSingleSel
lakerSingleSel
lakerSingleSel
lakerSingleSel
lakerSingleSel
lakerSingleSel -point (-1.435,-0.052) -traversedist 0.014
lakerZoomInByArea -point (-1.175,-0.517) (-0.293,-0.101)
lakerZoomAll
lakerSingleSel
lakerSingleSel
lakerSingleSel -point (-1.924,0.179) -traversedist 0.026
lakerZoomInByArea -point (-2.455,-0.609) (-0.763,0.189)
lakerSingleSel
lakerSingleSel
lakerSingleSel
lakerSingleSel
lakerAlignObj -mode end
lakerAlignObj -point (-1.422,-0.17) -mode start
lakerZoomAll
lakerAlignObj -mode end
lakerAreaSel -point (-1.778,-0.53) (-0.895,0.025)
lakerChangeSelMode -mode DevObj
lakerChangeSelMode -mode Vertex
lakerDeleteObj
lakerSingleSel
lakerSingleSel
lakerSingleSel -point (-1.345,-0.054) -traversedist 0.026
lakerSingleSel
lakerIncreaseSel -point (-1.025,-0.51) (-0.6,-0.067)
lakerChangeSelMode -mode DevObj
lakerCopyObj -refPoint (-0.61,-0.28) -offsetPoint (-1.88,-0.28)
lakerChangeSelMode -mode Vertex
lakerSingleSel -point (-0.996,-0.342) -traversedist 0.026
lakerZoomInByArea -point (-1.334,-0.642) (0.28,0.12)
lakerSingleSel
lakerSingleSel
lakerSingleSel
lakerSingleSel
lakerSingleSel
lakerDeselectAll
lakerSingleSel
lakerSingleSel
lakerChangeSelMode -mode DevObj
lakerMoveObj -ignoreNet 0 -refPoint (-0.68,-0.23) -offsetPoint (-0.68,-0.29)
lakerChangeSelMode -mode Vertex
lakerSingleSel -point (0.053,-0.383) -traversedist 0.009
lakerDistance -point (-0.676,-0.17) (-0.679,-0.23)
lakerDistance -point (-0.687,-0.35) (-0.68,-0.41)
lakerDeselectAll
lakerSingleSel
lakerSingleSel
lakerSingleSel
lakerChangeSelMode -mode DevObj
lakerMoveObj -ignoreNet 0 -refPoint (-0.27,-0.24) -offsetPoint (-0.27,-0.3)
lakerChangeSelMode -mode Vertex
lakerSingleSel -point (-0.003,-0.33) -traversedist 0.009
lakerSingleSel -point (0.146,-0.371) -traversedist 0.009
lakerSingleSel
lakerIncreaseSel -point (-0.812,-0.51) (-0.58,-0.089)
lakerChangeSelMode -mode DevObj
lakerZoomAll
lakerCopyObj -refPoint (-0.715,-0.275) -offsetPoint (-2.825,-0.275)
lakerChangeSelMode -mode Vertex
lakerSingleSel
lakerSingleSel -point (-1.968,-0.001) -traversedist 0.026
lakerAreaSel -point (-2.267,-0.475) (-1.075,0.004)
lakerChangeSelMode -mode DevObj
lakerChangeSelMode -mode Vertex
lakerDeleteObj
lakerSingleSel -point (-2.994,-0.038) -traversedist 0.026
lakerAreaSel -point (-3.15,-0.595) (-2.03,0.041)
lakerSingleSel
lakerStretchObj -refPoint (-2.575,-0.285) -ignoreNet 0 -offsetPoint (-1.41,-0.285)
lakerUndo
lakerSingleSel -point (-2.645,0.276) -traversedist 0.026
lakerAreaSel -point (-3.06,-0.575) (-1.88,-0.041)
lakerSingleSel
lakerStretchObj -refPoint (-2.52,-0.28) -ignoreNet 0 -offsetPoint (-1.28,-0.28)
lakerSingleSel -point (-1.598,0.11) -traversedist 0.026
lakerUndo
lakerUndo
lakerUndo
lakerSingleSel -point (-2.341,0.046) -traversedist 0.026
lakerSingleSel -point (-2.148,-0.041) -traversedist 0.026
lakerSingleSel -point (-2.51,-0.054) -traversedist 0.026
lakerAreaSel -point (-2.386,-0.55) (-1.155,0.031)
lakerChangeSelMode -mode DevObj
lakerChangeSelMode -mode Vertex
lakerDeleteObj
lakerSingleSel -point (-0.983,-0.199) -traversedist 0.026
lakerSingleSel
lakerIncreaseSel -point (-0.975,-0.51) (-0.595,-0.094)
lakerChangeSelMode -mode DevObj
lakerCopyObj -refPoint (-0.705,-0.285) -offsetPoint (-1.75,-0.285)
lakerChangeSelMode -mode Vertex
lakerSingleSel -point (-1.704,0.086) -traversedist 0.026
lakerZoomInByArea -point (-2.214,-0.532) (-1.078,0.004)
lakerAlignObj -point (-1.219,-0.313) -mode start
lakerAlignObj -refObj 1 -refPoint (-1.7,-0.315) -traversedist 0.003 -space 0.06
lakerZoomInByArea -point (-2.094,-0.433) (-1.398,-0.105)
lakerAlignObj -mode end
lakerSingleSel
lakerAlignObj -point (-1.762,-0.166) -mode start
lakerAlignObj -mode end
lakerSingleSel
lakerSingleSel -point (-1.552,-0.221) -traversedist 0.004
lakerAreaSel -point (-1.931,-0.42) (-1.535,-0.141)
lakerSingleSel -point (-1.573,-0.298) -traversedist 0.004
lakerAlignObj -mode end
lakerAlignObj -point (-1.735,-0.167) -mode start
lakerAlignObj -mode end
lakerSingleSel
lakerSingleSel -point (-1.622,-0.209) -traversedist 0.004
lakerAlignObj -point (-1.745,-0.414) -mode start
lakerAlignObj -refObj 1 -refPoint (-1.72,-0.41) -traversedist 0.002
lakerAlignObj -mode end
lakerAlignObj -point (-1.726,-0.165) -mode start
lakerAlignObj -mode end
lakerSingleSel
lakerSingleSel -point (-1.728,-0.139) -traversedist 0.004
lakerAreaSel -point (-1.834,-0.17) (-1.675,-0.15)
lakerSaveDesign -autosave
lakerSaveDesign -autosave
lakerSingleSel -point (-1.461,-0.186) -traversedist 0.004
lakerAlignObj -point (-1.731,-0.166) -mode start
lakerAlignObj -mode end
lakerAlignObj -point (-1.723,-0.164) -mode start
lakerAlignObj -refObj 1 -refPoint (-1.725,-0.17) -traversedist 0.002
lakerAlignObj -mode end
lakerAlignObj -point (-1.749,-0.417) -mode start
lakerAlignObj -refObj 1 -refPoint (-1.75,-0.41) -traversedist 0.002
lakerAlignObj -mode end
lakerAlignObj -point (-1.717,-0.164) -mode start
lakerAlignObj -mode end
lakerAlignObj -point (-1.739,-0.165) -mode start
lakerAlignObj -refObj 1 -refPoint (-1.745,-0.17) -traversedist 0.002
lakerAlignObj -mode end
lakerChangeSelMode -mode Object
lakerChangeSelMode -mode Vertex
lakerAlignObj -mode end
lakerAlignObj -mode end
lakerAlignObj -mode end
lakerSingleSel
lakerStretchObj -refPoint (-1.755,-0.415) -ignoreNet 0 -offsetPoint (-1.755,-0.41)
lakerSingleSel
lakerSingleSel -point (-1.497,-0.242) -traversedist 0.004
lakerSingleSel -point (-1.902,-0.156) -traversedist 0.004
lakerAreaSel -point (-1.923,-0.42) (-1.55,-0.153)
lakerMakeCell -replace 1 -cell DFF_CO1
lakerZoomAll
lakerSingleSel -point (-0.254,0.541) -traversedist 0.026
lakerSingleSel -point (-1.319,0.514) -traversedist 0.026
lakerSingleSel -point (-1.742,0.784) -traversedist 0.026
lakerSingleSel -point (-2.556,0.784) -traversedist 0.026
lakerCreateInstance -point (0.31,-0.49) -cell INVX1 -lib test -view layout
lakerZoomAll
lakerMaxViewLevel
lakerSingleSel
lakerStretchObj -refPoint (0.925,2.235) -ignoreNet 0 -offsetPoint (2.1,2.235)
lakerSingleSel -point (-1.519,1.951) -traversedist 0.04
lakerSingleSel -point (-1.435,1.867) -traversedist 0.04
lakerSetActiveLayer -layerName METAL1 -purpose drawing
lakerCreatePath -layerName METAL1 -point (-1.66,1.905) (1.015,1.905) -width 0.360000 0.000000 -routeStatus fixed
lakerZoomAll
lakerZoomInByArea -point (-2.412,-0.743) (-0.966,-0.061)
lakerAlignObj -mode end
lakerZoomAll
lakerSingleSel
lakerChangeSelMode -mode DevObj
lakerZoomAll
lakerZoomOut
lakerCopyObj -refPoint (-0.62,1.9) -offsetPoint (-0.62,-1.2)
lakerChangeSelMode -mode Vertex
lakerSingleSel -point (4.239,0.666) -traversedist 0.08
lakerZoomInByArea -point (-5.41,-1.864) (4.344,2.738)
lakerSingleSel
lakerStretchObj -refPoint (2.31,2.245) -ignoreNet 0 -offsetPoint (-2.915,2.245)
lakerSingleSel
lakerAlignObj -point (-1.379,1.917) -mode start
lakerAlignObj -refObj 1 -refPoint (-3.04,2.13) -traversedist 0.027
lakerAlignObj -point (-0.878,-1.189) -mode start
lakerAlignObj -refObj 1 -refPoint (-3.0,-0.49) -traversedist 0.027
lakerSingleSel -point (1.907,1.073) -traversedist 0.054
lakerZoomAll
lakerAlignObj -point (-0.344,2.815) -mode start
lakerAlignObj -refObj 1 -refPoint (-2.995,2.13) -traversedist 0.024
lakerAlignObj -mode end
lakerDeselectAll
lakerAreaSel -point (-2.317,-0.635) (0.765,1.516)
lakerStretchObj -refPoint (-0.49,1.025) -ignoreNet 0 -offsetPoint (-0.49,1.395)
lakerSingleSel -point (1.255,0.857) -traversedist 0.048
lakerSingleSel -point (0.988,0.651) -traversedist 0.048
lakerSingleSel
lakerSingleSel -point (1.403,1.635) -traversedist 0.048
lakerSingleSel
lakerSingleSel -point (0.716,1.033) -traversedist 0.048
lakerAlignObj -mode end
lakerAlignObj -mode end
lakerDeselectAll
lakerAreaSel -point (0.84,-0.86) (1.55,2.6)
lakerSingleSel -point (-1.113,1.344) -traversedist 0.048
lakerAreaSel -point (-1.108,0.655) (0.77,1.912)
lakerAlignObj -point (-0.502,1.64) -mode start
lakerAlignObj -mode end
lakerAlignObj -point (-0.502,1.64) -mode start
lakerZoomInByArea -point (-1.919,0.618) (0.891,1.944)
lakerZoomAll
lakerAlignObj -mode end
lakerAlignObj -point (-0.49,1.638) -mode start
lakerAlignObj -refObj 1 -refPoint (-3.265,1.51) -traversedist 0.02
lakerAlignObj -point (-0.566,0.196) -mode start
lakerAlignObj -mode end
lakerAreaSel -point (-1.068,-0.25) (-0.11,0.518)
lakerAlignObj -point (-0.482,0.196) -mode start
lakerAlignObj -refObj 1 -refPoint (-3.155,0.375) -traversedist 0.02
lakerSingleSel -point (0.78,0.682) -traversedist 0.04
lakerAreaSel -point (-1.96,-0.115) (-1.385,0.433)
lakerSingleSel -point (-1.385,-0.113) -traversedist 0.04
lakerSingleSel -point (-1.136,0.686) -traversedist 0.04
lakerAreaSel -point (0.824,-0.795) (1.65,2.405)
lakerStretchObj -refPoint (1.47,1.38) -ignoreNet 0 -offsetPoint (1.47,0.955)
lakerSingleSel -point (-1.012,1.297) -traversedist 0.04
lakerAreaSel -point (-1.177,0.155) (0.14,1.71)
lakerSingleSel -point (-1.839,1.317) -traversedist 0.04
lakerChangeSelMode -mode Object
lakerSingleSel -point (-1.406,1.803) -traversedist 0.04
lakerAreaSel -point (-1.132,-0.135) (0.155,1.702)
lakerSingleSel
lakerSingleSel -point (0.711,0.931) -traversedist 0.04
lakerAreaSel -point (-1.289,-0.075) (0.175,1.71)
lakerChangeSelMode -mode DevObj
lakerSaveDesign -autosave
lakerSaveDesign -autosave
lakerCopyObj -refPoint (-0.515,1.305) -offsetPoint (0.31,1.305)
lakerChangeSelMode -mode Object
lakerChangeSelMode -mode DevObj
lakerCopyObj -refPoint (0.31,1.305) -offsetPoint (1.135,1.305)
lakerChangeSelMode -mode Object
lakerChangeSelMode -mode DevObj
lakerCopyObj -refPoint (1.135,1.305) -offsetPoint (1.96,1.305)
lakerChangeSelMode -mode Object
lakerChangeSelMode -mode DevObj
lakerCopyObj -refPoint (1.96,1.305) -offsetPoint (2.785,1.305)
lakerChangeSelMode -mode Object
lakerChangeSelMode -mode DevObj
lakerCopyObj -refPoint (2.785,1.305) -offsetPoint (3.61,1.305)
lakerChangeSelMode -mode Object
lakerChangeSelMode -mode DevObj
lakerCopyObj -refPoint (3.61,1.305) -offsetPoint (4.435,1.305)
lakerChangeSelMode -mode Object
lakerChangeSelMode -mode DevObj
lakerCopyObj -refPoint (4.435,1.305) -offsetPoint (5.26,1.305)
lakerChangeSelMode -mode Object
lakerChangeSelMode -mode DevObj
lakerCopyObj -refPoint (5.26,1.305) -offsetPoint (6.085,1.305)
lakerChangeSelMode -mode Object
lakerChangeSelMode -mode DevObj
lakerCopyObj -refPoint (6.085,1.305) -offsetPoint (6.91,1.305)
lakerChangeSelMode -mode Object
lakerChangeSelMode -mode DevObj
lakerCopyObj -refPoint (6.91,1.305) -offsetPoint (7.735,1.305)
lakerChangeSelMode -mode Object
lakerChangeSelMode -mode DevObj
lakerCopyObj -refPoint (7.735,1.305) -offsetPoint (8.56,1.305)
lakerChangeSelMode -mode Object
lakerChangeSelMode -mode DevObj
lakerCopyObj -refPoint (8.56,1.305) -offsetPoint (9.385,1.305)
lakerChangeSelMode -mode Object
lakerZoomOut
lakerZoomAll
lakerSingleSel -point (5.709,-0.789) -traversedist 0.084
lakerAreaSel -point (0.828,2.3) (1.015,2.741)
lakerSingleSel -point (1.689,2.268) -traversedist 0.084
lakerAreaSel -point (0.887,1.68) (1.195,2.572)
lakerAlignObj -mode end
lakerChangeSelMode -mode Vertex
lakerSingleSel -point (1.015,2.12) -traversedist 0.084
lakerStretchObj -refPoint (1.015,2.12) -ignoreNet 0 -offsetPoint (10.21,2.12)
lakerChangeSelMode -mode Object
lakerAlignObj -point (1.015,-0.49) -mode start
lakerAlignObj -mode end
lakerAlignObj -point (1.015,-0.49) -mode start
lakerAlignObj -mode end
lakerChangeSelMode -mode Vertex
lakerSingleSel
lakerStretchObj -refPoint (1.015,-0.49) -ignoreNet 0 -offsetPoint (10.22,-0.49)
lakerSingleSel -point (6.494,-2.351) -traversedist 0.084
lakerZoomAll
lakerZoomAll
lakerSingleSel -point (10.671,0.98) -traversedist 0.087
lakerSingleSel
lakerChangeSelMode -mode Object
lakerSingleSel -point (9.131,-1.584) -traversedist 0.087
lakerDeselectAll
lakerSingleSel -point (10.391,0.875) -traversedist 0.087
lakerAreaSel -point (8.98,-0.192) (9.971,1.775)
lakerChangeSelMode -mode DevObj
lakerChangeSelMode -mode Object
lakerDeleteObj
lakerAreaSel -point (8.14,-0.052) (9.245,1.76)
lakerChangeSelMode -mode DevObj
lakerMoveObj -ignoreNet 0 -refPoint (8.51,1.415) -offsetPoint (9.235,1.415)
lakerChangeSelMode -mode Object
lakerSingleSel -point (10.312,0.709) -traversedist 0.087
lakerZoomInByArea -point (4.702,-1.61) (13.306,2.45)
lakerZoomInByArea -point (6.349,-0.405) (11.343,1.951)
lakerZoomInByArea -point (8.814,0.772) (9.922,1.294)
lakerZoomAll
lakerZoomInByArea -point (3.993,-1.61) (14.005,3.114)
lakerChangeSelMode -mode Vertex
lakerAreaSel -point (8.829,0.875) (9.92,1.232)
lakerAlignObj -point (9.264,1.148) -mode start
lakerAlignObj -refObj 1 -refPoint (9.19,1.5) -traversedist 0.028 -space 0.65
lakerSingleSel -point (10.001,1.199) -traversedist 0.056
lakerAreaSel -point (8.633,-0.185) (10.105,0.59)
lakerZoomAll
lakerZoomInByArea -point (6.503,-0.91) (12.065,1.714)
lakerSingleSel -point (10.415,0.048) -traversedist 0.031
lakerAreaSel -point (8.718,0.285) (10.0,0.582)
lakerAlignObj -point (9.292,0.374) -mode start
lakerAlignObj -refObj 1 -refPoint (9.21,0.15) -traversedist 0.016 -space 0.43
lakerSingleSel -point (10.067,0.281) -traversedist 0.031
lakerAreaSel -point (8.628,-0.115) (10.09,0.836)
lakerStretchObj -refPoint (9.39,0.375) -ignoreNet 0 -offsetPoint (9.39,0.16)
lakerZoomAll
lakerSingleSel -point (8.221,1.382) -traversedist 0.087
lakerAreaSel -point (8.518,0.5) (10.025,1.732)
lakerAreaSel -point (9.305,1.207) (9.315,1.355)
lakerSingleSel -point (9.927,1.26) -traversedist 0.087
lakerAreaSel -point (8.553,0.385) (10.33,1.802)
lakerStretchObj -refPoint (9.295,1.165) -ignoreNet 0 -offsetPoint (9.295,1.31)
lakerSingleSel -point (10.163,0.823) -traversedist 0.087
lakerZoomInByArea -point (7.334,-0.988) (11.154,0.814)
lakerDistance -point (9.398,0.35) (9.398,-0.08)
lakerZoomAll
lakerZoomAll
lakerZoomAll
lakerZoomAll
lakerZoomAll
lakerUndo
lakerUndo
lakerSingleSel -point (8.667,0.665) -traversedist 0.087
lakerZoomInByArea -point (6.679,-0.752) (12.037,1.776)
lakerUndo
lakerZoomAll
lakerSingleSel -point (-1.341,0.84) -traversedist 0.087
lakerSetColPat -modCategory DrawingSet -use 1
lakerSetActiveLayer -layerName TEXT -purpose drawing
lakerSingleSel -point (-0.58,3.202) -traversedist 0.087
lakerChangeSelMode -mode Object
lakerCreateText -layerName TEXT -point (-1.14,0.815) -justify CenterCenter -height 0.300000 -text {mp25}
lakerZoomInByArea -point (-5.058,-1.925) (4.678,2.669)
lakerChangeSelMode -mode Vertex
lakerUndo
lakerChangeSelMode -mode Object
lakerCreateText -layerName TEXT -point (-0.495,1.335) -orient R90 -justify CenterCenter -height 0.100000 -text {mp25}
lakerChangeSelMode -mode Vertex
lakerSingleSel
lakerSingleSel -point (-1.1,0.91) -traversedist 0.054
lakerSingleSel
lakerSingleSel -point (-1.702,0.986) -traversedist 0.054
lakerSingleSel
lakerSingleSel
lakerSingleSel
lakerSingleSel
lakerSaveDesign -autosave
lakerSaveDesign -autosave
lakerSingleSel
lakerSingleSel
lakerZoomInByArea -point (-1.786,0.682) (0.652,1.832)
lakerSingleSel
lakerSingleSel
lakerSingleSel
lakerChangeSelMode -mode DevObj
lakerZoomOut
lakerChangeSelMode -mode Vertex
lakerChangeSelMode -mode DevObj
lakerCopyObj -refPoint (-1.13,1.21) -offsetPoint (-1.13,0.14)
lakerChangeSelMode -mode Vertex
lakerAttribute -index 1 -text {mn25}
lakerSingleSel -point (-1.028,0.8) -traversedist 0.027
lakerSingleSel
lakerSingleSel
lakerSingleSel
lakerSingleSel -point (-0.16,0.855) -traversedist 0.027
lakerSingleSel
lakerSingleSel
lakerSingleSel
lakerSingleSel
lakerSingleSel
lakerChangeSelMode -mode DevObj
lakerChangeSelMode -mode Vertex
lakerChangeSelMode -mode Object
lakerCreateText -layerName TEXT -point (-0.14,0.78) -orient R90 -justify CenterCenter -height 0.100000 -text {mp25}
lakerChangeSelMode -mode Vertex
lakerSingleSel -point (0.065,0.749) -traversedist 0.027
lakerUndo
lakerSingleSel
lakerSingleSel
lakerSingleSel -point (0.0,0.643) -traversedist 0.027
lakerSingleSel
lakerSingleSel
lakerSingleSel
lakerSingleSel
lakerSingleSel
lakerSingleSel -point (0.201,0.787) -traversedist 0.027
lakerSingleSel
lakerSingleSel
lakerSingleSel
lakerChangeSelMode -mode DevObj
lakerCopyObj -refPoint (-0.465,1.37) -offsetPoint (0.35,1.37)
lakerChangeSelMode -mode Vertex
lakerChangeSelMode -mode DevObj
lakerChangeSelMode -mode Vertex
lakerChangeSelMode -mode DevObj
lakerCopyObj -refPoint (0.35,1.37) -offsetPoint (1.165,1.37)
lakerChangeSelMode -mode Vertex
lakerChangeSelMode -mode DevObj
lakerCopyObj -refPoint (1.165,1.37) -offsetPoint (1.98,1.37)
lakerChangeSelMode -mode Vertex
lakerChangeSelMode -mode DevObj
lakerCopyObj -refPoint (1.98,1.37) -offsetPoint (2.795,1.37)
lakerChangeSelMode -mode Vertex
lakerChangeSelMode -mode DevObj
lakerCopyObj -refPoint (2.795,1.37) -offsetPoint (3.61,1.37)
lakerChangeSelMode -mode Vertex
lakerChangeSelMode -mode DevObj
lakerCopyObj -refPoint (3.61,1.37) -offsetPoint (4.425,1.37)
lakerChangeSelMode -mode Vertex
lakerChangeSelMode -mode DevObj
lakerCopyObj -refPoint (4.425,1.37) -offsetPoint (5.24,1.37)
lakerChangeSelMode -mode Vertex
lakerZoomAll
lakerChangeSelMode -mode DevObj
lakerZoomInByArea -point (2.853,0.201) (6.617,1.977)
lakerCopyObj -refPoint (5.275,1.37) -offsetPoint (5.33,1.37)
lakerChangeSelMode -mode Vertex
lakerSingleSel -point (5.435,0.745) -traversedist 0.021
lakerUndo
lakerUndo
lakerStretchObj -refPoint (4.365,1.385) -ignoreNet 0 -offsetPoint (4.415,1.385)
lakerSingleSel
lakerSingleSel
lakerSingleSel
lakerStretchObj -refPoint (3.54,1.37) -ignoreNet 0 -offsetPoint (3.575,1.37)
lakerZoomAll
lakerSingleSel
lakerZoomInByArea -point (-1.105,-0.167) (4.757,2.599)
lakerSingleSel
lakerStretchObj -refPoint (1.91,1.35) -ignoreNet 0 -offsetPoint (1.93,1.35)
lakerSingleSel
lakerSingleSel
lakerStretchObj -refPoint (2.725,1.375) -ignoreNet 0 -offsetPoint (2.76,1.375)
lakerSingleSel
lakerSingleSel -point (0.226,0.817) -traversedist 0.033
lakerSingleSel
lakerSingleSel
lakerSingleSel
lakerSingleSel
lakerSingleSel -point (0.745,0.876) -traversedist 0.033
lakerSingleSel
lakerSingleSel
lakerSingleSel
lakerSingleSel
lakerAttribute -index 1 -text {mp26}
lakerSingleSel
lakerAttribute -index 1 -text {mp20}
lakerSingleSel
lakerAttribute -index 1 -text {mp21}
lakerSingleSel
lakerSingleSel
lakerSingleSel
lakerAttribute -index 1 -text {mp35}
lakerSingleSel
lakerAttribute -index 1 -text {mp33}
lakerSingleSel -point (3.4,0.824) -traversedist 0.033
lakerSingleSel
lakerSingleSel
lakerSaveDesign -autosave
lakerSaveDesign -autosave
lakerSingleSel
lakerAttribute -index 1 -text {mp30}
lakerZoomAll
lakerSingleSel -point (4.258,0.709) -traversedist 0.087
lakerZoomInByArea -point (-0.213,-0.733) (8.955,3.593)
lakerSingleSel
lakerSingleSel
lakerSingleSel
lakerSingleSel -point (4.189,1.696) -traversedist 0.051
lakerZoomInByArea -point (3.476,0.786) (5.358,1.674)
lakerSingleSel
lakerSingleSel
lakerSingleSel
lakerSingleSel
lakerSingleSel
lakerSingleSel
lakerChangeSelMode -mode DevObj
lakerAttribute -index 1 -text {mp40}
lakerChangeSelMode -mode Vertex
lakerChangeSelMode -mode DevObj
lakerZoomAll
lakerZoomInByArea -point (4.354,0.524) (7.398,1.96)
lakerCopyObj -refPoint (4.7,1.09) -offsetPoint (5.535,1.09)
lakerChangeSelMode -mode Vertex
lakerSingleSel
lakerSingleSel
lakerAttribute -index 1 -text {mp43}
lakerChangeSelMode -mode DevObj
lakerCopyObj -refPoint (5.625,0.96) -offsetPoint (6.435,0.96)
lakerChangeSelMode -mode Vertex
lakerAttribute -index 1 -text {mp50}
lakerChangeSelMode -mode DevObj
lakerCopyObj -refPoint (6.11,1.245) -offsetPoint (6.945,1.245)
lakerChangeSelMode -mode Vertex
lakerAttribute -index 1 -text {mp51}
lakerSingleSel
lakerSingleSel
lakerSingleSel
lakerSingleSel
lakerSingleSel
lakerSingleSel
lakerSingleSel
lakerSingleSel
lakerSingleSel
lakerAttribute -index 1 -text {mp45}
lakerZoomAll
lakerZoomInByArea -point (-1.507,-1.208) (9.025,3.762)
lakerSingleSel -point (5.054,0.789) -traversedist 0.059
lakerSingleSel
lakerSingleSel -point (5.048,0.731) -traversedist 0.059
lakerZoomInByArea -point (4.114,0.228) (8.15,2.132)
lakerSingleSel
lakerSingleSel
lakerIncreaseSel
lakerIncreaseSel
lakerIncreaseSel
lakerIncreaseSel
lakerIncreaseSel
lakerDecreaseSel
lakerChangeSelMode -mode DevObj
lakerMoveObj -ignoreNet 0 -refPoint (6.93,1.375) -offsetPoint (7.75,1.375)
lakerChangeSelMode -mode Vertex
lakerSingleSel -point (5.917,0.701) -traversedist 0.023
lakerZoomAll
lakerZoomInByArea -point (1.345,-0.133) (6.803,2.443)
lakerSingleSel
lakerSingleSel -point (4.042,1.606) -traversedist 0.03
lakerSingleSel
lakerChangeSelMode -mode DevObj
lakerCopyObj -refPoint (3.56,1.35) -offsetPoint (4.39,1.35)
lakerChangeSelMode -mode Vertex
lakerAttribute -index 1 -text {mp30}
lakerZoomAll
lakerSingleSel -point (-0.737,0.621) -traversedist 0.087
lakerZoomInByArea -point (-1.632,-0.35) (0.648,0.726)
lakerSingleSel
lakerSingleSel
lakerSingleSel
lakerSingleSel
lakerSingleSel
lakerChangeSelMode -mode DevObj
lakerCopyObj -refPoint (-0.47,0.305) -offsetPoint (0.345,0.305)
lakerChangeSelMode -mode Vertex
lakerAttribute -index 1 -text {mn20}
lakerZoomAll
lakerChangeSelMode -mode DevObj
lakerZoomAll
lakerZoomInByArea -point (0.382,-0.625) (3.382,0.791)
lakerZoomAll
lakerZoomInByArea -point (0.024,-0.904) (4.748,1.324)
lakerCopyObj -refPoint (0.34,0.28) -offsetPoint (1.16,0.28)
lakerChangeSelMode -mode Vertex
lakerAttribute -index 1 -text {mn21}
lakerChangeSelMode -mode DevObj
lakerCopyObj -refPoint (1.185,0.265) -offsetPoint (2.015,0.265)
lakerChangeSelMode -mode Vertex
lakerAttribute -index 1 -text {mn35}
lakerPanUp
lakerPanUp
lakerPanDown
lakerZoomAll
lakerZoomInByArea -point (-1.726,-0.89) (6.218,2.858)
lakerSingleSel
lakerSingleSel -point (0.813,0.506) -traversedist 0.044
lakerSingleSel
lakerAttribute -index 1 -text {mn26}
lakerSingleSel
lakerSingleSel -point (1.561,0.643) -traversedist 0.044
lakerSingleSel
lakerSingleSel
lakerSingleSel
lakerSingleSel
lakerSingleSel
lakerSaveDesign -autosave
lakerSaveDesign -autosave
lakerSingleSel -point (1.296,-0.048) -traversedist 0.044
lakerSingleSel
lakerAttribute -index 1 -text {mn20}
lakerSingleSel
lakerAttribute -index 1 -text {mn21}
lakerChangeSelMode -mode DevObj
lakerCopyObj -refPoint (1.995,0.28) -offsetPoint (2.83,0.28)
lakerChangeSelMode -mode Vertex
lakerAttribute -index 1 -text {mn35}
lakerChangeSelMode -mode DevObj
lakerCopyObj -refPoint (2.815,0.32) -offsetPoint (3.63,0.32)
lakerChangeSelMode -mode Vertex
lakerAttribute -index 1 -text {mn33}
lakerSingleSel
lakerChangeSelMode -mode DevObj
lakerCopyObj -refPoint (3.63,0.37) -offsetPoint (4.465,0.37)
lakerChangeSelMode -mode Vertex
lakerAttribute -index 1 -text {mn30}
lakerChangeSelMode -mode DevObj
lakerCopyObj -refPoint (4.9,0.11) -offsetPoint (5.72,0.11)
lakerChangeSelMode -mode Vertex
lakerAttribute -index 1 -text {mn40}
lakerZoomAll
lakerZoomInByArea -point (4.503,-0.698) (8.649,1.258)
lakerChangeSelMode -mode DevObj
lakerZoomOut
lakerChangeSelMode -mode Vertex
lakerChangeSelMode -mode DevObj
lakerCopyObj -refPoint (5.305,0.315) -offsetPoint (6.12,0.315)
lakerChangeSelMode -mode Vertex
lakerAttribute -index 1 -text {mn45}
lakerChangeSelMode -mode DevObj
lakerCopyObj -refPoint (6.17,0.225) -offsetPoint (7.015,0.225)
lakerChangeSelMode -mode Vertex
lakerAttribute -index 1 -text {mn50}
lakerChangeSelMode -mode DevObj
lakerCopyObj -refPoint (6.955,0.295) -offsetPoint (7.765,0.295)
lakerChangeSelMode -mode Vertex
lakerAttribute -index 1 -text {mn51}
lakerSingleSel -point (8.775,1.353) -traversedist 0.046
lakerSingleSel
lakerSingleSel
lakerChangeSelMode -mode DevObj
lakerCopyObj -refPoint (7.765,1.34) -offsetPoint (9.31,1.34)
lakerChangeSelMode -mode Vertex
lakerAttribute -index 1 -text {mp55}
lakerSingleSel
lakerSingleSel -point (8.137,0.266) -traversedist 0.046
lakerSingleSel
lakerChangeSelMode -mode DevObj
lakerCopyObj -refPoint (7.775,0.275) -offsetPoint (9.33,0.275)
lakerChangeSelMode -mode Vertex
lakerAttribute -index 1 -text {mn55}
lakerSingleSel -point (7.503,-1.283) -traversedist 0.046
lakerZoomAll
lakerSingleSel
lakerChangeSelMode -mode DevObj
lakerChangeSelMode -mode Vertex
lakerDeleteObj
lakerAreaSel -point (-1.98,-1.505) (10.645,2.669)
lakerChangeSelMode -mode DevObj
lakerZoomOut
lakerCopyObj -refPoint (4.845,2.02) -offsetPoint (4.845,5.88)
lakerChangeSelMode -mode Vertex
lakerSingleSel -point (5.724,-3.01) -traversedist 0.175
lakerZoomInByArea -point (-5.861,-4.342) (13.247,4.674)
lakerZoomAll
lakerZoomInByArea -point (-4.229,-1.063) (4.443,3.029)
lakerZoomAll
lakerZoomInByArea -point (-1.798,-1.148) (7.284,3.138)
lakerAreaSel -point (-1.119,-0.16) (0.735,1.795)
lakerSingleSel
lakerSingleSel
lakerAlignObj -mode end
lakerAttribute -index 1 -text {mp36}
lakerSingleSel
lakerAttribute -index 1 -text {mn36}
lakerSingleSel -point (2.619,-0.966) -traversedist 0.051
lakerAreaSel -point (-1.14,-0.155) (0.8,1.765)
lakerSingleSel -point (-1.383,1.365) -traversedist 0.051
lakerSaveDesign -autosave
lakerSaveDesign -autosave
lakerAreaSel -point (-0.982,-0.145) (0.745,1.77)
lakerChangeSelMode -mode Object
lakerAreaSel -point (-0.835,1.32) (-0.455,1.5)
lakerUndo
lakerRedo
lakerSingleSel -point (-1.134,1.218) -traversedist 0.051
lakerAreaSel -point (-1.094,-0.19) (0.74,1.816)
lakerDeselectAll
lakerDeselectAll
lakerAreaSel -point (-1.069,-0.18) (0.765,1.821)
lakerChangeSelMode -mode DevObj
lakerMoveObj -ignoreNet 0 -refPoint (0.765,-0.185) -offsetPoint (0.65,-0.185)
lakerChangeSelMode -mode Object
lakerSingleSel -point (0.461,-0.125) -traversedist 0.051
lakerZoomInByArea -point (-2.421,-0.261) (2.021,1.835)
lakerCreateText -layerName TEXT -point (0.21,0.915) -orient R180 -justify CenterCenter -height 0.100000 -text {ckbb}
lakerCreateText -layerName TEXT -point (0.215,0.58) -orient R180 -justify CenterCenter -height 0.100000 -text {ckbb}
lakerSingleSel
lakerAttribute -index 1 -text {CKbb}
lakerSingleSel
lakerAttribute -index 1 -text {CKb}
lakerChangeSelMode -mode Vertex
lakerStretchObj -refPoint (0.145,0.585) -ignoreNet 0 -offsetPoint (0.145,0.535)
lakerChangeSelMode -mode Object
lakerSingleSel
lakerChangeSelMode -mode Vertex
lakerStretchObj -refPoint (0.105,0.9) -ignoreNet 0 -offsetPoint (0.105,0.98)
lakerChangeSelMode -mode Object
lakerSingleSel -point (0.822,0.849) -traversedist 0.025
lakerSaveDesign -autosave
lakerSaveDesign -autosave
lakerChangeSelMode -mode Vertex
lakerSingleSel
lakerChangeSelMode -mode Object
lakerChangeSelMode -mode Vertex
lakerSingleSel -point (-0.811,0.965) -traversedist 0.025
lakerAreaSel -point (-0.788,0.88) (-0.265,0.993)
lakerChangeSelMode -mode Object
lakerDeselectAll
lakerChangeSelMode -mode Vertex
lakerSingleSel -point (-1.001,1.094) -traversedist 0.025
lakerAreaSel -point (-0.764,0.885) (-0.51,0.993)
lakerZoomAll
lakerZoomInByArea -point (-2.011,-2.134) (10.463,3.752)
lakerSingleSel -point (-1.788,2.569) -traversedist 0.07
lakerAreaSel -point (-1.823,-1.315) (7.045,2.583)
lakerSingleSel -point (5.976,-1.25) -traversedist 0.07
lakerZoomInByArea -point (-1.983,-1.858) (8.953,3.302)
lakerSingleSel -point (-1.184,2.68) -traversedist 0.061
lakerZoomInByArea -point (-4.24,-1.077) (3.556,2.601)
lakerSingleSel -point (-2.027,1.479) -traversedist 0.043
lakerSaveDesign
lakerSetActiveLayer -layerName TEXT -purpose drawing
lakerCreatePath -layerName TEXT -point (0.675,2.365) (0.675,-0.77) -width 0.200000 0.000000 -routeStatus fixed
lakerCreatePath -layerName TEXT -point (1.535,2.36) (1.535,-0.83) -width 0.200000 0.000000 -routeStatus fixed
lakerZoomAll
lakerZoomInByArea -point (-1.988,-0.888) (5.85,2.81)
lakerZoomAll
lakerSingleSel -point (-4.412,2.583) -traversedist 0.091
lakerSingleSel
lakerChangeSelMode -mode DevObj
lakerChangeSelMode -mode Vertex
lakerDeleteObj
lakerUndo
lakerUndo
lakerUndo
lakerSingleSel
lakerChangeSelMode -mode DevObj
lakerChangeSelMode -mode Vertex
lakerDeleteObj
lakerAreaSel -point (-1.367,-0.16) (0.73,1.811)
lakerClearRuler
lakerChangeSelMode -mode DevObj
lakerChangeSelMode -mode Vertex
lakerChangeSelMode -mode DevObj
lakerMoveObj -ignoreNet 0 -refPoint (-0.77,1.345) -offsetPoint (-1.465,1.345)
lakerChangeSelMode -mode Vertex
lakerSingleSel -point (0.477,1.002) -traversedist 0.091
lakerCreatePath -layerName TEXT -point (0.13,1.83) (0.13,-0.315) -width 0.200000 0.000000 -routeStatus fixed
lakerAreaSel -point (0.632,-0.25) (1.57,1.829)
lakerChangeSelMode -mode DevObj
lakerMoveObj -ignoreNet 0 -refPoint (1.27,1.395) -offsetPoint (1.155,1.395)
lakerChangeSelMode -mode Vertex
lakerChangeSelMode -mode DevObj
lakerMoveObj -ignoreNet 0 -refPoint (1.155,1.395) -offsetPoint (1.155,1.395)
lakerChangeSelMode -mode Vertex
lakerZoomInByArea -point (-2.778,-1.17) (5.196,2.592)
lakerChangeSelMode -mode DevObj
lakerMoveObj -ignoreNet 0 -refPoint (1.145,1.265) -offsetPoint (0.87,1.265)
lakerChangeSelMode -mode Vertex
lakerSingleSel -point (1.291,0.755) -traversedist 0.044
lakerCreatePath -layerName TEXT -point (1.275,-0.22) (1.275,1.835) -width 0.200000 0.000000 -routeStatus fixed
lakerDeselectAll
lakerAreaSel -point (1.536,-0.07) (2.4,1.787)
lakerChangeSelMode -mode DevObj
lakerMoveObj -ignoreNet 0 -refPoint (2.07,1.295) -offsetPoint (1.955,1.295)
lakerChangeSelMode -mode Vertex
lakerSingleSel -point (2.319,1.503) -traversedist 0.044
lakerCreatePath -layerName TEXT -point (2.275,1.835) (2.275,-0.105) -width 0.200000 0.000000 -routeStatus fixed
lakerZoomAll
lakerZoomInByArea -point (1.354,-0.95) (9.62,2.95)
lakerSaveDesign -autosave
lakerSaveDesign -autosave
lakerDeselectAll
lakerAreaSel -point (4.023,-0.15) (8.425,1.834)
lakerChangeSelMode -mode DevObj
lakerMoveObj -ignoreNet 0 -refPoint (4.47,1.42) -offsetPoint (4.71,1.42)
lakerChangeSelMode -mode Vertex
lakerSingleSel -point (4.272,0.76) -traversedist 0.046
lakerCreatePath -layerName TEXT -point (4.035,1.735) (4.035,-0.085) -width 0.200000 0.000000 -routeStatus fixed
lakerDeselectAll
lakerAreaSel -point (5.904,-0.15) (8.635,1.784)
lakerChangeSelMode -mode DevObj
lakerMoveObj -ignoreNet 0 -refPoint (6.53,1.465) -offsetPoint (6.685,1.465)
lakerChangeSelMode -mode Vertex
lakerSingleSel -point (6.01,1.613) -traversedist 0.046
lakerSingleSel -point (5.964,1.705) -traversedist 0.046
lakerCreatePath -layerName TEXT -point (5.93,1.67) (5.93,0.11) -width 0.200000 0.000000 -routeStatus fixed
lakerCreatePath -layerName TEXT -point (5.1,1.765) (5.1,-0.075) -width 0.100000 0.000000 -routeStatus fixed
lakerCreatePath -layerName TEXT -point (8.545,1.855) (8.545,-0.195) -width 0.100000 0.000000 -routeStatus fixed
lakerCreatePath -layerName TEXT -point (6.89,1.745) (6.89,-0.15) -width 0.100000 0.000000 -routeStatus fixed
lakerChangeSelMode -mode DevObj
lakerSingleSel
lakerDeleteObj
lakerChangeSelMode -mode Vertex
lakerChangeSelMode -mode DevObj
lakerChangeSelMode -mode Vertex
lakerCreatePath -layerName TEXT -point (5.965,1.68) (5.965,-0.08) -width 0.100000 0.000000 -routeStatus fixed
lakerChangeSelMode -mode DevObj
lakerSingleSel
lakerDeleteObj
lakerChangeSelMode -mode Vertex
lakerCreatePath -layerName TEXT -point (4.145,1.695) (4.145,-0.005) -width 0.100000 0.000000 -routeStatus fixed
lakerSingleSel
lakerChangeSelMode -mode DevObj
lakerChangeSelMode -mode Vertex
lakerDeleteObj
lakerCreatePath -layerName TEXT -point (2.365,1.81) (2.365