Command Line: /data1/synopsys/laker/laker_v2023.06-2.aut/platform/LINUX64/bin/laker
uname(Linux leon 3.10.0-1160.105.1.el7.x86_64 #1 SMP Mon Nov 6 06:58:51 EST 2023 x86_64)
source /data1/synopsys/laker/laker_v2023.06-2.aut/gift/gift.tcl
wtAskUser: "The autosave cell view exists. Open the autosave file?", answer:  "Yes"
The color name 'ID_WHITE' of the 'DT' layer was not defined in default.dsp file.
lakerOpenDesign -lib test -cell DFFQX1 -mode readOnly -autosave
lakerSetActiveLayer -layerName ref -purpose drawing
Corrupted lockfile(/home/user/wrk/standard_113/laker/test.lib++/DFFQX1/layout.lock) is removed.
lakerSetActiveLayer -layerName ref -purpose drawing
lakerChgmodeDesign
lakerAreaSel -point (-0.399,-0.115) (1.915,2.9)
lakerSingleSel -point (-3.072,3.801) -traversedist 0.155
lakerAreaSel -point (-0.461,0.105) (1.48,2.9)
lakerSingleSel -point (-1.409,1.315) -traversedist 0.155
lakerAreaSel -point (-1.332,0.647) (2.99,1.845)
lakerSingleSel -point (-0.803,3.195) -traversedist 0.155
lakerSingleSel -point (-0.788,3.195) -traversedist 0.155
lakerSingleSel -point (-2.015,2.776) -traversedist 0.155
lakerCloseDesign

====== The following is working cellview list in memory ======
====================== Possible top cellview ======================
=== mode[s] file(TmpClipboardCV)
===================================================================
=========================================================

