Command Line: /data1/synopsys/laker/laker_v2023.06-2.aut/platform/LINUX64/bin/laker
uname(Linux leon 3.10.0-1160.105.1.el7.x86_64 #1 SMP Mon Nov 6 06:58:51 EST 2023 x86_64)
source /data1/synopsys/laker/laker_v2023.06-2.aut/gift/gift.tcl
The color name 'ID_WHITE' of the 'DT' layer was not defined in default.dsp file.
lakerOpenDesign -lib test -cell DFFQX1 -mode readOnly
lakerSetActiveLayer -layerName ref -purpose drawing
lakerChangeSelMode -mode Object
lakerDeselectAll
lakerChangeSelMode -mode Vertex
lakerSingleSel -point (-1.819,6.422) -traversedist 0.118
lakerSingleSel -point (-1.654,5.657) -traversedist 0.118
lakerSingleSel -point (-0.76,5.869) -traversedist 0.118
lakerSingleSel -point (-0.642,3.621) -traversedist 0.118
lakerChangeSelMode -mode Object
lakerSetActiveLayer -layerName ref -purpose drawing
lakerChgmodeDesign
lakerChangeSelMode -mode Vertex
lakerChangeSelMode -mode Object
lakerChangeSelMode -mode Vertex
lakerChangeSelMode -mode Object
lakerZoomInByArea -point (-2.649,0.067) (3.941,3.173)
lakerChangeSelMode -mode Vertex
lakerChangeSelMode -mode Object
lakerChangeSelMode -mode Vertex
lakerSelectObjects -start -point (0.887,1.681) -traversedist 0.037
X Error: error code: 8. X_SetInputFocus - BadMatch (invalid parameter attributes)
lakerSelectObjects -end
lakerSingleSel -point (1.387,1.567) -traversedist 0.037
lakerSingleSel -point (1.342,1.953) -traversedist 0.037
lakerChangeSelMode -mode Object
lakerOpenDesign -lib test -cell NAND4X1 -mode readOnly
lakerSetActiveLayer -layerName ref -purpose drawing
lakerZoomAll
lakerSingleSel -point (3.355,0.987) -traversedist 0.053
lakerSingleSel -point (-0.988,0.546) -traversedist 0.053
lakerCloseDesign
lakerChangeSelMode -mode Vertex
lakerSingleSel -point (-0.731,1.241) -traversedist 0.037
lakerZoomInByArea -point (-1.143,0.7) (1.489,1.94)
lakerZoomAll
lakerZoomInByArea -point (-2.522,-0.097) (3.72,2.845)
lakerZoomInByArea -point (-0.889,0.523) (1.419,1.611)
lakerZoomAll
lakerZoomInByArea -point (-2.234,0.197) (3.232,2.773)
lakerZoomInByArea -point (-0.335,1.102) (0.467,1.48)
lakerZoomAll
lakerZoomInByArea -point (-1.443,0.691) (1.605,2.127)
lakerZoomInByArea -point (-0.772,0.715) (1.376,1.727)
lakerSingleSel
lakerSingleSel -point (0.189,1.285) -traversedist 0.012
lakerSetActiveLayer -layerName POLY1 -purpose drawing
lakerSingleSel
lakerSingleSel
lakerSingleSel
lakerSingleSel
lakerChangeSelMode -mode DevObj
lakerCopyObj -refPoint (0.175,0.755) -offsetPoint (0.175,1.255)
lakerChangeSelMode -mode Vertex
lakerStretchObj -refPoint (0.11,1.235) -ignoreNet 0 -offsetPoint (-0.135,1.235)
lakerStretchObj -refPoint (-0.08,1.205) -ignoreNet 0 -offsetPoint (0.065,1.205)
lakerSingleSel
lakerChangeSelMode -mode Object
lakerSelInsideGroup -selInside 0
lakerSetActiveLayer -layerName POLY1 -purpose drawing
lakerBoolean -op {SIZE 0.04 0.04 0.04 0.04} -truncate 1.414 -snap 0 -convert 1
lakerChangeSelMode -mode Vertex
lakerSelInsideGroup -selInside 1
lakerUndo
lakerChangeSelMode -mode Object
lakerSelInsideGroup -selInside 0
lakerBoolean -op {SIZE 0.04 0.04 0.04 0.04} -truncate 1.414 -snap 0 -convert 1 -newObj 1 -layerName POLY1
lakerSingleSel
lakerBoolean -op {SIZE 0.04 0.04 0.04 0.04} -truncate 1.414 -snap 0 -convert 1 -newObj 1 -layerName POLY1
lakerSingleSel
lakerBoolean -op {SIZE 0.04 0.04 0.04 0.04} -truncate 1.414 -snap 0 -convert 1 -newObj 1 -layerName POLY1
lakerSingleSel
lakerBoolean -op {SIZE 0.04 0.04 0.04 0.04} -truncate 1.414 -snap 0 -convert 1 -newObj 1 -layerName POLY1
lakerChangeSelMode -mode Vertex
lakerSelInsideGroup -selInside 1
lakerDeselectAll
lakerSingleSel
lakerChangeSelMode -mode Object
lakerSelInsideGroup -selInside 0
lakerSetActiveLayer -layerName METAL1 -purpose pin
lakerBoolean -op {SIZE 0.06 0.06 0.06 0.06} -truncate 1.414 -snap 0 -convert 1 -newObj 1 -layerName METAL1 -purpose pin
lakerSingleSel -point (-0.016,1.075) -traversedist 0.012
lakerChangeSelMode -mode Vertex
lakerSelInsideGroup -selInside 1
lakerUndo
lakerSingleSel
lakerChangeSelMode -mode Object
lakerSelInsideGroup -selInside 0
lakerSetColPat -modCategory DesignSet -use 1
lakerSetActiveLayer -layerName METAL1 -purpose drawing
lakerBoolean -op {SIZE 0.06 0.06 0.06 0.06} -truncate 1.414 -snap 0 -convert 1 -newObj 1 -layerName METAL1
lakerChangeSelMode -mode Vertex
lakerSelInsideGroup -selInside 1
lakerSingleSel -point (0.0,1.055) -traversedist 0.012
lakerAreaSel -point (-0.139,0.995) (0.245,1.449)
lakerSingleSel -point (0.243,0.995) -traversedist 0.012
lakerAreaSel -point (-0.166,1.06) (0.23,1.411)
lakerMakeCell -replace 1 -cell POLY_GATE
lakerSaveDesign -autosave
lakerSingleSel
lakerStretchObj -refPoint (-0.005,1.265) -ignoreNet 0 -offsetPoint (0.32,1.265)
lakerAreaSel -point (0.345,1.24) (0.373,1.247)
lakerSingleSel
lakerSingleSel
lakerStretchObj -refPoint (0.43,1.26) -ignoreNet 0 -offsetPoint (0.415,1.26)
lakerMaxViewLevel
lakerStretchObj -refPoint (0.415,1.24) -ignoreNet 0 -offsetPoint (0.245,1.24)
lakerStretchObj -refPoint (0.2,1.3) -ignoreNet 0 -offsetPoint (0.22,1.3)
lakerSingleSel -point (0.475,1.235) -traversedist 0.012
lakerDistance -point (0.25,1.24) (0.29,1.237)
lakerDistance -point (0.212,1.37) (0.203,1.31)
lakerZoomAll
lakerZoomInByArea -point (-2.259,0.032) (3.611,2.798)
lakerZoomAll
lakerZoomInByArea -point (-3.385,-0.474) (5.501,3.714)
lakerDistance -point (0.213,2.615) (1.328,0.005)
lakerClearRuler
lakerZoomInByArea -point (-1.433,0.329) (2.899,2.371)
lakerSingleSel -point (1.319,1.443) -traversedist 0.024
lakerZoomAll
lakerZoomInByArea -point (-2.29,0.22) (3.652,3.02)
lakerSingleSel
lakerSingleSel -point (0.941,2.125) -traversedist 0.033
lakerZoomInByArea -point (0.477,1.562) (1.601,2.092)
lakerSaveDesign -autosave
lakerZoomAll
lakerZoomInByArea -point (-2.138,-0.192) (4.83,3.092)
lakerZoomInByArea -point (-0.619,1.456) (0.773,2.112)
lakerDistance -point (0.159,1.995) (0.157,1.875)
lakerDistance -point (0.149,1.755) (0.152,1.635)
lakerZoomAll
lakerZoomInByArea -point (-0.817,0.491) (1.427,1.549)
lakerDistance -point (0.16,0.873) (0.16,0.81)
lakerZoomInByArea -point (-0.296,0.597) (0.582,1.011)
lakerDistance -point (0.15,0.69) (0.153,0.628)
lakerZoomAll
lakerZoomInByArea -point (-2.169,0.526) (3.225,3.068)
lakerZoomInByArea -point (-0.987,0.797) (1.805,2.113)
lakerZoomAll
lakerZoomInByArea -point (-1.09,-1.569) (13.02,5.081)
lakerCreateInstance -point (4.37,-0.845) -cell DFF_CO1 -lib test -view layout
lakerZoomInByArea -point (3.939,-0.999) (5.143,-0.431)
lakerSingleSel -point (4.507,-0.599) -traversedist 0.007
lakerZoomInByArea -point (4.21,-0.821) (4.816,-0.535)
lakerSingleSel
lakerDeselectAll
lakerSingleSel
lakerSingleSel
lakerAlignObj -point (4.468,-0.599) -mode start
lakerAlignObj -refObj 1 -refPoint (4.47,-0.605) -traversedist 0.002
lakerUndo
lakerAlignObj -point (4.535,-0.601) -mode start
lakerAlignObj -refObj 1 -refPoint (4.535,-0.605) -traversedist 0.002
lakerUndo
lakerZoomIn
lakerZoomOut
lakerZoomOut
lakerZoomInByArea -point (4.34,-0.726) (4.692,-0.56)
lakerSingleSel -point (4.443,-0.581) -traversedist 0.002
lakerAlignObj -point (4.453,-0.601) -mode start
lakerAlignObj -refObj 1 -refPoint (4.45,-0.605) -traversedist 0.001
lakerAlignObj -mode end
lakerUndo
lakerSingleSel -point (4.456,-0.582) -traversedist 0.002
lakerAlignObj -point (4.447,-0.6) -mode start
lakerAlignObj -refObj 1 -refPoint (4.445,-0.605) -traversedist 0.001
lakerAlignObj -mode end
lakerUndo
lakerAlignObj -point (4.494,-0.601) -mode start
lakerAlignObj -refObj 1 -refPoint (4.49,-0.605) -traversedist 0.001
lakerAlignObj -mode end
lakerAlignObj -point (4.496,-0.602) -mode start
lakerAlignObj -refObj 1 -refPoint (4.49,-0.605) -traversedist 0.001
lakerAlignObj -point (4.508,-0.601) -mode start
lakerAlignObj -refObj 1 -refPoint (4.51,-0.605) -traversedist 0.001
lakerZoomAll
lakerZoomInByArea -point (3.861,-1.159) (5.529,-0.373)
lakerAlignObj -mode end
lakerUndo
lakerZoomInByArea -point (4.148,-0.88) (4.886,-0.532)
lakerSingleSel -point (4.779,-0.819) -traversedist 0.004
lakerZoomInByArea -point (4.412,-0.88) (4.592,-0.796)
The zoom-in area is re-adjusted to minimum size that can be displayed.
The displayed area is: (4.412,-0.88) (4.592,-0.796).
lakerZoomAll
lakerZoomInByArea -point (4.067,-0.951) (5.085,-0.471)
lakerZoomInByArea -point (4.415,-0.653) (4.597,-0.567)
The zoom-in area is re-adjusted to minimum size that can be displayed.
The displayed area is: (4.415,-0.653) (4.597,-0.567).
lakerAlignObj -point (4.502,-0.601) -mode start
lakerAlignObj -refObj 1 -refPoint (4.5,-0.605) -traversedist 0.001
lakerAlignObj -mode end
lakerUndo
lakerAlignObj -point (4.502,-0.6) -mode start
lakerAlignObj -refObj 1 -refPoint (4.49,-0.605) -traversedist 0.001
lakerAlignObj -point (4.507,-0.6) -mode start
lakerAlignObj -refObj 1 -refPoint (4.5,-0.605) -traversedist 0.001
lakerAlignObj -mode end
lakerUndo
lakerAlignObj -point (4.501,-0.6) -mode start
lakerAlignObj -refObj 1 -refPoint (4.5,-0.605) -traversedist 0.001
lakerAlignObj -mode end
lakerUndo
lakerAlignObj -point (4.49,-0.6) -mode start
lakerAlignObj -refObj 1 -refPoint (4.49,-0.605) -traversedist 0.001
lakerAlignObj -mode end
lakerAlignObj -point (4.494,-0.601) -mode start
lakerAlignObj -refObj 1 -refPoint (4.495,-0.605) -traversedist 0.001
lakerAlignObj -mode end
lakerUndo
lakerAreaSel -point (4.427,-0.605) (4.555,-0.597)
lakerSingleSel -point (4.454,-0.577) -traversedist 0.001
lakerAreaSel -point (4.428,-0.6) (4.555,-0.596)
lakerAreaSel -point (4.425,-0.605) (4.555,-0.595)
lakerAlignObj -mode end
lakerDeselectAll
lakerDeselectAll
lakerAlignObj -mode end
lakerAreaSel -point (4.427,-0.605) (4.555,-0.596)
lakerSingleSel -point (4.426,-0.589) -traversedist 0.001
lakerAreaSel -point (4.424,-0.61) (4.57,-0.594)
lakerSingleSel -point (4.441,-0.587) -traversedist 0.001
lakerAreaSel -point (4.424,-0.605) (4.56,-0.597)
lakerAlignObj -point (4.497,-0.6) -mode start
lakerAlignObj -refObj 1 -refPoint (4.495,-0.605) -traversedist 0.001
lakerAlignObj -mode end
lakerUndo
lakerZoomAll
lakerSingleSel -point (1.157,1.274) -traversedist 0.126
lakerZoomInByArea -point (-1.071,0.553) (2.791,2.373)
lakerAlignObj -point (0.807,2.158) -mode start
lakerAlignObj -refObj 1 -refPoint (0.785,1.995) -traversedist 0.011
lakerAlignObj -mode end
lakerUndo
lakerSingleSel -point (1.1,2.095) -traversedist 0.022
lakerAreaSel -point (0.497,2.1) (1.01,2.252)
lakerAlignObj -point (0.781,2.166) -mode start
lakerAlignObj -refObj 1 -refPoint (0.865,1.995) -traversedist 0.011
lakerUndo
lakerSingleSel -point (1.481,1.669) -traversedist 0.022
lakerZoomAll
lakerZoomInByArea -point (4.418,-1.014) (5.518,-0.496)
lakerZoomAll
lakerZoomInByArea -point (4.064,-0.844) (4.924,-0.438)
lakerZoomInByArea -point (4.359,-0.695) (4.665,-0.551)
The zoom-in area is re-adjusted to minimum size that can be displayed.
The displayed area is: (4.359,-0.695) (4.665,-0.551).
lakerSingleSel -point (4.427,-0.587) -traversedist 0.002
lakerAreaSel -point (4.427,-0.605) (4.56,-0.593)
lakerSingleSel
lakerSingleSel -point (4.516,-0.583) -traversedist 0.002
lakerSingleSel
lakerSingleSel -point (4.432,-0.591) -traversedist 0.002
lakerSingleSel
lakerSaveDesign -autosave
lakerChangeSelMode -mode Object
lakerSmashObj -level 1
lakerChangeSelMode -mode Vertex
lakerSingleSel -point (4.483,-0.588) -traversedist 0.002
lakerSingleSel
lakerSingleSel -point (4.418,-0.585) -traversedist 0.002
lakerAreaSel -point (4.416,-0.605) (4.56,-0.592)
lakerSingleSel -point (4.532,-0.579) -traversedist 0.002
lakerSingleSel
lakerSingleSel
lakerSingleSel -point (4.565,-0.594) -traversedist 0.002
lakerSingleSel
lakerSingleSel
lakerSingleSel -point (4.504,-0.573) -traversedist 0.002
lakerZoomAll
lakerZoomInByArea -point (3.774,-1.013) (5.378,-0.257)
lakerZoomInByArea -point (4.323,-0.745) (4.731,-0.553)
lakerAlignObj -point (4.507,-0.6) -mode start
lakerAlignObj -refObj 1 -refPoint (4.51,-0.605) -traversedist 0.001
lakerZoomAll
lakerZoomInByArea -point (3.716,-1.144) (5.536,-0.286)
lakerZoomInByArea -point (4.272,-0.844) (4.744,-0.622)
lakerZoomAll
lakerZoomInByArea -point (3.961,-0.905) (5.115,-0.361)
lakerAlignObj -mode end
lakerAlignObj -point (4.489,-0.855) -mode start
lakerAlignObj -refObj 1 -refPoint (4.515,-0.845) -traversedist 0.003
lakerZoomInByArea -point (4.205,-0.867) (4.829,-0.573)
lakerZoomInByArea -point (4.394,-0.696) (4.69,-0.556)
The zoom-in area is re-adjusted to minimum size that can be displayed.
The displayed area is: (4.394,-0.696) (4.69,-0.556).
lakerDistance -point (4.518,-0.605) (4.528,-0.665)
lakerZoomAll
lakerZoomInByArea -point (3.744,-1.065) (5.408,-0.281)
lakerZoomInByArea -point (4.204,-0.839) (4.798,-0.559)
lakerAlignObj -point (4.514,-0.787) -mode start
lakerAlignObj -mode end
lakerZoomAll
lakerSingleSel
lakerAreaSel -point (3.963,-0.95) (4.875,-0.433)
lakerDeselectAll
lakerZoomInByArea -point (4.1,-0.888) (4.826,-0.546)
lakerZoomInByArea -point (4.409,-0.888) (4.605,-0.796)
The zoom-in area is re-adjusted to minimum size that can be displayed.
The displayed area is: (4.409,-0.888) (4.605,-0.796).
lakerSingleSel -point (4.492,-0.86) -traversedist 0.001
lakerSingleSel -point (4.536,-0.846) -traversedist 0.001
lakerAlignObj -point (4.523,-0.845) -mode start
lakerAlignObj -refObj 1 -refPoint (4.56,-0.845) -traversedist 0.001
lakerAlignObj -mode end
lakerUndo
lakerSingleSel -point (4.519,-0.866) -traversedist 0.001
lakerZoomAll
lakerZoomInByArea -point (3.83,-1.158) (5.574,-0.336)
lakerRedo
lakerSingleSel -point (4.682,-0.843) -traversedist 0.01
lakerZoomInByArea -point (4.211,-0.856) (4.789,-0.584)
lakerSingleSel -point (4.674,-0.752) -traversedist 0.003
lakerSingleSel -point (4.353,-0.626) -traversedist 0.003
lakerAreaSel -point (4.351,-0.855) (4.64,-0.596)
wtAskUser: "The Cell: DFF_CO1 View:layout exists. Overwrite it anyway?", answer:  "Yes"
lakerMakeCell -replace 1 -cell DFF_CO1 -overwrite 1
lakerSingleSel -point (4.281,-0.678) -traversedist 0.003
lakerCreateInstance -point (4.625,-0.85) -cell DFF_CO1 -lib test -view layout
lakerZoomAll
lakerSingleSel -point (3.659,-0.842) -traversedist 0.126
lakerAreaSel -point (3.697,-1.12) (6.455,-0.387)
lakerChangeSelMode -mode DevObj
lakerChangeSelMode -mode Vertex
lakerDeleteObj
lakerClearRuler
lakerZoomInByArea -point (-3.278,-0.602) (4.098,2.874)
lakerZoomInByArea -point (-0.861,0.599) (2.577,2.219)
lakerZoomInByArea -point (-0.052,1.255) (1.392,1.935)
lakerZoomAll
lakerZoomInByArea -point (-1.681,0.256) (2.737,2.338)
lakerZoomInByArea -point (-0.151,1.138) (1.515,1.924)
lakerAreaSel -point (0.04,1.6) (1.265,1.635)
lakerSingleSel -point (0.211,1.54) -traversedist 0.009
lakerAreaSel -point (0.021,1.56) (1.215,1.635)
lakerZoomInByArea -point (-0.018,1.327) (1.224,1.913)
lakerSingleSel -point (0.094,1.539) -traversedist 0.007
lakerSingleSel
lakerZoomInByArea -point (0.055,1.581) (0.241,1.669)
The zoom-in area is re-adjusted to minimum size that can be displayed.
The displayed area is: (0.055,1.581) (0.241,1.669).
lakerAlignObj -point (0.101,1.633) -mode start
lakerAlignObj -refObj 1 -refPoint (0.115,1.635) -traversedist 0.001
lakerZoomAll
lakerZoomInByArea -point (-1.182,0.785) (2.238,2.397)
lakerSingleSel -point (0.55,1.466) -traversedist 0.019
lakerZoomInByArea -point (0.327,1.504) (1.139,1.886)
lakerSingleSel -point (1.017,1.581) -traversedist 0.005
lakerAreaSel -point (0.475,1.619) (1.052,1.635)
lakerSingleSel -point (0.561,1.59) -traversedist 0.005
lakerAreaSel -point (0.475,1.612) (1.085,1.635)
lakerSingleSel -point (0.551,1.596) -traversedist 0.005
lakerDeselectAll
lakerAreaSel -point (0.476,1.6) (1.08,1.635)
lakerSingleSel -point (0.549,1.584) -traversedist 0.005
lakerAreaSel -point (0.478,1.612) (1.1,1.635)
lakerSingleSel -point (1.001,1.55) -traversedist 0.005
lakerZoomInByArea -point (0.469,1.587) (0.649,1.671)
The zoom-in area is re-adjusted to minimum size that can be displayed.
The displayed area is: (0.469,1.587) (0.649,1.671).
lakerAlignObj -point (0.541,1.633) -mode start
lakerAlignObj -refObj 1 -refPoint (0.545,1.635) -traversedist 0.001
lakerZoomAll
lakerZoomInByArea -point (-0.831,0.35) (3.111,2.208)
lakerZoomInByArea -point (0.22,1.466) (1.4,2.022)
lakerAlignObj -mode end
lakerUndo
lakerDeselectAll
lakerZoomInByArea -point (0.871,1.544) (1.135,1.668)
lakerAlignObj -point (0.991,1.633) -mode start
lakerAlignObj -refObj 1 -refPoint (0.975,1.635) -traversedist 0.001
lakerZoomAll
lakerZoomInByArea -point (-2.197,-0.133) (3.795,2.691)
lakerZoomInByArea -point (-0.645,0.936) (2.049,2.206)
lakerZoomInByArea -point (0.525,1.56) (1.547,2.042)
lakerAlignObj -mode end
lakerAlignObj -mode end
lakerZoomInByArea -point (0.892,1.938) (1.088,2.03)
The zoom-in area is re-adjusted to minimum size that can be displayed.
The displayed area is: (0.892,1.938) (1.088,2.03).
lakerAlignObj -mode end
lakerAlignObj -point (0.97,1.999) -mode start
lakerAlignObj -refObj 1 -refPoint (0.975,1.995) -traversedist 0.001
lakerZoomAll
lakerZoomInByArea -point (-1.75,0.526) (2.642,2.596)
lakerZoomInByArea -point (-0.364,1.29) (1.372,2.108)
lakerAlignObj -mode end
lakerZoomInByArea -point (0.889,1.572) (1.091,1.668)
The zoom-in area is re-adjusted to minimum size that can be displayed.
The displayed area is: (0.889,1.572) (1.091,1.668).
lakerAlignObj -mode end
lakerAlignObj -point (0.975,1.631) -mode start
lakerAlignObj -snapMode anyangle -refObj 1 -refPoint (0.97,1.63) -traversedist 0.001
lakerAlignObj -point (0.979,1.63) -mode start
lakerAlignObj -refObj 1 -refPoint (0.96,1.63) -traversedist 0.001
lakerAlignObj -point (0.975,1.63) -mode start
lakerAlignObj -snapMode anyangle -refObj 1 -refPoint (0.97,1.63) -traversedist 0.001
lakerZoomInByArea -point (0.886,1.589) (1.066,1.673)
The zoom-in area is re-adjusted to minimum size that can be displayed.
The displayed area is: (0.886,1.589) (1.066,1.673).
lakerAlignObj -mode end
lakerAlignObj -mode end
lakerDeselectAll
lakerSingleSel -point (0.981,1.616) -traversedist 0.001
lakerAlignObj -mode end
lakerZoomAll
lakerZoomInByArea -point (-1.76,0.091) (3.158,2.409)
lakerZoomInByArea -point (-0.177,1.246) (1.227,1.908)
lakerZoomAll
lakerZoomInByArea -point (-1.855,0.409) (3.535,2.949)
lakerZoomInByArea -point (-0.09,1.446) (1.22,2.064)
lakerZoomInByArea -point (0.022,1.916) (0.254,2.026)
lakerAlignObj -mode end
lakerAlignObj -point (0.124,1.999) -mode start
lakerAlignObj -snapMode anyangle -refObj 1 -refPoint (0.13,2.0) -traversedist 0.001
lakerAlignObj -point (0.138,1.999) -mode start
lakerAlignObj -mode end
lakerDeselectAll
lakerDeselectAll
lakerChangeSelMode -mode Object
lakerSingleSel -point (0.133,2.011) -traversedist 0.001
lakerChangeSelMode -mode Vertex
lakerSingleSel
lakerStretchObj -refPoint (0.14,2.0) -ignoreNet 0 -offsetPoint (0.14,1.995)
lakerZoomAll
lakerZoomInByArea -point (-1.177,0.832) (2.493,2.562)
lakerZoomInByArea -point (-0.051,1.478) (1.303,2.116)
lakerAlignObj -point (0.54,1.631) -mode start
lakerAlignObj -refObj 1 -refPoint (0.54,1.635) -traversedist 0.004
lakerSaveDesign -autosave
lakerAlignObj -mode end
lakerAlignObj -point (0.155,1.631) -mode start
lakerAlignObj -mode end
lakerZoomInByArea -point (-0.012,1.573) (0.266,1.705)
The zoom-in area is re-adjusted to minimum size that can be displayed.
The displayed area is: (-0.012,1.573) (0.266,1.705).
lakerAlignObj -mode end
lakerAlignObj -point (0.123,1.63) -mode start
lakerAlignObj -refObj 1 -refPoint (0.125,1.635) -traversedist 0.001
lakerZoomAll
lakerZoomInByArea -point (-1.133,0.962) (1.813,2.35)
lakerZoomInByArea -point (-0.148,1.647) (0.646,2.021)
lakerZoomAll
lakerZoomInByArea -point (-0.534,1.668) (1.638,2.692)
lakerZoomAll
lakerZoomInByArea -point (-0.891,1.221) (2.253,2.703)
lakerZoomInByArea -point (-0.05,1.544) (1.1,2.086)
lakerZoomInByArea -point (0.008,1.907) (0.248,2.021)
lakerAlignObj -mode end
lakerDeselectAll
lakerAlignObj -mode end
lakerAreaSel -point (0.066,1.995) (0.205,2.002)
lakerStretchObj -refPoint (0.135,2.0) -ignoreNet 0 -offsetPoint (0.135,1.995)
lakerZoomOut
lakerZoomOut
lakerZoomOut
lakerSingleSel -point (0.127,1.577) -traversedist 0.011
lakerZoomInByArea -point (-0.053,1.57) (0.317,1.744)
lakerSingleSel -point (0.168,1.585) -traversedist 0.002
lakerZoomAll
lakerZoomInByArea -point (-0.923,0.95) (1.921,2.29)
lakerZoomInByArea -point (0.274,1.7) (1.042,2.062)
lakerAlignObj -point (0.534,2.002) -mode start
lakerAlignObj -refObj 1 -refPoint (0.535,1.995) -traversedist 0.002
lakerZoomAll
lakerZoomInByArea -point (-0.553,1.326) (2.069,2.562)
lakerZoomInByArea -point (0.41,1.629) (0.75,1.789)
lakerZoomAll
lakerZoomInByArea -point (0.143,1.068) (2.291,2.08)
lakerZoomInByArea -point (0.433,1.588) (0.683,1.706)
lakerAlignObj -mode end
lakerDeselectAll
lakerSingleSel
lakerSingleSel
lakerStretchObj -refPoint (0.535,1.63) -ignoreNet 0 -offsetPoint (0.535,1.635)
lakerZoomAll
lakerZoomInByArea -point (-0.513,1.444) (1.711,2.492)
lakerZoomInByArea -point (0.468,1.946) (0.648,2.03)
The zoom-in area is re-adjusted to minimum size that can be displayed.
The displayed area is: (0.468,1.946) (0.648,2.03).
lakerSingleSel
lakerSingleSel
lakerStretchObj -refPoint (0.555,2.0) -ignoreNet 0 -offsetPoint (0.555,1.995)
lakerZoomAll
lakerZoomInByArea -point (-0.548,1.097) (1.946,2.273)
lakerSingleSel -point (1.184,1.338) -traversedist 0.014
lakerSingleSel
lakerStretchObj -refPoint (0.55,1.625) -ignoreNet 0 -offsetPoint (0.55,1.38)
lakerSingleSel
lakerSingleSel
lakerStretchObj -refPoint (0.54,1.39) -ignoreNet 0 -offsetPoint (0.54,1.64)
lakerZoomInByArea -point (0.48,1.613) (0.71,1.721)
lakerZoomAll
lakerZoomInByArea -point (-1.908,1.068) (3.036,3.398)
lakerZoomInByArea -point (-0.248,1.636) (0.406,1.944)
lakerZoomAll
lakerZoomInByArea -point (-0.759,1.279) (1.015,2.115)
lakerZoomInByArea -point (-0.007,1.555) (0.269,1.685)
lakerZoomAll
lakerZoomInByArea -point (-1.017,1.244) (1.227,2.302)
lakerZoomInByArea -point (-0.084,1.565) (0.286,1.739)
lakerZoomAll
lakerZoomInByArea -point (-1.194,1.044) (1.828,2.468)
lakerZoomInByArea -point (0.311,1.56) (1.363,2.056)
lakerZoomInByArea -point (0.475,1.599) (0.683,1.697)
The zoom-in area is re-adjusted to minimum size that can be displayed.
The displayed area is: (0.475,1.599) (0.683,1.697).
lakerZoomAll
lakerZoomInByArea -point (0.864,1.534) (1.228,1.706)
lakerSingleSel
lakerStretchObj -refPoint (0.985,1.63) -ignoreNet 0 -offsetPoint (0.985,1.59)
lakerZoomAll
lakerZoomInByArea -point (0.257,1.303) (1.929,2.091)
lakerUndo
lakerAlignObj -mode end
lakerDeselectAll
lakerSingleSel
lakerZoomInByArea -point (0.867,1.587) (1.047,1.671)
The zoom-in area is re-adjusted to minimum size that can be displayed.
The displayed area is: (0.867,1.587) (1.047,1.671).
lakerAlignObj -point (0.943,1.63) -mode start
lakerAlignObj -mode end
lakerSingleSel
lakerStretchObj -refPoint (0.955,1.63) -ignoreNet 0 -offsetPoint (0.955,1.635)
lakerZoomAll
lakerZoomInByArea -point (-0.292,1.279) (2.03,2.373)
lakerSingleSel -point (1.055,1.548) -traversedist 0.013
lakerZoomAll
lakerZoomInByArea -point (-0.454,-0.155) (2.264,1.125)
lakerZoomInByArea -point (0.582,0.481) (1.536,0.931)
lakerZoomInByArea -point (0.868,0.816) (1.048,0.9)
The zoom-in area is re-adjusted to minimum size that can be displayed.
The displayed area is: (0.868,0.816) (1.048,0.9).
lakerZoomAll
lakerZoomInByArea -point (-0.854,-0.045) (2.546,1.557)
lakerZoomInByArea -point (0.483,0.666) (1.297,1.05)
lakerAlignObj -mode end
lakerAlignObj -mode end
lakerZoomInByArea -point (0.907,0.824) (1.087,0.908)
The zoom-in area is re-adjusted to minimum size that can be displayed.
The displayed area is: (0.907,0.824) (1.087,0.908).
lakerDeselectAll
lakerSingleSel
lakerStretchObj -refPoint (0.975,0.875) -ignoreNet 0 -offsetPoint (0.975,0.89)
lakerSingleSel
lakerStretchObj -refPoint (0.975,0.89) -ignoreNet 0 -offsetPoint (0.975,0.875)
lakerZoomAll
lakerZoomInByArea -point (-0.195,0.353) (2.263,1.511)
lakerZoomInByArea -point (0.563,0.522) (1.449,0.94)
lakerZoomInByArea -point (0.896,0.572) (1.08,0.658)
The zoom-in area is re-adjusted to minimum size that can be displayed.
The displayed area is: (0.896,0.572) (1.08,0.658).
lakerSingleSel
lakerStretchObj -refPoint (0.955,0.63) -ignoreNet 0 -offsetPoint (0.955,0.595)
lakerZoomAll
lakerZoomInByArea -point (0.334,0.501) (2.016,1.293)
lakerSingleSel
lakerSingleSel
lakerDeselectAll
lakerSingleSel
lakerDeselectAll
lakerDeselectAll
lakerSingleSel
lakerSingleSel
lakerDeselectAll
lakerSingleSel
lakerDeselectAll
lakerZoomInByArea -point (0.873,0.779) (1.133,0.901)
lakerSingleSel
lakerSingleSel -point (0.97,0.838) -traversedist 0.001
lakerSingleSel
lakerStretchObj -refPoint (0.97,0.84) -ignoreNet 0 -offsetPoint (0.97,0.84)
lakerSingleSel
lakerZoomAll
lakerZoomInByArea -point (0.629,0.22) (2.629,1.162)
lakerZoomAll
lakerZoomInByArea -point (0.225,0.491) (1.549,1.115)
lakerAlignObj -mode end
lakerDeselectAll
lakerSingleSel
lakerSingleSel
lakerDeselectAll
lakerChangeSelMode -mode DevObj
lakerSingleSel
lakerMoveObj -ignoreNet 0 -refPoint (0.97,0.595) -offsetPoint (0.97,0.625)
lakerSingleSel -point (0.997,0.546) -traversedist 0.007
lakerSaveDesign -autosave
lakerZoomInByArea -point (0.597,0.576) (1.331,0.922)
lakerChangeSelMode -mode Vertex
lakerSingleSel
lakerSingleSel
lakerStretchObj -refPoint (0.99,0.625) -ignoreNet 0 -offsetPoint (0.99,0.63)
lakerSingleSel
lakerDeselectAll
lakerZoomInByArea -point (0.871,0.809) (1.083,0.909)
The zoom-in area is re-adjusted to minimum size that can be displayed.
The displayed area is: (0.871,0.809) (1.083,0.909).
lakerAlignObj -point (0.973,0.873) -mode start
lakerAlignObj -refObj 1 -refPoint (0.975,0.87) -traversedist 0.001
lakerZoomAll
lakerZoomInByArea -point (-0.16,-0.173) (3.334,1.473)
lakerZoomInByArea -point (0.621,0.581) (1.427,0.961)
lakerAlignObj -mode end
lakerSingleSel
lakerStretchObj -refPoint (0.97,0.625) -ignoreNet 0 -offsetPoint (0.97,0.63)
lakerZoomAll
lakerZoomInByArea -point (-1.368,0.067) (3.202,2.221)
lakerZoomInByArea -point (-0.361,0.387) (1.193,1.119)
lakerSingleSel -point (0.562,0.467) -traversedist 0.009
lakerZoomInByArea -point (0.0,0.561) (0.24,0.675)
The zoom-in area is re-adjusted to minimum size that can be displayed.
The displayed area is: (0.0,0.561) (0.24,0.675).
lakerAlignObj -point (0.104,0.628) -mode start
lakerAlignObj -refObj 1 -refPoint (0.105,0.63) -traversedist 0.001
lakerZoomAll
lakerZoomInByArea -point (0.031,0.291) (2.025,1.231)
lakerAlignObj -mode end
lakerAlignObj -point (0.143,0.876) -mode start
lakerAlignObj -refObj 1 -refPoint (0.145,0.87) -traversedist 0.006
lakerAlignObj -mode end
lakerAlignObj -point (0.157,0.625) -mode start
lakerAlignObj -mode end
lakerSingleSel -point (0.169,0.51) -traversedist 0.011
lakerSingleSel
lakerSingleSel
lakerSingleSel
lakerSingleSel
lakerSingleSel -point (0.171,0.585) -traversedist 0.011
lakerDistance -point (0.639,0.87) (0.64,0.63)
lakerAlignObj -point (0.15,0.623) -mode start
lakerAlignObj -refObj 1 -refPoint (0.145,0.63) -traversedist 0.006
lakerAlignObj -mode end
lakerAlignObj -mode end
lakerZoomInByArea -point (0.462,0.546) (0.736,0.676)
lakerAlignObj -mode end
lakerAlignObj -point (0.513,0.628) -mode start
lakerAlignObj -refObj 1 -refPoint (0.515,0.63) -traversedist 0.001
lakerZoomAll
lakerZoomInByArea -point (-0.548,-0.21) (3.052,1.486)
lakerZoomInByArea -point (0.034,0.432) (1.146,0.956)
lakerAlignObj -mode end
lakerAlignObj -point (0.531,0.877) -mode start
lakerAlignObj -refObj 1 -refPoint (0.53,0.87) -traversedist 0.003
lakerAlignObj -mode end
lakerAlignObj -point (0.156,0.878) -mode start
lakerAlignObj -refObj 1 -refPoint (0.155,0.87) -traversedist 0.003
lakerAlignObj -point (0.165,0.623) -mode start
lakerAlignObj -snapMode anyangle -refObj 1 -refPoint (0.13,0.625) -traversedist 0.003
lakerAlignObj -mode end
lakerUndo
lakerAlignObj -point (0.153,0.63) -mode start
lakerAlignObj -mode end
lakerZoomInByArea -point (0.061,0.583) (0.241,0.667)
The zoom-in area is re-adjusted to minimum size that can be displayed.
The displayed area is: (0.061,0.583) (0.241,0.667).
lakerAlignObj -point (0.137,0.625) -mode start
lakerAlignObj -refObj 1 -refPoint (0.14,0.63) -traversedist 0.001
lakerZoomAll
lakerZoomInByArea -point (-0.925,0.372) (2.005,1.752)
lakerZoomInByArea -point (-0.031,0.498) (0.983,0.976)
lakerZoomAll
lakerZoomInByArea -point (-0.407,-1.494) (13.137,4.888)
lakerZoomInByArea -point (1.512,0.299) (7.222,2.989)
lakerZoomAll
lakerZoomInByArea -point (-2.297,-0.838) (4.943,2.574)
lakerZoomInByArea -point (-0.137,0.959) (0.797,1.399)
lakerZoomAll
lakerZoomInByArea -point (-0.348,1.108) (2.1,2.262)
lakerAlignObj -mode end
lakerChangeSelMode -mode Object
lakerCreateText -layerName METAL1 -point (0.17,1.23) -justify CenterCenter -height 0.300000 -text {D}
lakerChangeSelMode -mode Vertex
lakerSingleSel
lakerSingleSel
lakerSingleSel
lakerSingleSel
lakerAttribute -index 1 -purpose pin
lakerSingleSel -point (0.602,1.335) -traversedist 0.014
lakerSaveDesign
lakerZoomAll
lakerZoomInByArea -point (-1.515,0.326) (3.301,2.596)
lakerSingleSel
lakerZoomInByArea -point (-0.487,0.772) (1.623,1.766)
lakerAlignObj -mode end
lakerZoomInByArea -point (0.439,1.588) (0.621,1.674)
The zoom-in area is re-adjusted to minimum size that can be displayed.
The displayed area is: (0.439,1.588) (0.621,1.674).
lakerSingleSel -point (0.51,1.622) -traversedist 0.001
lakerZoomInByArea -point (0.443,1.581) (0.623,1.665)
The zoom-in area is re-adjusted to minimum size that can be displayed.
The displayed area is: (0.443,1.581) (0.623,1.665).
lakerZoomAll
lakerZoomInByArea -point (-1.12,0.397) (2.976,2.327)
lakerSingleSel -point (0.516,1.343) -traversedist 0.023
lakerSingleSel
lakerSingleSel
lakerSingleSel -point (0.575,1.199) -traversedist 0.023
lakerSingleSel
lakerZoomInByArea -point (0.479,0.769) (0.865,0.951)
lakerAlignObj -mode end
lakerZoomAll
lakerZoomInByArea -point (-1.124,0.326) (3.146,2.338)
lakerZoomInByArea -point (-0.308,0.897) (1.478,1.739)
lakerZoomAll
lakerZoomInByArea -point (-1.553,0.114) (3.315,2.408)
lakerSingleSel
lakerZoomInByArea -point (-0.465,0.725) (1.597,1.697)
lakerAlignObj -mode end
lakerAlignObj -point (0.553,1.634) -mode start
lakerAlignObj -mode end
lakerZoomInByArea -point (0.447,1.595) (0.647,1.689)
The zoom-in area is re-adjusted to minimum size that can be displayed.
The displayed area is: (0.447,1.595) (0.647,1.689).
lakerZoomAll
lakerDeselectAll
lakerDeselectAll
lakerDeselectAll
lakerZoomInByArea -point (-0.811,0.667) (1.985,1.985)
lakerAlignObj -mode end
lakerSingleSel
lakerSingleSel
lakerStretchObj -refPoint (0.53,1.63) -ignoreNet 0 -offsetPoint (0.53,0.865)
lakerDeselectAll
lakerSingleSel
lakerDeselectAll
lakerSingleSel -point (0.433,1.406) -traversedist 0.016
lakerAreaSel -point (0.438,1.195) (0.655,1.277)
lakerZoomAll
lakerZoomInByArea -point (-0.901,1.15) (1.993,2.514)
lakerStretchObj -refPoint (0.555,1.23) -ignoreNet 0 -offsetPoint (0.555,2.0)
lakerSingleSel -point (1.125,1.292) -traversedist 0.016
lakerSingleSel
lakerSingleSel -point (1.339,1.473) -traversedist 0.016
lakerZoomAll
lakerZoomInByArea -point (-1.604,0.456) (2.614,2.444)
lakerSaveDesign -autosave
lakerSingleSel
lakerSingleSel
lakerSingleSel -point (0.904,1.296) -traversedist 0.024
lakerSingleSel
lakerSingleSel
lakerChangeSelMode -mode DevObj
lakerCopyObj -refPoint (0.88,1.48) -offsetPoint (0.88,1.25)
lakerChangeSelMode -mode Vertex
lakerStretchObj -refPoint (0.82,1.27) -ignoreNet 0 -offsetPoint (0.62,1.27)
lakerAttribute -index 1 -text {n20}
lakerSingleSel -point (0.843,1.225) -traversedist 0.024
lakerSingleSel
lakerStretchObj -refPoint (0.635,1.26) -ignoreNet 0 -offsetPoint (1.025,1.26)
lakerStretchObj -refPoint (1.03,1.245) -ignoreNet 0 -offsetPoint (0.605,1.245)
lakerSingleSel -point (1.146,1.171) -traversedist 0.024
lakerDistance -point (0.784,1.635) (0.791,1.455)
lakerSaveDesign -autosave
lakerSaveDesign -autosave
lakerDeselectAll
lakerSingleSel -point (0.471,0.552) -traversedist 0.024
lakerAreaSel -point (0.461,0.522) (0.67,2.1)
lakerChangeSelMode -mode DevObj
lakerChangeSelMode -mode Vertex
lakerDeleteObj
2 of selected objects cannot be deleted since the "Delete Shape Vertex" option in Preferences form is off.
lakerSingleSel -point (1.193,1.129) -traversedist 0.024
lakerAreaSel -point (0.629,0.53) (1.3,2.268)
lakerZoomAll
lakerSingleSel -point (1.699,3.068) -traversedist 0.118
lakerZoomInByArea -point (-2.379,0.267) (4.165,3.351)
lakerSingleSel
lakerSingleSel
lakerSingleSel -point (0.588,2.22) -traversedist 0.036
lakerAreaSel -point (0.585,0.4) (1.275,2.304)
lakerSingleSel -point (0.559,2.289) -traversedist 0.036
lakerZoomInByArea -point (-1.09,0.329) (3.09,2.299)
lakerDistance -point (0.39,1.837) (0.71,1.826)
lakerDistance -point (0.39,0.728) (0.71,0.714)
lakerZoomAll
lakerZoomInByArea -point (-2.087,-0.121) (3.579,2.549)
lakerZoomAll
lakerZoomInByArea -point (-2.848,-0.403) (4.34,2.985)
lakerClearRuler
lakerAreaSel -point (-0.246,-0.125) (1.49,2.732)
lakerSingleSel -point (1.494,0.515) -traversedist 0.04
lakerZoomInByArea -point (-2.602,-0.17) (3.684,2.792)
lakerZoomInByArea -point (-2.078,0.012) (3.388,2.588)
lakerDistance -point (0.71,1.829) (0.39,1.808)
lakerZoomInByArea -point (-0.109,1.344) (1.473,2.09)
lakerZoomAll
lakerZoomInByArea -point (-0.886,1.115) (2.284,2.609)
lakerDeselectAll
lakerAreaSel -point (0.611,1.345) (1.245,2.229)
lakerAlignObj -point (0.705,1.836) -mode start
lakerAlignObj -mode end
lakerSingleSel -point (1.474,1.488) -traversedist 0.018
lakerAreaSel -point (0.597,1.365) (1.07,2.232)
lakerAlignObj -point (0.71,1.842) -mode start
lakerAlignObj -refObj 1 -refPoint (0.385,1.84) -traversedist 0.009 -space 0.12
lakerSingleSel -point (1.297,1.746) -traversedist 0.018
lakerDistance -point (0.39,1.868) (0.51,1.877)
lakerAreaSel -point (-0.198,1.57) (1.4,2.202)
lakerChangeSelMode -mode Object
lakerSelInsideGroup -selInside 0
lakerMergeObj
lakerChangeSelMode -mode Vertex
lakerSelInsideGroup -selInside 1
lakerSingleSel -point (1.4,1.569) -traversedist 0.018
lakerClearRuler
lakerZoomAll
lakerZoomInByArea -point (-2.13,0.079) (3.162,2.573)
lakerAreaSel -point (0.594,0.35) (1.095,1.127)
lakerSingleSel
lakerSingleSel -point (0.509,1.065) -traversedist 0.03
lakerSingleSel -point (-0.049,1.08) -traversedist 0.03
lakerSingleSel -point (-0.15,1.133) -traversedist 0.03
lakerZoomInByArea -point (-0.068,0.324) (1.49,1.058)
lakerZoomAll
lakerZoomInByArea -point (-0.985,-0.027) (2.559,1.643)
lakerAreaSel -point (0.628,0.33) (1.07,1.117)
lakerAlignObj -mode end
lakerSingleSel -point (0.551,1.026) -traversedist 0.02
lakerSingleSel -point (0.636,1.09) -traversedist 0.02
lakerAreaSel -point (0.665,0.395) (1.11,1.105)
lakerAlignObj -point (0.705,0.767) -mode start
lakerAlignObj -refObj 1 -refPoint (0.385,0.72) -traversedist 0.01 -space 0.12
lakerSingleSel -point (0.891,0.588) -traversedist 0.02
lakerSingleSel -point (0.893,0.526) -traversedist 0.02
lakerAreaSel -point (-0.09,0.57) (1.085,0.983)
lakerChangeSelMode -mode Object
lakerSelInsideGroup -selInside 0
lakerMergeObj
lakerChangeSelMode -mode Vertex
lakerSelInsideGroup -selInside 1
lakerSingleSel -point (1.084,0.572) -traversedist 0.02
lakerSingleSel -point (1.219,0.744) -traversedist 0.02
lakerSaveDesign
lakerSingleSel
lakerStretchObj -refPoint (0.565,1.26) -ignoreNet 0 -offsetPoint (0.825,1.26)
lakerSingleSel -point (1.189,0.886) -traversedist 0.02
lakerZoomAll
lakerZoomInByArea -point (-1.941,0.42) (3.551,3.008)
lakerSingleSel -point (1.263,1.036) -traversedist 0.031
lakerZoomAll
lakerZoomInByArea -point (-1.746,-0.062) (3.944,2.62)
lakerSaveDesign -autosave
lakerSaveDesign -autosave
lakerSaveDesign -autosave
lakerSingleSel
lakerSingleSel
lakerSingleSel
lakerAttribute -index 1 -purpose pin -text {B}
lakerSingleSel -point (-0.572,1.255) -traversedist 0.032
lakerZoomInByArea -point (-0.689,0.63) (1.551,1.686)
lakerSingleSel -point (-0.193,1.297) -traversedist 0.013
lakerSingleSel -point (-0.008,1.214) -traversedist 0.013
lakerZoomOut
lakerSaveDesign -autosave
lakerSingleSel -point (1.137,1.188) -traversedist 0.025
lakerUndo
lakerUndo
lakerSingleSel -point (1.137,1.188) -traversedist 0.025
lakerChangeSelMode -mode Object
lakerSelectObjects -end
lakerCloseDesign
The color name 'ID_WHITE' of the 'DT' layer was not defined in default.dsp file.
lakerOpenDesign -lib test -cell NAND4X1 -mode readOnly
lakerSetActiveLayer -layerName ref -purpose drawing
lakerChangeSelMode -mode Object
lakerConnChecker -addNet -net LakerNet__1 -startPoint (1.045,0.91)
lakerConnChecker -toMaxLevel -net LakerNet__1 -speedMode -traceViaArray 1
lakerConnChecker -addNet -net LakerNet__2 -startPoint (0.535,1.545)
lakerConnChecker -toMaxLevel -net LakerNet__2 -speedMode -traceViaArray 1
lakerConnChecker -addNet -net LakerNet__3 -startPoint (0.925,1.485)
lakerConnChecker -toMaxLevel -net LakerNet__3 -speedMode -traceViaArray 1
lakerConnChecker -clear
lakerClearHighLight
lakerConnChecker -addNet -net LakerNet__5 -startPoint (1.745,0.925)
lakerConnChecker -toMaxLevel -net LakerNet__5 -speedMode -traceViaArray 1
lakerZoomInByArea -point (-2.237,-0.244) (5.247,2.436)
lakerPreference -flightLine 0
lakerZoomAll
lakerConnChecker -addNet -net LakerNet__2 -startPoint (0.505,-0.25)
lakerConnChecker -toMaxLevel -net LakerNet__2 -speedMode -traceViaArray 1
lakerConnChecker -clear
lakerClearHighLight
lakerConnChecker -addNet -net LakerNet__1 -startPoint (0.485,-0.485)
lakerConnChecker -toMaxLevel -net LakerNet__1 -speedMode -traceViaArray 1
lakerConnChecker -addNet -net LakerNet__2 -startPoint (1.37,0.9)
lakerConnChecker -toMaxLevel -net LakerNet__2 -speedMode -traceViaArray 1
lakerConnChecker -clear
lakerClearHighLight
lakerConnChecker -addNet -net LakerNet__1 -startPoint (1.285,0.915)
lakerConnChecker -toMaxLevel -net LakerNet__1 -speedMode -traceViaArray 1
lakerConnChecker -clear
lakerClearHighLight
lakerConnChecker -addNet -net LakerNet__1 -startPoint (1.67,0.865)
lakerConnChecker -toMaxLevel -net LakerNet__1 -speedMode -traceViaArray 1
lakerSetActiveLayer -layerName ref -purpose drawing
lakerChgmodeDesign
lakerCreateText -layerName ref -point (0.7,1.795) -justify CenterCenter -height 0.200000 -text {mp0}
lakerSingleSel
lakerSetActiveLayer -layerName TEXT -purpose drawing
lakerSingleSel
lakerAttribute -index 1 -layerName TEXT
lakerSingleSel
lakerSingleSel -point (4.077,1.789) -traversedist 0.053
lakerSingleSel
lakerChangeSelMode -mode DevObj
lakerChangeSelMode -mode Object
lakerSingleSel
lakerSaveDesign -autosave
lakerSingleSel
lakerSingleSel
lakerSingleSel
lakerViewLevelDec
lakerSingleSel
lakerSingleSel
lakerChangeSelMode -mode DevObj
lakerChangeSelMode -mode Object
lakerSingleSel
lakerSingleSel
lakerSingleSel
lakerChangeSelMode -mode DevObj
lakerChangeSelMode -mode Object
lakerDeleteObj
lakerCreateText -layerName TEXT -point (0.705,1.8) -justify CenterCenter -height 0.100000 -text {mp0}
lakerCreateText -layerName TEXT -point (1.14,1.795) -justify CenterCenter -height 0.100000 -text {mp0}
lakerCreateText -layerName TEXT -point (1.595,1.81) -justify CenterCenter -height 0.100000 -text {mp0}
lakerCreateText -layerName TEXT -point (2.035,1.805) -justify CenterCenter -height 0.100000 -text {mp0}
lakerSingleSel -point (3.27,1.481) -traversedist 0.053
lakerSingleSel
wtAskUser: "The data has been modified. Omit the change?", answer:  "Yes"
lakerSingleSel
lakerAttribute -index 1 -text {mp1}
lakerSingleSel
lakerAttribute -index 1 -text {mp3}
lakerSingleSel
lakerAttribute -index 1 -text {mp4}
lakerSingleSel -point (5.538,1.97) -traversedist 0.053
lakerSingleSel
lakerChangeSelMode -mode DevObj
lakerCopyObj -refPoint (2.055,1.755) -offsetPoint (2.055,0.065)
lakerChangeSelMode -mode Object
lakerAttribute -index 1 -text {mn3}
lakerSingleSel -point (3.557,0.303) -traversedist 0.053
lakerSaveDesign -autosave
lakerSaveDesign -autosave
lakerSaveDesign -autosave
lakerSaveDesign -autosave
lakerSaveDesign -autosave
lakerSaveDesign -autosave
lakerSingleSel -point (3.493,1.248) -traversedist 0.053
lakerSingleSel -point (3.547,1.062) -traversedist 0.053
lakerSaveDesign
lakerCloseDesign
wtAskUser: "The autosave cell view exists. Open the autosave file?", answer:  "Yes"
The color name 'ID_WHITE' of the 'DT' layer was not defined in default.dsp file.
lakerOpenDesign -lib test -cell DFFQX1 -mode readOnly -autosave
lakerSetActiveLayer -layerName ref -purpose drawing
lakerZoomInByArea -point (-3.148,0.43) (3.966,2.978)
lakerZoomInByArea -point (-2.344,0.474) (3.436,2.544)
lakerZoomAll
lakerZoomInByArea -point (-3.705,-0.052) (4.755,2.978)
lakerZoomInByArea -point (-2.702,0.185) (3.894,2.547)
lakerSingleSel -point (-1.093,1.211) -traversedist 0.037
lakerSingleSel
lakerZoomInByArea -point (-1.794,0.237) (2.562,1.797)
lakerSingleSel -point (-0.224,0.985) -traversedist 0.024
lakerSingleSel
lakerSingleSel
lakerSingleSel
lakerSingleSel
lakerSingleSel -point (-0.912,0.898) -traversedist 0.024
lakerSetActiveLayer -layerName ref -purpose drawing
lakerChgmodeDesign
lakerSingleSel -point (-0.212,0.995) -traversedist 0.024
lakerSingleSel
lakerSingleSel
lakerSingleSel -point (0.117,0.99) -traversedist 0.024
lakerSingleSel
lakerAttribute -index 1 -purpose pin -text {D}
lakerSingleSel -point (-0.356,1.01) -traversedist 0.024
lakerSingleSel
lakerSingleSel -point (0.01,0.954) -traversedist 0.024
lakerSingleSel
lakerStretchObj -refPoint (0.205,1.3) -ignoreNet 0 -offsetPoint (0.26,1.3)
lakerSingleSel
lakerSingleSel
lakerClearRuler
lakerMaxViewLevel
lakerSingleSel -point (-0.129,1.093) -traversedist 0.024
lakerSingleSel
lakerSingleSel
lakerStretchObj -refPoint (0.21,1.245) -ignoreNet 0 -offsetPoint (0.175,1.245)
lakerSingleSel -point (-0.056,1.044) -traversedist 0.024
lakerSaveDesign
lakerSingleSel -point (-0.312,1.097) -traversedist 0.024
lakerSingleSel -point (0.914,1.202) -traversedist 0.024
lakerSingleSel -point (1.429,1.388) -traversedist 0.024
lakerSingleSel -point (1.08,1.4) -traversedist 0.024
lakerSetActiveLayer -layerName POLY1 -purpose drawing
lakerZoomInByArea -point (-0.36,1.022) (1.394,1.65)
lakerDistance -point (0.29,1.482) (0.39,1.479)
lakerDeselectAll
lakerClearRuler
lakerZoomAll
lakerZoomInByArea -point (-2.496,0.243) (4.182,2.635)
lakerZoomInByArea -point (-1.019,0.763) (2.081,1.873)
lakerSingleSel -point (1.028,1.309) -traversedist 0.017
lakerSingleSel -point (1.03,1.261) -traversedist 0.017
lakerSingleSel
lakerStretchObj -refPoint (0.845,1.27) -ignoreNet 0 -offsetPoint (0.845,1.625)
lakerSingleSel -point (1.545,1.283) -traversedist 0.017
lakerZoomInByArea -point (-0.093,1.037) (1.393,1.569)
lakerCreateInstance -point (0.59,1.23) -cell POLY_GATE -lib test -view layout
lakerZoomInByArea -point (0.099,1.132) (1.143,1.506)
lakerSetActiveLayer -layerName POLY1 -purpose drawing
lakerCreateRect -layerName POLY1 -point (0.61,1.27) (0.64,1.45)
lakerUndo
lakerSingleSel
lakerDeselectAll
lakerCreateRect -layerName POLY1 -point (0.61,1.23) (0.64,1.45)
lakerUndo
lakerUndo
lakerSingleSel
lakerSingleSel
lakerStretchObj -refPoint (0.51,1.455) -ignoreNet 0 -offsetPoint (0.515,1.05)
lakerUndo
lakerSingleSel
lakerSetActiveLayer -layerName POLY1 -purpose drawing
lakerSingleSel
lakerDeselectAll
lakerSingleSel
lakerChangeSelMode -mode DevObj
lakerChangeSelMode -mode Vertex
lakerZoomAll
lakerZoomInByArea -point (-2.747,0.041) (4.279,2.557)
lakerZoomInByArea -point (-1.727,0.43) (2.947,2.104)
lakerDeselectAll
lakerZoomInByArea -point (-0.107,0.966) (1.295,1.468)
lakerZoomAll
lakerZoomInByArea -point (-3.495,0.259) (4.529,3.133)
lakerZoomInByArea -point (-1.684,0.807) (2.286,2.229)
lakerZoomInByArea -point (-0.16,0.911) (1.398,1.469)
lakerZoomAll
lakerZoomInByArea -point (-2.209,0.243) (3.213,2.185)
lakerCreateRect -layerName POLY1 -point (0.39,0.81) (0.895,1.455)
lakerUndo
lakerSingleSel
lakerSingleSel -point (1.426,1.253) -traversedist 0.03
lakerSaveDesign -autosave
lakerDeselectAll
lakerCreateRect -layerName POLY1 -point (0.39,1.105) (0.57,1.455)
lakerUndo
lakerDeselectAll
lakerZoomInByArea -point (-0.423,0.986) (1.609,1.714)
lakerSingleSel
lakerDeselectAll
lakerSingleSel
lakerAttribute -index 1 -purpose pin -height 0.200000
lakerSingleSel
lakerSingleSel
lakerStretchObj -refPoint (0.25,1.31) -ignoreNet 0 -offsetPoint (0.19,1.31)
lakerStretchObj -refPoint (0.165,1.275) -ignoreNet 0 -offsetPoint (0.255,1.275)
lakerStretchObj -refPoint (0.26,1.28) -ignoreNet 0 -offsetPoint (0.19,1.28)
lakerSingleSel
lakerStretchObj -refPoint (0.195,1.235) -ignoreNet 0 -offsetPoint (0.25,1.23)
lakerSingleSel -point (0.512,1.233) -traversedist 0.011
lakerSingleSel
lakerStretchObj -refPoint (0.255,1.245) -ignoreNet 0 -offsetPoint (0.255,1.27)
lakerStretchObj -refPoint (0.245,1.285) -ignoreNet 0 -offsetPoint (0.215,1.285)
lakerSingleSel -point (0.521,1.259) -traversedist 0.011
lakerSingleSel
lakerStretchObj -refPoint (0.58,1.49) -ignoreNet 0 -offsetPoint (0.58,1.53)
lakerSingleSel -point (0.683,1.386) -traversedist 0.011
lakerUndo
lakerRedo
lakerCreatePath -layerName POLY1 -point (0.56,1.455) (0.56,1.185) -width 0.100000 0.000000 -routeStatus fixed
lakerCreateInstance -point (0.72,1.235) -cell POLY_GATE -lib test -view layout
lakerAlignObj -point (0.738,1.454) -mode start
lakerAlignObj -snapMode anyangle -refObj 1 -refPoint (0.61,1.45) -traversedist 0.006
lakerSingleSel -point (0.927,1.31) -traversedist 0.011
lakerUndo
lakerSingleSel -point (0.783,1.506) -traversedist 0.011
lakerSingleSel
lakerSingleSel
lakerSingleSel
lakerAlignObj -point (0.74,1.448) -mode start
lakerAlignObj -snapMode anyangle -refObj 1 -refPoint (0.61,1.45) -traversedist 0.006
lakerSingleSel -point (1.025,1.277) -traversedist 0.011
lakerZoomInByArea -point (0.31,1.217) (1.102,1.501)
lakerZoomAll
lakerZoomInByArea -point (-2.439,0.15) (3.721,2.356)
lakerZoomInByArea -point (-0.174,1.032) (1.586,1.662)
lakerSaveDesign
lakerSingleSel -point (1.016,1.31) -traversedist 0.01
lakerSingleSel
lakerSingleSel
lakerStretchObj -refPoint (0.675,1.535) -ignoreNet 0 -offsetPoint (0.88,1.535)
lakerStretchObj -refPoint (0.795,1.535) -ignoreNet 0 -offsetPoint (0.795,1.36)
lakerAttribute -index 1 -layerName METAL1 -purpose pin
lakerAreaSel -point (0.755,1.355) (0.799,1.366)
lakerSingleSel
lakerSingleSel
lakerStretchObj -refPoint (0.74,1.355) -ignoreNet 0 -offsetPoint (0.69,1.355)
lakerSingleSel -point (1.087,1.291) -traversedist 0.01
lakerSingleSel
lakerSingleSel -point (0.677,1.167) -traversedist 0.01
lakerZoomInByArea -point (0.318,1.098) (0.966,1.33)
lakerChangeSelMode -mode Object
lakerSingleSel
lakerChangeSelMode -mode Vertex
lakerChangeSelMode -mode Object
lakerSingleSel
lakerChangeSelMode -mode Vertex
lakerChangeSelMode -mode Object
lakerAreaSel -point (0.504,1.17) (0.64,1.25)
lakerSingleSel -point (0.639,1.168) -traversedist 0.004
lakerSingleSel
lakerChangeSelMode -mode Vertex
lakerChangeSelMode -mode Object
lakerSingleSel
lakerChopObj -point (0.505,1.185) (0.505,1.25) (0.63,1.25) (0.63,1.185)
lakerZoomAll
lakerZoomInByArea -point (-1.721,0.507) (3.657,2.433)
lakerZoomInByArea -point (-0.809,1.181) (1.893,2.149)
lakerZoomInByArea -point (0.247,1.294) (0.985,1.558)
lakerZoomOut
lakerZoomInByArea -point (0.455,1.11) (1.061,1.328)
lakerChangeSelMode -mode Vertex
lakerSingleSel
lakerAlignObj -point (0.566,1.25) -mode start
lakerAlignObj -refObj 1 -refPoint (0.655,1.255) -traversedist 0.002
lakerZoomAll
lakerZoomInByArea -point (-2.126,0.896) (2.772,2.65)
lakerZoomInByArea -point (0.205,0.894) (1.109,1.218)
lakerZoomAll
lakerZoomInByArea -point (-1.056,0.026) (3.194,1.548)
lakerZoomInByArea -point (-0.103,0.706) (1.449,1.262)
lakerZoomAll
lakerZoomInByArea -point (-3.161,0.057) (4.165,2.681)
lakerZoomInByArea -point (-0.349,1.07) (1.997,1.91)
lakerDistance -point (0.712,1.475) (0.752,1.635)
lakerZoomAll
lakerZoomInByArea -point (-3.415,0.336) (4.481,3.164)
lakerZoomInByArea -point (-1.476,0.636) (2.78,2.16)
lakerAlignObj -point (0.565,1.241) -mode start
lakerAlignObj -mode end
lakerDistance -point (0.558,1.255) (0.556,1.05)
lakerZoomInByArea -point (-0.06,0.527) (1.81,1.197)
lakerZoomAll
lakerZoomInByArea -point (-1.187,0.212) (3.543,1.906)
lakerDistance -point (0.541,1.455) (0.541,1.255)
lakerZoomInByArea -point (0.317,0.837) (1.199,1.153)
lakerZoomAll
lakerZoomInByArea -point (-1.218,0.538) (3.076,2.076)
lakerZoomInByArea -point (0.29,1.242) (0.948,1.478)
lakerDeselectAll
lakerSingleSel
lakerChangeSelMode -mode DevObj
lakerZoomOut
lakerZoomOut
lakerChangeSelMode -mode Vertex
lakerSingleSel
lakerChangeSelMode -mode DevObj
lakerChangeSelMode -mode Vertex
lakerSingleSel
lakerStretchObj -refPoint (0.65,1.025) -ignoreNet 0 -offsetPoint (0.65,0.97)
lakerSingleSel -point (0.786,1.061) -traversedist 0.015
lakerSingleSel
lakerDistance -point (0.39,1.68) (0.51,1.679)
lakerZoomAll
lakerZoomInByArea -point (-1.884,0.01) (3.974,2.108)
lakerSaveDesign -autosave
lakerZoomInByArea -point (-1.143,0.521) (2.409,1.793)
lakerZoomInByArea -point (0.092,0.682) (1.314,1.12)
lakerSingleSel
lakerZoomAll
lakerZoomInByArea -point (-0.748,0.616) (2.854,1.906)
lakerAlignObj -point (0.516,1.001) -mode start
lakerAlignObj -mode end
lakerZoomInByArea -point (0.478,0.901) (1.06,1.109)
lakerZoomAll
lakerZoomInByArea -point (-1.013,0.616) (2.327,1.812)
lakerZoomInByArea -point (-0.07,0.906) (1.8,1.576)
lakerCreatePath -layerName POLY1 -point (0.515,0.99) (1.055,0.99) -width 0.100000 0.000000 -routeStatus fixed
lakerSingleSel
lakerStretchObj -refPoint (0.8,1.02) -ignoreNet 0 -offsetPoint (0.675,1.02)
lakerUndo
lakerSingleSel -point (0.803,1.108) -traversedist 0.01
lakerDeselectAll
lakerAreaSel -point (0.78,1.01) (0.785,1.04)
lakerSingleSel
lakerSingleSel
lakerStretchObj -refPoint (0.855,0.985) -ignoreNet 0 -offsetPoint (0.98,0.985)
lakerStretchObj -push -refPoint (0.83,1.015) -ignoreNet 0 -offsetPoint (0.705,1.015)
lakerStretchObj -push -refPoint (0.735,1.015) -ignoreNet 0 -offsetPoint (0.735,1.025)
lakerSingleSel
lakerSingleSel -point (1.311,1.025) -traversedist 0.01
lakerZoomAll
lakerZoomInByArea -point (-1.836,0.01) (3.196,1.812)
lakerZoomInByArea -point (0.066,0.537) (1.562,1.073)
lakerDistance -point (0.682,0.95) (0.67,0.87)
lakerZoomAll
lakerZoomInByArea -point (-1.986,0.274) (4.046,2.434)
lakerZoomInByArea -point (0.041,0.959) (1.343,1.425)
lakerZoomAll
lakerZoomInByArea -point (-0.7,0.678) (2.294,1.75)
lakerZoomInByArea -point (0.27,0.825) (1.08,1.115)
lakerDeselectAll
lakerSingleSel
lakerStretchObj -push -refPoint (0.735,1.02) -ignoreNet 0 -offsetPoint (0.735,1.04)
lakerSingleSel -point (0.712,0.942) -traversedist 0.005
lakerDistance -point (0.705,0.97) (0.699,0.87)
lakerZoomAll
lakerZoomInByArea -point (-1.311,0.321) (2.811,1.797)
lakerZoomInByArea -point (-0.02,0.619) (1.594,1.197)
lakerZoomAll
lakerZoomInByArea -point (-2.137,0.383) (4.369,2.713)
lakerZoomInByArea -point (-0.482,0.674) (2.31,1.674)
lakerSaveDesign
lakerClearRuler
lakerDistance -point (0.676,0.97) (0.671,0.87)
lakerDeselectAll
lakerSingleSel
lakerStretchObj -push -refPoint (1.055,0.99) -igno