Command Line: /data1/synopsys/laker/laker_v2023.06-2.aut/platform/LINUX64/bin/laker
uname(Linux leon 3.10.0-1160.105.1.el7.x86_64 #1 SMP Mon Nov 6 06:58:51 EST 2023 x86_64)
source /data1/synopsys/laker/laker_v2023.06-2.aut/gift/gift.tcl
lakerNewCell -lib labNew -cell cell_3
lakerSetActiveLayer -layerName PWELL -purpose drawing
lakerChangeSelMode -mode DevObj
lakerChangeSelMode -mode Vertex
lakerCreateRect -layerName PWELL -point (-0.199,-0.07) (0.469,0.43)
lakerZoomAll
lakerCreateRect -layerName PWELL -point (-0.33,0.311) (0.17,0.811)
lakerZoomAll
lakerSetActiveLayer -layerName NWELL -purpose drawing
lakerCreateRect -layerName NWELL -point (-0.878,0.29) (-0.559,0.766)
lakerChangeSelMode -mode DevObj
lakerAreaSel -point (-0.719,0.56) (-0.691,0.609)
lakerAreaSel -point (-0.642,0.63) (-0.567,0.653)
lakerChangeSelMode -mode Vertex
lakerChangeSelMode -mode DevObj
lakerSingleSel
lakerMoveObj -ignoreNet 0 -refPoint (-0.663,0.654) -offsetPoint (-0.545,0.654)
lakerSingleSel
lakerMoveObj -ignoreNet 0 -refPoint (-0.563,0.479) -offsetPoint (-0.563,0.516)
lakerChangeSelMode -mode Vertex
lakerDeselectAll
lakerRuler -point (-0.564,0.232) (-0.387,0.232)
lakerRuler -point (-0.434,0.441) (-0.33,0.441)
lakerChangeSelMode -mode DevObj
lakerSingleSel -point (-0.402,0.442) -traversedist 0.011
lakerSingleSel -point (-0.378,0.444) -traversedist 0.011
lakerAreaSel -point (-0.443,0.395) (-0.295,0.481)
lakerSingleSel -point (-0.365,0.436) -traversedist 0.011
lakerSingleSel -point (-0.378,0.451) -traversedist 0.011
lakerSingleSel -point (-0.379,0.444) -traversedist 0.011
lakerSingleSel -point (-0.382,0.443) -traversedist 0.011
lakerIncreaseSel -point (-0.393,0.448) -traversedist 0.011
lakerDecreaseSel -point (-0.396,0.446) -traversedist 0.011
lakerSingleSel -point (-0.738,0.245) -traversedist 0.011
lakerSingleSel -point (-0.412,0.227) -traversedist 0.011
lakerSingleSel -point (-0.428,0.235) -traversedist 0.011
lakerSingleSel -point (-0.428,0.235) -traversedist 0.011
lakerMaxViewLevel
lakerSingleSel -point (-0.451,0.227) -traversedist 0.011
lakerSingleSel -point (-0.451,0.227) -traversedist 0.011
lakerMaxViewLevel
lakerSingleSel -point (-0.43,0.101) -traversedist 0.011
lakerChangeSelMode -mode Vertex
lakerMaxViewLevel
lakerClearRuler
lakerClearRuler
lakerRuler -point (-0.659,0.268) (-0.355,0.268)
lakerRuler -point (-0.493,0.272) (-0.493,0.156)
lakerChangeSelMode -mode DevObj
lakerAreaSel -point (-0.533,0.075) (-0.353,0.269)
lakerAreaSel -point (-0.505,0.048) (-0.37,0.312)
lakerChangeSelMode -mode Vertex
lakerClearRuler
lakerSingleSel -point (-0.771,0.196) -traversedist 0.011
lakerAreaSel -point (-0.771,0.196) (-0.504,0.205)
lakerRuler -point (-0.62,0.153) (-0.382,0.153)
lakerRuler -point (-0.382,0.15) (-0.382,0.053)
lakerChangeSelMode -mode DevObj
lakerSingleSel -point (-0.525,0.158) -traversedist 0.011
lakerSingleSel -point (-0.492,0.165) -traversedist 0.011
lakerSingleSel -point (-0.417,0.165) -traversedist 0.011
lakerSingleSel -point (-0.568,0.155) -traversedist 0.011
lakerSingleSel -point (-0.686,0.147) -traversedist 0.011
lakerAreaSel -point (-0.678,0.11) (-0.307,0.198)
lakerSaveDesign -autosave
lakerSingleSel -point (-0.465,0.149) -traversedist 0.011
lakerChangeSelMode -mode Vertex
lakerSingleSel -point (-0.493,0.161) -traversedist 0.011
lakerSingleSel -point (-0.514,0.145) -traversedist 0.011
lakerSingleSel -point (-0.512,0.157) -traversedist 0.011
lakerSingleSel -point (-0.539,0.158) -traversedist 0.011
lakerAreaSel -point (-0.559,0.087) (-0.023,0.154)
lakerSingleSel -point (-0.393,0.093) -traversedist 0.011
lakerSingleSel -point (-0.501,0.164) -traversedist 0.011
lakerSingleSel -point (-0.569,0.157) -traversedist 0.011
lakerSingleSel -point (-0.474,0.17) -traversedist 0.011
lakerChangeSelMode -mode DevObj
lakerChangeSelMode -mode Vertex
lakerChangeSelMode -mode DevObj
lakerSingleSel -point (-0.56,0.151) -traversedist 0.011
lakerSingleSel -point (-0.576,0.158) -traversedist 0.011
lakerAreaSel -point (-0.663,0.127) (-0.513,0.172)
lakerSingleSel -point (-0.53,0.143) -traversedist 0.011
lakerSingleSel -point (-0.529,0.153) -traversedist 0.011
lakerSingleSel -point (-0.516,0.166) -traversedist 0.011
lakerDsgDrag
lakerDsgDrag
lakerAreaSel -point (-0.637,0.076) (-0.437,0.197)
lakerDsgDrag
lakerDsgDrag
lakerAreaSel -point (-0.687,0.167) (-0.477,0.206)
lakerSingleSel -point (-0.522,0.106) -traversedist 0.011
lakerAreaSel -point (-0.727,0.102) (-0.525,0.206)
lakerSingleSel -point (-0.546,0.101) -traversedist 0.011
lakerAreaSel -point (-0.56,-0.025) (-0.254,0.202)
lakerSingleSel -point (-0.618,0.155) -traversedist 0.011
lakerAreaSel -point (-0.705,-0.022) (-0.245,0.24)
lakerChangeSelMode -mode Vertex
lakerSingleSel -point (-0.817,0.65) -traversedist 0.011
lakerSingleSel -point (-0.553,0.193) -traversedist 0.011
lakerSingleSel -point (-0.727,0.182) -traversedist 0.011
lakerAreaSel -point (-0.66,0.109) (-0.292,0.192)
lakerSingleSel -point (-0.5,0.154) -traversedist 0.011
lakerUndo
lakerSingleSel -point (-0.429,0.161) -traversedist 0.011
lakerRuler -point (-0.809,0.209) (-0.809,0.012)
lakerUndo
lakerZoomInByArea -point (-0.584,0.003) (-0.39,0.095)
lakerZoomAll
lakerZoomInByArea -point (-0.637,0.01) (-0.241,0.196)
lakerZoomAll
lakerZoomInByArea -point (-1.394,-0.024) (0.126,0.692)
lakerZoomAll
lakerChangeSelMode -mode Object
lakerChangeSelMode -mode Vertex
lakerZoomInByArea -point (-1.155,-0.011) (-0.075,0.497)
lakerSingleSel -point (-0.797,0.174) -traversedist 0.006
lakerSingleSel -point (-0.821,0.181) -traversedist 0.006
lakerSingleSel -point (-0.805,0.177) -traversedist 0.006
lakerZoomAll
lakerAlignObj -point (-0.621,0.439) -mode start
lakerAlignObj -refObj 1 -refPoint (-0.332,0.61) -traversedist 0.006 -space 0.1
lakerAlignObj -mode end
lakerZoomInByArea -point (-0.423,0.487) (-0.341,0.525)
The zoom-in area is re-adjusted to minimum size that can be displayed.
The displayed area is: (-0.423,0.487) (-0.341,0.525).
lakerZoomAll
lakerAlignObj -mode end
lakerAlignObj -point (-0.43,0.579) -mode start
lakerAlignObj -mode end
lakerSingleSel
lakerStretchObj -refPoint (-0.427,0.573) -ignoreNet 0 -offsetPoint (-0.372,0.573)
lakerAlignObj -point (-0.377,0.558) -mode start
lakerAlignObj -mode end
lakerRuler -point (-0.373,0.527) (-0.373,0.512)
lakerSingleSel -point (-0.904,0.639) -traversedist 0.011
lakerAreaSel -point (-0.849,-0.036) (-0.701,0.256)
lakerChangeSelMode -mode DevObj
lakerAreaSel -point (-0.875,-0.021) (-0.69,0.29)
lakerSingleSel -point (-0.809,0.155) -traversedist 0.011
lakerAreaSel -point (-0.889,-0.037) (-0.662,0.214)
lakerSingleSel -point (-0.662,-0.037) -traversedist 0.011
lakerAreaSel -point (-1.02,-0.088) (-0.432,0.335)
lakerSingleSel -point (-0.769,0.145) -traversedist 0.011
lakerSingleSel -point (-0.846,0.118) -traversedist 0.011
lakerAreaSel -point (-0.938,0.058) (-0.698,0.166)
lakerRuler -point (-0.946,0.099) (-0.946,0.409)
lakerZoomInByArea -point (-0.998,0.432) (-0.844,0.504)
lakerZoomInByArea -point (-0.987,0.444) (-0.907,0.482)
lakerChangeSelMode -mode Vertex
lakerAlignObj -mode end
lakerZoomAll
lakerAlignObj -point (-0.377,0.372) -mode start
lakerAlignObj -refObj 1 -refPoint (-0.333,0.369) -traversedist 0.006 -space 0.1
lakerAlignObj -mode end
lakerAlignObj -mode end
lakerAlignObj -point (-0.428,0.345) -mode start
lakerAlignObj -refObj 1 -refPoint (-0.327,0.355) -traversedist 0.006 -space 0.1
lakerAlignObj -mode end
lakerAlignObj -mode end
lakerChangeSelMode -mode DevObj
lakerSetActiveLayer -layerName PWELL -purpose drawing
lakerLayerTap
lakerChangeSelMode -mode Vertex
lakerDistance -point (-0.43,0.672) (-0.33,0.625)
lakerZoomInByArea -point (-0.448,0.368) (-0.292,0.442)
lakerZoomAll
lakerDistance -point (-0.33,0.434) (-0.43,0.429)
lakerAlignObj -mode end
lakerChangeSelMode -mode DevObj
lakerChangeSelMode -mode Vertex
lakerSingleSel -point (-0.848,0.432) -traversedist 0.011
lakerDistance -point (-0.43,0.356) (-0.33,0.353)
lakerRuler -point (-1.025,0.557) (-1.025,0.008)
lakerSingleSel
lakerStretchObj -refPoint (-0.507,0.285) -ignoreNet 0 -offsetPoint (-0.507,0.071)
lakerRuler -point (-0.429,0.222) (-0.198,0.222)
lakerDistance -point (-0.43,0.197) (-0.199,0.192)
lakerSingleSel
lakerStretchObj -refPoint (-0.43,0.102) -ignoreNet 0 -offsetPoint (-0.459,0.102)
lakerDistance -point (-0.459,0.106) (-0.199,0.122)
lakerSingleSel -point (-0.399,0.225) -traversedist 0.011
lakerSingleSel -point (-0.385,0.22) -traversedist 0.011
lakerSingleSel -point (-0.335,0.23) -traversedist 0.011
lakerSingleSel -point (-0.337,0.222) -traversedist 0.011
lakerClearRuler
lakerClearRuler
lakerSingleSel -point (-0.359,0.284) -traversedist 0.011
lakerDistance -point (-0.459,0.188) (-0.199,0.17)
lakerRuler -point (-0.636,-0.004) (0.667,-0.004)
lakerAreaSel -point (-0.676,-0.049) (-0.43,0.055)
lakerSingleSel -point (-0.436,0.008) -traversedist 0.011
lakerIncreaseSel -point (-0.468,0.008) -traversedist 0.011
lakerIncreaseSel -point (-0.638,-0.027) (-0.476,0.004)
lakerSingleSel -point (-0.457,-0.012) -traversedist 0.011
lakerSingleSel -point (-0.372,-0.001) -traversedist 0.011
lakerSingleSel -point (-0.312,0.007) -traversedist 0.011
lakerSingleSel -point (-0.33,0.003) -traversedist 0.011
lakerIncreaseSel -point (-0.389,-0.001) -traversedist 0.011
lakerSingleSel -point (-0.389,-0.001) -traversedist 0.011
lakerChangeSelMode -mode DevObj
lakerSingleSel -point (-0.388,-0.001) -traversedist 0.011
lakerSingleSel -point (-0.324,-0.001) -traversedist 0.011
lakerAreaSel -point (-0.677,-0.016) (-0.325,-0.001)
lakerAreaSel -point (-0.651,-0.048) (-0.284,0.023)
lakerSingleSel -point (-0.284,-0.049) -traversedist 0.011
lakerSingleSel -point (-0.284,0.151) -traversedist 0.011
lakerSingleSel -point (-0.292,0.165) -traversedist 0.011
lakerSingleSel -point (0.661,0.06) -traversedist 0.011
lakerAreaSel -point (0.546,-0.118) (0.73,0.068)
lakerAreaSel -point (-0.883,-0.056) (0.788,0.267)
lakerSingleSel -point (-0.931,0.249) -traversedist 0.011
lakerSaveDesign -autosave
lakerRuler -point (-1.025,0.713) (-1.025,0.298)
lakerZoomInByArea -point (-0.173,0.371) (0.457,0.667)
lakerZoomAll
lakerChangeSelMode -mode Vertex
lakerChangeSelMode -mode DevObj
lakerChangeSelMode -mode Vertex
lakerChangeSelMode -mode DevObj
lakerSingleSel
lakerMoveObj -ignoreNet 0 -refPoint (-0.603,0.544) -offsetPoint (-0.768,0.544)
lakerChangeSelMode -mode Vertex
lakerUndo
lakerSingleSel
lakerSingleSel
lakerChangeSelMode -mode DevObj
lakerMoveObj -ignoreNet 0 -refPoint (-0.637,0.516) -offsetPoint (-0.859,0.516)
lakerChangeSelMode -mode Vertex
lakerDeselectAll
lakerRuler -point (0.264,0.64) (0.607,0.64)
lakerRuler -point (0.624,0.4) (0.624,0.107)
lakerUndo
lakerSingleSel -point (-0.865,0.217) -traversedist 0.011
lakerSingleSel -point (-1.018,0.444) -traversedist 0.011
lakerSingleSel -point (-1.017,0.419) -traversedist 0.011
lakerAreaSel -point (-1.094,0.117) (-0.869,0.767)
lakerAreaSel -point (-0.677,-0.029) (-0.269,0.056)
lakerSingleSel -point (-0.316,0.002) -traversedist 0.011
lakerSingleSel -point (-0.676,-0.014) -traversedist 0.011
lakerSingleSel -point (-0.869,0.11) -traversedist 0.011
lakerSetActiveLayer -layerName OD -purpose drawing
lakerAreaSel -point (-0.895,0.457) (-0.343,0.684)
lakerCreateRect -layerName OD -point (-0.901,0.292) (-0.191,0.589)
lakerSetActiveLayer -layerName ESD -purpose drawing
lakerSetActiveLayer -layerName CONT -purpose drawing
lakerCreateRect -layerName CONT -point (-0.425,0.393) (-0.335,0.494)
lakerSetActiveLayer -layerName TG -purpose drawing
lakerSetActiveLayer -layerName POLY -purpose drawing
lakerCreateRect -layerName POLY -point (-0.453,0.367) (-0.295,0.516)
lakerClearRuler
lakerDistance -point (-0.459,0.145) (-0.199,0.13)
lakerDistance -point (-0.459,0.653) (-0.33,0.666)
lakerDistance -point (-0.199,0.229) (-0.459,0.221)
lakerDistance -point (-0.459,0.732) (-0.33,0.717)
lakerClearRuler
lakerSingleSel
lakerDistance -point (-0.08,0.811) (-0.08,0.311)
lakerDistance -point (-0.33,0.561) (0.17,0.561)
lakerSingleSel -point (0.17,0.561) -traversedist 0.011
lakerSingleSel
lakerSingleSel
lakerSingleSel
lakerDeselectAll
lakerSingleSel
lakerSingleSel
lakerRuler -point (0.469,0.43) (-0.199,0.43)
lakerRuler -point (0.469,0.43) (0.469,-0.07)
lakerRuler -point (-0.901,0.292) (-0.901,0.076)
lakerRuler -point (-0.749,0.076) (-0.199,0.076)
lakerAlignObj -mode end
lakerSingleSel
lakerSingleSel
lakerDeselectAll
lakerRuler -point (0.17,0.561) (0.469,0.561)
lakerRuler -point (0.469,0.43) (0.469,0.18)
lakerPreference -shortDetector 0
lakerRuler -point (-0.901,0.589) (-0.901,0.766)
lakerRuler -point (-0.901,0.44) (-0.901,0.44)
lakerRuler -point (0.17,0.561) (0.17,0.811)
lakerChangeSelMode -mode Object
lakerRuler -point (0.17,0.811) (0.17,0.43)
lakerRuler -point (0.469,0.18) (0.469,0.43)
lakerClearRuler
lakerRuler -point (0.17,0.561) (0.469,0.561)
lakerRuler -point (-0.33,0.561) (-0.33,0.766)
lakerSetObjType -obj Instance -sel 0
lakerRuler -point (0.17,0.811) (0.17,0.811)
lakerRuler -point (0.469,0.43) (0.469,0.18)
lakerRuler -point (0.469,-0.07) (0.469,-0.07)
lakerUndo
lakerUndo
lakerUndo
lakerUndo
lakerUndo
lakerSingleSel
lakerSingleSel
lakerSaveDesign -autosave
lakerClearRuler
lakerRuler -point (-0.749,0.528) (-0.749,0.528)
lakerRuler -point (-0.749,0.528) (-0.749,0.29)
lakerDistance -point (-0.43,0.528) (-0.33,0.561)
lakerSaveDesign
lakerCloseDesign
lakerOpenDesign -lib labNew -cell cell_3 -mode edit
lakerSetActiveLayer -layerName PWELL -purpose drawing
lakerDistance -point (-0.43,0.495) (-0.33,0.481)
lakerRuler -point (-0.568,0.172) (-0.206,0.172)
lakerSetActiveLayer -layerName MET2 -purpose drawing
lakerCreateRect -layerName MET2 -point (-0.638,-0.002) (-0.379,0.254)
lakerSaveDesign
lakerCloseDesign
lakerOpenDesign -lib labNew -cell cell_3 -mode edit
lakerSetActiveLayer -layerName PWELL -purpose drawing
lakerSingleSel -point (-0.883,0.256) -traversedist 0.011
lakerAreaSel -point (-1.036,0.274) (-0.859,0.665)
lakerSingleSel -point (-0.921,0.535) -traversedist 0.011
lakerSetActiveLayer -layerName OD -purpose drawing
lakerAlignObj -point (-0.752,0.561) -mode start
lakerAlignObj -mode end
lakerSingleSel -point (-0.81,0.435) -traversedist 0.011
lakerSetActiveLayer -layerName VIA2 -purpose drawing
lakerCreateRect -layerName VIA2 -point (-0.69,0.386) (-0.555,0.542)
lakerSetActiveLayer -layerName OD1 -purpose drawing1
lakerSetActiveLayer -layerName POLY -purpose drawing
lakerCreateRect -layerName POLY -point (-0.749,0.44) (-0.43,0.545)
lakerCreateRect -layerName POLY -point (-0.254,0.438) (-0.133,0.629)
lakerCreateRect -layerName POLY -point (-0.599,0.563) (-0.58,0.616)
lakerCreateRect -layerName POLY -point (-0.749,0.332) (-0.43,0.681)
lakerSetActiveLayer -layerName OD1 -purpose drawing1
lakerSetActiveLayer -layerName TEST -purpose pin
lakerCreateRect -layerName TEST -purpose pin -point (-0.126,0.409) (0.063,0.654)
lakerCreateRect -layerName TEST -purpose pin -point (-0.258,0.116) (0.652,0.159)
lakerCreateRect -layerName TEST -purpose pin -point (-0.555,0.537) (-0.547,0.676)
lakerChangeSelMode -mode Object
lakerCreateText -layerName TEST -purpose pin -point (0.189,0.245) -justify CenterCenter -height 0.100000 -text {12345}
lakerChangeSelMode -mode Vertex
lakerSingleSel
lakerAlignObj -point (0.148,0.216) -mode start
lakerAlignObj -mode end
lakerSingleSel
lakerSingleSel
lakerSingleSel
lakerSingleSel
lakerAlignObj -point (0.067,0.146) -mode start
lakerAlignObj -mode end
lakerAlignObj -point (0.27,0.116) -mode start
lakerAlignObj -snapMode anyangle -refObj 1 -refPoint (0.194,0.113) -traversedist 0.006
lakerSingleSel
lakerSingleSel
lakerAlignObj -point (0.203,0.113) -mode start
lakerAlignObj -snapMode anyangle -refObj 1 -refPoint (0.341,0.243) -traversedist 0.006
lakerSingleSel
lakerAlignObj -mode end
lakerSingleSel
lakerSingleSel
lakerAlignObj -mode end
lakerSingleSel
lakerSingleSel
lakerSingleSel -point (-0.884,0.634) -traversedist 0.011
lakerSingleSel
lakerChangeSelMode -mode DevObj
lakerChangeSelMode -mode Vertex
lakerSingleSel
lakerChangeSelMode -mode DevObj
lakerChangeSelMode -mode Vertex
lakerSingleSel -point (-1.019,0.688) -traversedist 0.011
lakerChangeSelMode -mode DevObj
lakerSingleSel
lakerMoveObj -ignoreNet 0 -refPoint (-0.694,0.758) -offsetPoint (-0.988,0.758)
lakerChangeSelMode -mode Vertex
lakerChangeSelMode -mode DevObj
lakerChangeSelMode -mode Vertex
lakerChangeSelMode -mode DevObj
lakerSingleSel
lakerMoveObj -ignoreNet 0 -refPoint (-0.891,0.599) -offsetPoint (-1.055,0.599)
lakerRuler -point (-0.861,0.721) (-0.65,0.721)
lakerDistance -point (-0.888,0.597) (-0.749,0.594)
lakerSaveDesign -autosave
lakerSingleSel
lakerMoveObj -ignoreNet 0 -refPoint (-0.886,0.439) -offsetPoint (-0.861,0.439)
lakerChangeSelMode -mode Vertex
lakerDistance -point (-0.863,0.444) (-0.747,0.44)
lakerDistance -point (-0.749,0.361) (-0.43,0.366)
lakerSetActiveLayer -layerName OD -purpose drawing
lakerCreateRect -layerName OD -point (-0.496,0.493) (-0.232,0.713)
lakerCreateRect -layerName OD -point (-0.948,0.265) (-0.883,0.79)
lakerSetActiveLayer -layerName VIA1 -purpose drawing
lakerCreateRect -layerName VIA1 -point (-0.989,0.446) (-0.84,0.548)
lakerSingleSel
lakerAlignObj -point (-0.405,0.586) -mode start
lakerAlignObj -mode end
lakerAlignObj -point (-0.589,0.57) -mode start
lakerAlignObj -snapMode anyangle -refObj 1 -refPoint (-0.546,0.536) -traversedist 0.006
lakerAlignObj -mode end
lakerSingleSel
lakerSingleSel
lakerChangeSelMode -mode Object
lakerAlignObj -point (0.253,0.255) -mode start
lakerAlignObj -mode end
lakerChangeSelMode -mode Vertex
lakerAlignObj -point (0.256,0.254) -mode start
lakerAlignObj -mode end
lakerAlignObj -point (0.257,0.28) -mode start
lakerAlignObj -mode end
lakerSingleSel
lakerSingleSel
lakerAlignObj -point (0.398,0.197) -mode start
lakerAlignObj -mode end
lakerAlignObj -point (0.197,0.191) -mode start
lakerAlignObj -mode end
lakerAlignObj -point (0.199,0.264) -mode start
lakerAlignObj -mode end
lakerAlignObj -point (0.266,0.182) -mode start
lakerSaveDesign
lakerAlignObj -mode end
lakerCloseDesign
lakerOpenDesign -lib lab -cell abstractCell -mode edit
lakerSetActiveLayer -layerName PWELL -purpose drawing
lakerSingleSel
lakerZoomInByArea -point (-2.549,6.388) (6.869,10.822)
lakerSingleSel
lakerSingleSel
lakerAlignObj -point (0.968,9.863) -mode start
lakerAlignObj -refObj 1 -refPoint (1.314,9.915) -traversedist 0.026
lakerUndo
lakerSingleSel
lakerSingleSel
lakerSingleSel
lakerSingleSel
lakerSingleSel
lakerSingleSel
lakerSingleSel
lakerSingleSel
lakerSingleSel
lakerSingleSel
lakerSingleSel
lakerSingleSel
lakerSingleSel
lakerSingleSel
lakerSingleSel
lakerSingleSel
lakerSingleSel
lakerSingleSel
lakerSingleSel
lakerSingleSel
lakerSingleSel
lakerSingleSel
lakerSingleSel
lakerSingleSel
lakerSingleSel
lakerSingleSel
lakerSingleSel
lakerSingleSel
lakerSingleSel -point (4.783,9.407) -traversedist 0.052
lakerSingleSel
lakerAlignObj -point (3.787,9.789) -mode start
lakerAlignObj -mode end
lakerSingleSel
lakerSingleSel
lakerSingleSel
lakerCreateRect -layerName PWELL -point (4.144,10.382) (4.159,10.413)
lakerSingleSel
lakerAlignObj -point (3.667,10.523) -mode start
lakerAlignObj -mode end
lakerAlignObj -mode end
lakerAlignObj -point (3.945,10.523) -mode start
lakerSaveDesign
lakerAlignObj -mode end
lakerSingleSel
lakerSingleSel
lakerSingleSel
lakerSingleSel
lakerAlignObj -point (3.824,10.146) -mode start
lakerAlignObj -mode end
lakerChangeSelMode -mode Object
lakerCreateText -layerName PWELL -point (0.711,8.474) -justify CenterCenter -height 0.100000 -text {12345}
lakerChangeSelMode -mode Vertex
lakerAlignObj -point (0.732,8.484) -mode start
lakerAlignObj -mode end
lakerAlignObj -mode end
lakerAreaSel -point (0.334,8.259) (1.481,8.647)
lakerAlignObj -point (0.931,9.868) -mode start
lakerAlignObj -mode end
lakerAlignObj -mode end
lakerAlignObj -point (0.748,8.511) -mode start
lakerAlignObj -mode end
lakerAlignObj -point (3.787,10.141) -mode start
lakerAlignObj -snapMode anyangle -refObj 1 -refPoint (3.646,10.298) -traversedist 0.026
lakerAreaSel -point (2.136,8.631) (2.257,9.973)
lakerSingleSel -point (0.176,8.694) -traversedist 0.052
lakerAreaSel -point (-0.002,7.787) (2.362,8.94)
lakerAlignObj -mode end
lakerSingleSel
lakerAreaSel -point (0.381,8.359) (1.141,8.747)
lakerIncreaseSel
lakerSingleSel -point (1.34,8.453) -traversedist 0.052
lakerSingleSel
lakerIncreaseSel
lakerAlignObj -point (0.847,9.658) -mode start
lakerAlignObj -mode end
lakerSetActiveLayer -layerName POLY -purpose label
lakerSingleSel -point (-1.286,8.474) -traversedist 0.052
lakerAreaSel -point (-1.406,7.782) (-0.432,8.752)
lakerCreateRect -layerName POLY -purpose label -point (-1.815,7.766) (-0.316,9.134)
lakerCreateRect -layerName POLY -purpose label -point (-1.59,8.38) (-1.102,9.884)
lakerSetColPat -modCategory DrawingSet -use 1
lakerSetActiveLayer -layerName POLYtext -purpose drawing
lakerCreateRect -layerName POLYtext -point (0.428,7.761) (2.299,8.233)
lakerSetColPat -modCategory SysPinSet -use 1
lakerSetColPat -modCategory SysPinSet -use 0
lakerSetColPat -modCategory SysPinSet -use 1
lakerCreateRect -layerName PWELL -point (-1.087,7.169) (-0.458,8.196)
lakerCreateRect -layerName PWELL -point (-1.941,6.509) (-1.087,7.52)
lakerSetColPat -syspin POLY -sel 0
lakerDeselectAll
lakerCreateRect -layerName PWELL -point (0.098,7.588) (1.937,8.254)
lakerCreateRect -layerName PWELL -point (2.053,8.736) (2.729,9.465)
lakerCreateRect -layerName PWELL -point (-2.497,7.782) (0.051,10.151)
lakerAlignObj -point (0.04,8.621) -mode start
lakerAlignObj -mode end
lakerAlignObj -point (0.071,8.605) -mode start
lakerAlignObj -mode end
lakerCreateTransistor -point (3.85,7.929) -useMaskResolution 0 -device PMOS -gates 1 -contType MaxContact -xEnc 0.1 -yEnc 0.1 -xConSpace 0.3 -yConSpace 0.3 -coWidth 0.3 0.3 -co2Gate 0.3 -contAlign center -xCo2OdEnc 0.15 -yCo2OdEnc 0.15 -param {patternA 0.6 0.35 asIs 0.0 } -optLayerRepeatPattern { } -traitRepeatPattern { } -layerSetting { PP drawing disable none }
lakerCreateTransistor -point (3.787,9.449) -useMaskResolution 0 -device NMOS -gates 1 -contType MaxContact -xEnc 0.1 -yEnc 0.1 -xConSpace 0.3 -yConSpace 0.3 -coWidth 0.3 0.3 -co2Gate 0.3 -contAlign center -xCo2OdEnc 0.15 -yCo2OdEnc 0.15 -param {patternA 0.6 0.35 asIs 0.0 } -optLayerRepeatPattern { } -traitRepeatPattern { } -layerSetting { NP drawing disable none }
lakerCreateTransistor -point (1.827,7.934) -useMaskResolution 0 -device NMOS -gates 1 -contType MaxContact -xEnc 0.1 -yEnc 0.1 -xConSpace 0.3 -yConSpace 0.3 -coWidth 0.3 0.3 -co2Gate 0.3 -contAlign center -xCo2OdEnc 0.15 -yCo2OdEnc 0.15 -param {patternA 0.6 0.35 asIs 0.0 } -optLayerRepeatPattern { } -traitRepeatPattern { } -layerSetting { NP drawing disable none }
lakerUndo
lakerCreateTransistor -point (-2.208,6.996) -useMaskResolution 0 -device NMOS_stackVia -gates 1 -contType MaxContact -xEnc 0.6 -yEnc 0.6 -xConSpace 1.2 -yConSpace 1.2 -coWidth 1.2 1.2 -co2Gate 0.8 -contMode StackVia -contAlign center -xCo2OdEnc 0.65 -yCo2OdEnc 0.65 -param {patternA 0.6 0.35 asIs 0.0 } -optLayerRepeatPattern { } -traitRepeatPattern { } -layerSetting { NP drawing disable none }
lakerZoomAll
lakerCreateTransistor -point (-2.136,1.865) -useMaskResolution 0 -device NMOS_stackVia -gates 1 -contType MaxContact -xEnc 0.6 -yEnc 0.6 -xConSpace 1.2 -yConSpace 1.2 -coWidth 1.2 1.2 -co2Gate 0.8 -contMode StackVia -contAlign center -xCo2OdEnc 0.65 -yCo2OdEnc 0.65 -param {patternA 0.6 0.35 asIs 0.0 } -optLayerRepeatPattern { } -traitRepeatPattern { } -layerSetting { NP drawing disable none }
lakerCreateTransistor -point (11.433,6.246) -useMaskResolution 0 -device NMOS_stackVia -gates 1 -contType MaxContact -xEnc 0.6 -yEnc 0.6 -xConSpace 1.2 -yConSpace 1.2 -coWidth 1.2 1.2 -co2Gate 0.8 -contMode StackVia -contAlign center -xCo2OdEnc 0.65 -yCo2OdEnc 0.65 -param {patternA 0.6 0.35 asIs 0.0 } -optLayerRepeatPattern { } -traitRepeatPattern { } -layerSetting { NP drawing disable none }
lakerChangeSelMode -mode Object
lakerCreateText -layerName PWELL -point (0.285,11.299) -justify CenterCenter -height 1.000000 -text {test}
lakerChangeSelMode -mode Vertex
lakerSingleSel
lakerSingleSel -point (-5.086,10.946) -traversedist 0.177
lakerSingleSel
lakerChangeSelMode -mode Object
lakerAlignObj -point (-0.086,11.423) -mode start
lakerAlignObj -snapMode anyangle -refObj 1 -refPoint (-0.581,11.281) -traversedist 0.088
lakerChangeSelMode -mode Vertex
lakerSingleSel
lakerSingleSel -point (1.415,11.405) -traversedist 0.177
lakerSingleSel
lakerAlignObj -point (0.302,11.246) -mode start
lakerAlignObj -snapMode anyangle -refObj 1 -refPoint (-0.546,11.246) -traversedist 0.088
lakerSingleSel
lakerSingleSel
lakerSingleSel
lakerAlignObj -point (-0.599,11.387) -mode start
lakerAlignObj -snapMode anyangle -refObj 1 -refPoint (-1.57,11.281) -traversedist 0.088
lakerSingleSel
lakerAlignObj -point (-1.517,11.264) -mode start
lakerAlignObj -refObj 1 -refPoint (-0.581,10.557) -traversedist 0.088
lakerSingleSel
lakerSingleSel
lakerAlignObj -point (-1.765,11.016) -mode start
lakerAlignObj -mode end
lakerAlignObj -mode end
lakerAlignObj -point (-1.959,11.069) -mode start
lakerAlignObj -refObj 1 -refPoint (-0.387,9.656) -traversedist 0.088
lakerAlignObj -point (-1.093,10.734) -mode start
lakerAlignObj -refObj 1 -refPoint (-0.97,11.052) -traversedist 0.088
lakerSingleSel
lakerSingleSel
lakerSingleSel
lakerSingleSel
lakerStretchObj -refPoint (-0.599,11.317) -ignoreNet 0 -offsetPoint (-3.62,11.317)
lakerSingleSel
lakerChangeSelMode -mode Object
lakerChangeSelMode -mode Vertex
lakerSingleSel
lakerSingleSel
lakerStretchObj -refPoint (-4.998,10.663) -ignoreNet 0 -offsetPoint (-4.998,8.631)
lakerStretchObj -refPoint (-4.609,9.144) -ignoreNet 0 -offsetPoint (-5.016,9.144)
lakerStretchObj -refPoint (-5.086,9.126) -ignoreNet 0 -offsetPoint (-5.086,10.999)
lakerStretchObj -refPoint (-4.592,10.999) -ignoreNet 0 -offsetPoint (-4.592,8.225)
lakerStretchObj -refPoint (-5.122,8.084) -ignoreNet 0 -offsetPoint (-5.122,10.08)
lakerSingleSel
lakerSetObjType -obj Instance -sel 1
lakerSetObjType -obj Instance -sel 0
lakerSetObjType -obj Instance -sel 1
lakerSingleSel
lakerSingleSel
lakerSetObjType -obj Instance -sel 0
lakerSetObjType -obj Instance -sel 1
lakerSingleSel
lakerAlignObj -mode end
lakerSingleSel -point (-4.309,9.197) -traversedist 0.177
lakerSingleSel
lakerDeselectAll
lakerSingleSel
lakerAlignObj -mode end
lakerSingleSel
lakerSingleSel
lakerSingleSel
lakerAlignObj -point (15.584,3.632) -mode start
lakerAlignObj -refObj 1 -refPoint (10.196,3.844) -traversedist 0.088
lakerSingleSel
lakerAlignObj -point (9.613,3.667) -mode start
lakerAlignObj -refObj 1 -refPoint (9.825,3.579) -traversedist 0.088
lakerSingleSel
lakerSingleSel
lakerAlignObj -point (0.514,13.119) -mode start
lakerAlignObj -snapMode anyangle -refObj 1 -refPoint (1.327,13.26) -traversedist 0.088
lakerSingleSel
lakerAlignObj -point (3.041,12.377) -mode start
lakerAlignObj -snapMode anyangle -refObj 1 -refPoint (1.38,13.278) -traversedist 0.088
lakerSingleSel -point (-1.906,12.5) -traversedist 0.177
lakerZoomInByArea -point (-5.073,6.37) (10.535,13.718)
lakerSingleSel
lakerAlignObj -point (4.307,13.093) -mode start
lakerAlignObj -refObj 1 -refPoint (6.114,13.232) -traversedist 0.043
lakerSingleSel
lakerAlignObj -point (6.088,13.232) -mode start
lakerAlignObj -snapMode anyangle -refObj 1 -refPoint (4.212,13.232) -traversedist 0.043
lakerSingleSel
lakerStretchObj -refPoint (1.971,12.719) -ignoreNet 0 -offsetPoint (-0.879,12.719)
lakerAreaSel -point (-2.25,12.424) (-0.999,12.467)
lakerSingleSel
lakerStretchObj -refPoint (-1.234,13.041) -ignoreNet 0 -offsetPoint (-2.806,13.041)
lakerSingleSel
lakerSingleSel
lakerStretchObj -refPoint (-2.598,12.693) -ignoreNet 0 -offsetPoint (-3.927,12.693)
lakerSingleSel -point (-1.347,12.224) -traversedist 0.087
lakerSetActiveLayer -layerName MET1 -purpose drawing
lakerAreaSel -point (-2.936,11.356) (-2.198,12.98)
lakerCreateRect -layerName MET1 -point (-2.528,11.451) (-0.887,12.285)
lakerCreateRect -layerName MET1 -point (-2.632,11.651) (-1.946,12.632)
lakerCreateRect -layerName MET1 -point (-2.224,11.755) (-1.425,12.059)
lakerIncreaseSel
lakerIncreaseSel
lakerChangeSelMode -mode Object
lakerSelInsideGroup -selInside 0
lakerMergeObj
lakerChangeSelMode -mode Vertex
lakerSelInsideGroup -selInside 1
lakerSaveDesign -autosave
lakerSingleSel -point (-3.544,8.394) -traversedist 0.087
lakerRuler -point (-4.213,9.115) (-4.213,7.907)
lakerClearRuler
lakerRuler -point (-4.213,9.115) (-4.213,7.907)
lakerClearRuler
lakerClearRuler
lakerSingleSel
lakerSingleSel
lakerStretchObj -refPoint (-0.913,11.686) -ignoreNet 0 -offsetPoint (-0.913,12.563)
lakerSingleSel
lakerSingleSel
lakerStretchObj -refPoint (-3.831,12.068) -ignoreNet 0 -offsetPoint (-3.831,11.477)
lakerStretchObj -refPoint (-3.788,11.442) -ignoreNet 0 -offsetPoint (-3.788,11.434)
lakerSingleSel
lakerSingleSel
lakerStretchObj -refPoint (7.217,12.545) -ignoreNet 0 -offsetPoint (7.929,12.545)
lakerSingleSel
lakerAlignObj -mode end
lakerStretchObj -refPoint (7.912,12.519) -ignoreNet 0 -offsetPoint (8.511,12.519)
lakerStretchObj -refPoint (7.712,12.12) -ignoreNet 0 -offsetPoint (7.712,11.442)
lakerAlignObj -mode end
lakerStretchObj -refPoint (7.391,11.442) -ignoreNet 0 -offsetPoint (7.434,11.442)
lakerSingleSel
lakerSingleSel -point (4.959,11.573) -traversedist 0.087
lakerSingleSel
lakerAlignObj -point (4.976,12.033) -mode start
lakerAlignObj -snapMode anyangle -refObj 1 -refPoint (4.221,12.102) -traversedist 0.043
lakerSingleSel
lakerSetColPat -layerName MT1_1 -sel 1 -vis 1
lakerSetActiveLayer -layerName MT1_1 -purpose drawing
lakerSetColPat -layerName MT1_2 -sel 1 -vis 1
lakerSetActiveLayer -layerName MT1_2 -purpose drawing
lakerSingleSel
lakerSetActiveLayer -layerName stop1 -purpose drawing
lakerSetActiveLayer -layerName stop1 -purpose drawing
lakerSetActiveLayer -layerName RPO -purpose drawing
lakerSetActiveLayer -layerName HRI -purpose drawing
lakerSetActiveLayer -layerName HRI -purpose drawing
lakerSetActiveLayer -layerName HRI -purpose drawing
lakerSetActiveLayer -layerName HRI -purpose drawing
lakerSingleSel
lakerSetActiveLayer -layerName L28 -purpose drawing
lakerSingleSel
lakerSingleSel
lakerSingleSel
lakerSingleSel
lakerIncreaseSel
lakerIncreaseSel
lakerIncreaseSel
lakerIncreaseSel
lakerIncreaseSel -point (-4.517,8.515) (1.789,12.988)
lakerSingleSel
lakerSetActiveLayer -layerName MT2slot -purpose drawing
lakerSetActiveLayer -layerName MT2slot -purpose drawing
lakerSetColPat -modCategory SysPinSet -use 0
lakerSetColPat -modCategory SysPinSet -use 1
lakerSaveDesign -autosave
lakerSaveDesign -autosave
lakerCloseDesign
lakerOpenDesign -lib labNew -cell cell_3 -mode edit
lakerSetActiveLayer -layerName PWELL -purpose drawing
lakerZoomAll
lakerSetColPat -modCategory DesignSet -use 1
lakerSetColPat -modCategory RoutingSet -use 1
lakerSetColPat -modCategory DrawingSet -use 1
lakerSetColPat -modCategory DesignSet -use 0
lakerSetColPat -modCategory RoutingSet -use 0
lakerSetColPat -modCategory DrawingSet -use 0
lakerSingleSel
lakerSingleSel -point (-0.881,0.081) -traversedist 0.011
lakerChangeSelMode -mode DevObj
lakerChangeSelMode -mode Vertex
lakerAlignObj -mode end
lakerChangeSelMode -mode Object
lakerCreateText -layerName PWELL -point (-0.523,0.163) -justify CenterCenter -height 0.100000 -text {leon}
lakerChangeSelMode -mode Vertex
lakerSingleSel
lakerAlignObj -mode end
lakerSingleSel
lakerSingleSel -point (-0.822,0.036) -traversedist 0.011
lakerSingleSel
lakerSingleSel
lakerSingleSel
lakerSingleSel -point (-0.766,0.018) -traversedist 0.011
lakerSingleSel
lakerStretchObj -refPoint (-0.56,0.05) -ignoreNet 0 -offsetPoint (-0.759,0.05)
lakerStretchObj -refPoint (-0.697,0.032) -ignoreNet 0 -offsetPoint (-0.8,0.032)
lakerStretchObj -refPoint (-0.778,0.073) -ignoreNet 0 -offsetPoint (-0.778,0.01)
lakerStretchObj -refPoint (-0.74,0.03) -ignoreNet 0 -offsetPoint (-0.764,0.03)
lakerSingleSel
lakerStretchObj -refPoint (-0.838,0.099) -ignoreNet 0 -offsetPoint (-0.515,0.099)
lakerStretchObj -refPoint (-0.482,0.087) -ignoreNet 0 -offsetPoint (-0.776,0.087)
lakerChangeSelMode -mode Object
lakerChangeSelMode -mode Vertex
lakerSingleSel
lakerAlignObj -point (-0.793,0.093) -mode start
lakerAlignObj -snapMode anyangle -refObj 1 -refPoint (-0.802,0.063) -traversedist 0.006
lakerSingleSel -point (-0.468,0.014) -traversedist 0.011
lakerSingleSel
lakerChangeSelMode -mode DevObj
lakerSetActiveLayer -layerName MET2 -purpose drawing
lakerLayerTap
lakerChangeSelMode -mode Vertex
lakerSingleSel -point (-0.811,0.435) -traversedist 0.011
lakerSingleSel
lakerSingleSel
lakerSingleSel
lakerSetActiveLayer -layerName VIA2 -purpose drawing
lakerAlignObj -mode end
lakerCreateRect -layerName VIA2 -point (-0.787,0.224) (-0.74,0.291)
lakerCreateRect -layerName VIA2 -point (-1.08,0.535) (-1.013,0.607)
lakerSingleSel
lakerSingleSel -point (-0.419,0.256) -traversedist 0.011
lakerSingleSel
lakerAlignObj -mode end
lakerSingleSel
lakerAlignObj -point (-0.419,0.218) -mode start
lakerAlignObj -refObj 1 -refPoint (-0.428,0.211) -traversedist 0.006
lakerSingleSel
lakerSaveDesign -autosave
lakerAlignObj -point (-0.524,0.166) -mode start
lakerAlignObj -refObj 1 -refPoint (-0.451,0.219) -traversedist 0.006
lakerSingleSel
lakerAlignObj -mode end
lakerChangeSelMode -mode DevObj
lakerChangeSelMode -mode Vertex
lakerAlignObj -mode end
lakerAlignObj -mode end
lakerAlignObj -point (-0.53,0.373) -mode start
lakerAlignObj -mode end
lakerAlignObj -mode end
lakerSingleSel
lakerSingleSel
lakerAlignObj -mode end
lakerSingleSel
lakerChangeSelMode -mode Object
lakerAlignObj -mode end
lakerChangeSelMode -mode Vertex
lakerSingleSel
lakerSaveDesign
lakerAlignObj -mode end
lakerAlignObj -point (-0.748,0.073) -mode start
lakerAlignObj -mode end
lakerAlignObj -mode end
lakerSingleSel
lakerSingleSel
lakerDistance -point (-0.43,0.379) (-0.33,0.386)
lakerAlignObj -point (0.258,0.273) -mode start
lakerAlignObj -mode end
lakerAlignObj -point (0.26,0.268) -mode start
lakerAlignObj -mode end
lakerAlignObj -point (0.263,0.264) -mode start
lakerAlignObj -mode end
lakerAlignObj -point (0.253,0.277) -mode start
lakerAlignObj -mode end
lakerSingleSel
lakerAlignObj -mode end
lakerSingleSel
lakerAlignObj -point (0.358,0.427) -mode start
lakerAlignObj -refObj 1 -refPoint (-0.037,0.433) -traversedist 0.006
lakerSingleSel
lakerAlignObj -mode end
lakerSetActiveLayer -layerName CONT -purpose drawing
lakerSetActiveLayer -layerName PWELL -purpose drawing
lakerSingleSel
lakerSingleSel -point (-0.596,0.751) -traversedist 0.011
lakerSingleSel
lakerAlignObj -mode end
lakerSingleSel
lakerSingleSel
lakerAlignObj -mode end
lakerSingleSel -point (-0.473,0.146) -traversedist 0.011
lakerSingleSel
lakerSingleSel
lakerSingleSel
lakerSingleSel -point (-0.445,0.074) -traversedist 0.011
lakerSingleSel
lakerSingleSel -point (-0.426,0.032) -traversedist 0.011
lakerSingleSel
wtAskUser: "The data has been modified. Omit the change?", answer:  "Yes"
lakerSingleSel -point (-1.11,0.135) -traversedist 0.011
lakerAlignObj -mode end
lakerCloseDesign
lakerOpenDesign -lib lab -cell abstractCell -view abs -mode edit
lakerSetActiveLayer -layerName PWELL -purpose drawing
lakerCloseDesign
wtAskUser: "The autosave cell view exists. Open the autosave file?", answer:  "Yes"
lakerOpenDesign -lib lab -cell abstractCell -mode edit -autosave
lakerSetActiveLayer -layerName PWELL -purpose drawing
lakerSingleSel -point (-3.647,7.07) -traversedist 0.184
lakerZoomIn
lakerZoomIn
lakerZoomIn
lakerZoomAll
lakerSingleSel
lakerSetColPat -modCategory SysPinSet -use 1
lakerSetColPat -modCategory DesignSet -use 1
lakerSetColPat -modCategory RoutingSet -use 1
lakerSetColPat -modCategory DrawingSet -use 1
lakerSingleSel -point (-5.73,5.614) -traversedist 0.184
lakerSingleSel
lakerAttribute -index 1 -layerName MT3 -purpose pin
lakerSingleSel
lakerSingleSel
lakerAttribute -layerName POLY -purpose label -point (-4.708,9.96) -orient R0 -magni 1.000000 -text test -justify CenterCenter -font Modern -portType in -jointType disjointed -accDir none  -status float
lakerSingleSel -point (-5.085,3.402) -traversedist 0.184
lakerSingleSel
lakerZoomInByArea -point (-9.634,5.779) (3.832,12.119)
lakerAreaSel -point (-3.572,8.837) (-3.354,10.268)
lakerSingleSel -point (-3.729,8.552) -traversedist 0.075
lakerZoomAll
lakerAreaSel -point (-6.191,7.235) (0.371,13.981)
lakerSingleSel -point (-4.034,7.106) -traversedist 0.184
lakerZoomInByArea -point (-11.993,5.374) (6.873,14.256)
lakerSingleSel
lakerSetActiveLayer -layerName PWELL -purpose drawing
lakerSingleSel -point (-8.833,11.768) -traversedist 0.105
lakerSetActiveLayer -layerName PWELL -purpose drawing
lakerSingleSel -point (-10.744,10.277) -traversedist 0.105
lakerSetColPat -modCategory DrawingSet -use 0
lakerSetColPat -modCategory DrawingSet -use 1
lakerSetActiveLayer -layerName POLY -purpose drawing
lakerCreateRect -layerName POLY -point (-10.408,9.29) (-6.523,13.133)
lakerChangeSelMode -mode Object
lakerCreateText -layerName POLY -point (-7.111,11.883) -justify CenterCenter -height 0.100000 -text {leon}
lakerChangeSelMode -mode Vertex
lakerSingleSel
lakerAttribute -layerName MT3 -purpose pin -point (-7.111,11.883) -orient R0 -magni 0.100000 -text leon -justify CenterCenter -font Modern -portType in -jointType disjointed -accDir none  -status float
lakerZoomIn
lakerZoomIn
lakerDsgDrag
lakerZoomInByArea -point (-3.24,9.4) (-2.344,9.822)
lakerZoomAll
lakerZoomInByArea -point (-9.244,10.954) (-5.412,12.758)
lakerSingleSel
lakerSingleSel
lakerSingleSel
lakerSingleSel
lakerSingleSel -point (-6.457,11.854) -traversedist 0.021
lakerSingleSel
lakerChangeSelMode -mode Object
lakerCreateText -layerName POLY -point (-7.054,11.683) -justify CenterCenter -height 0.100000 -text {leon2}
lakerChangeSelMode -mode Vertex
lakerSingleSel
lakerStretchObj -refPoint (-6.99,11.673) -ignoreNet 0 -offsetPoint (-7.457,11.673)
lakerStretchObj -refPoint (-7.463,11.675) -ignoreNet 0 -offsetPoint (-8.114,11.675)
lakerSingleSel
lakerAlignObj -mode end
lakerAttribute -layerName MT2VSS -purpose pin -point (-8.172,11.683) -orient R0 -magni 0.100000 -text leon2 -justify CenterCenter -font Modern -portType in -jointType disjointed -accDir none  -status float
lakerSingleSel
lakerSingleSel
lakerSingleSel
lakerSingleSel
lakerSingleSel
lakerSingleSel
lakerStretchObj -refPoint (-8.088,11.673) -ignoreNet 0 -offsetPoint (-7.856,11.673)
lakerStretchObj -refPoint (-7.875,11.673) -ignoreNet 0 -offsetPoint (-7.216,11.673)
lakerStretchObj -refPoint (-7.216,11.679) -ignoreNet 0 -offsetPoint (-8.05,11.679)
lakerSingleSel
lakerChangeSelMode -mode Object
lakerCreateText -layerName POLY -point (-7.463,11.594) -justify CenterCenter -height 0.100000 -text {leon3}
lakerChangeSelMode -mode Vertex
lakerSingleSel
lakerStretchObj -refPoint (-7.425,11.594) -ignoreNet 0 -offsetPoint (-7.425,11.978)
lakerSingleSel
lakerSingleSel
lakerStretchObj -refPoint (-7.399,11.984) -ignoreNet 0 -offsetPoint (-7.399,11.476)
lakerAttribute -layerName MET1 -purpose blockage -point (-7.463,11.47) -orient R0 -magni 0.100000 -text leon3 -justify CenterCenter -font Modern -portType in -jointType disjointed -accDir none  -status float
lakerSingleSel
lakerSingleSel
lakerSingleSel
lakerStretchObj -refPoint (-7.344,11.464) -ignoreNet 0 -offsetPoint (-7.344,11.833)
lakerStretchObj -refPoint (-7.353,11.865) -ignoreNet 0 -offsetPoint (-7.353,11.519)
lakerSingleSel
lakerSingleSel
wtAskUser: "The data has been modified. Omit the change?", answer:  "Yes"
lakerSingleSel
lakerSingleSel
lakerAttribute -layerName MT3 -purpose pin -point (-7.463,11.493) -orient R0 -magni 0.100000 -text leon3 -justify CenterCenter -font Modern -portType in -jointType disjointed -accDir none  -status float
lakerSingleSel
lakerSingleSel
lakerStretchObj -refPoint (-7.382,11.5) -ignoreNet 0 -offsetPoint (-7.382,11.788)
lakerZoomAll
lakerSingleSel
lakerCloseDesign
X Error: error code: 3. X_GetProperty - BadWindow (invalid Window parameter)
X Error: error code: 3. X_GetProperty - BadWindow (invalid Window parameter)
X Error: error code: 3. X_GetProperty - BadWindow (invalid Window parameter)
X Error: error code: 3. X_GetProperty - BadWindow (invalid Window parameter)
X Error: error code: 3. X_GetProperty - BadWindow (invalid Window parameter)
X Error: error code: 3. X_GetProperty - BadWindow (invalid Window parameter)
X Error: error code: 3. X_GetProperty - BadWindow (invalid Window parameter)
X Error: error code: 3. X_GetProperty - BadWindow (invalid Window parameter)
X Error: error code: 3. X_GetProperty - BadWindow (invalid Window parameter)
X Error: error code: 3. X_GetProperty - BadWindow (invalid Window parameter)
X Error: error code: 3. X_GetProperty - BadWindow (invalid Window parameter)
X Error: error code: 3. X_GetProperty - BadWindow (invalid Window parameter)
X Error: error code: 3. X_GetProperty - BadWindow (invalid Window parameter)
X Error: error code: 3. X_GetProperty - BadWindow (invalid Window parameter)
X Error: error code: 3. X_GetProperty - BadWindow (invalid Window parameter)
X Error: error code: 3. X_GetProperty - BadWindow (invalid Window parameter)
X Error: error code: 3. X_GetProperty - BadWindow (invalid Window parameter)
X Error: error code: 3. X_GetProperty - BadWindow (invalid Window parameter)
X Error: error code: 3. X_GetProperty - BadWindow (invalid Window parameter)
X Error: error code: 3. X_GetProperty - BadWindow (invalid Window parameter)
X Error: error code: 3. X_GetProperty - BadWindow (invalid Window parameter)
X Error: error code: 3. X_GetProperty - BadWindow (invalid Window parameter)
X Error: error code: 3. X_GetProperty - BadWindow (invalid Window parameter)
X Error: error code: 3. X_GetProperty - BadWindow (invalid Window parameter)
X Error: error code: 3. X_GetProperty - BadWindow (invalid Window parameter)
X Error: error code: 3. X_GetProperty - BadWindow (invalid Window parameter)
X Error: error code: 3. X_GetProperty - BadWindow (invalid Window parameter)
X Error: error code: 3. X_GetProperty - BadWindow (invalid Window parameter)
X Error: error code: 3. X_GetProperty - BadWindow (invalid Window parameter)
X Error: error code: 3. X_GetProperty - BadWindow (invalid Window parameter)
X Error: error code: 3. X_GetProperty - BadWindow (invalid Window parameter)
X Error: error code: 3. X_GetProperty - BadWindow (invalid Window parameter)
X Error: error code: 3. X_GetProperty - BadWindow (invalid Window parameter)
X Error: error code: 3. X_GetProperty - BadWindow (invalid Window parameter)
X Error: error code: 3. X_GetProperty - BadWindow (invalid Window parameter)
X Error: error code: 3. X_GetProperty - BadWindow (invalid Window parameter)
X Error: error code: 3. X_GetProperty - BadWindow (invalid Window parameter)
X Error: error code: 3. X_GetProperty - BadWindow (invalid Window parameter)
X Error: error code: 3. X_GetProperty - BadWindow (invalid Window parameter)
X Error: error code: 3. X_GetProperty - BadWindow (invalid Window parameter)
X Error: error code: 3. X_GetProperty - BadWindow (invalid Window parameter)
X Error: error code: 3. X_GetProperty - BadWindow (invalid Window parameter)
Lib(/home/user/wrk/tf_basic_lab/lab.lib++/libfile) needs to update:
 org[Time(1727684284) size(6859)] now[Time(1465795152) Size(6450)]
lakerOpenDesign -lib lab -cell abstractCell -mode edit
lakerSetActiveLayer -layerName PWELL -purpose drawing
lakerCloseDesign
lakerOpenDesign -lib labNew -cell cell_3 -mode edit
lakerSetActiveLayer -layerName PWELL -purpose drawing
lakerZoomAll
lakerSingleSel
lakerAttribute -index 1 -layerName OD1 -purpose drawing1
lakerSingleSel
lakerStretchObj -refPoint (-0.56,0.206) -ignoreNet 0 -offsetPoint (-0.866,0.206)
lakerAlignObj -point (-0.865,0.216) -mode start
lakerAlignObj -snapMode anyangle -refObj 1 -refPoint (-0.834,0.208) -traversedist 0.006
lakerSingleSel
lakerSingleSel
lakerSingleSel -point (-0.486,0.204) -traversedist 0.011
lakerSingleSel
lakerSingleSel -point (-0.517,0.103) -traversedist 0.011
lakerCreateRect -layerName PWELL -point (-0.605,-0.369) (-0.105,0.131)
lakerZoomAll
lakerCreateRect -layerName PWELL -point (-1.316,-0.36) (-0.816,0.14)
lakerZoomAll
lakerCreateRect -layerName PWELL -point (-0.266,-0.762) (0.234,-0.262)
lakerZoomAll
lakerCreateRect -layerName PWELL -point (0.304,-0.89) (0.804,-0.39)
lakerSingleSel
lakerStretchObj -refPoint (-0.041,-0.773) -ignoreNet 0 -offsetPoint (-0.041,-0.773)
lakerAlignObj -point (-0.106,-0.756) -mode start
lakerAlignObj -refObj 1 -refPoint (-0.021,-0.771) -traversedist 0.01
lakerAlignObj -mode end
lakerAlignObj -mode end
lakerSingleSel
lakerSingleSel
lakerSingleSel
lakerStretchObj -refPoint (-0.016,-0.756) -ignoreNet 0 -offsetPoint (-0.016,-0.756)
lakerSingleSel
lakerAlignObj -point (-0.278,-0.558) -mode start
lakerAlignObj -mode end
lakerStretchObj -refPoint (-0.262,-0.574) -ignoreNet 0 -offsetPoint (-0.262,-0.677)
lakerStretchObj -refPoint (-0.268,-0.544) -ignoreNet 0 -offsetPoint (-0.842,-0.544)
lakerSingleSel
lakerStretchObj -refPoint (0.533,-0.168) -ignoreNet 0 -offsetPoint (0.41,-0.168)
lakerStretchObj -refPoint (0.796,-0.527) -ignoreNet 0 -offsetPoint (0.582,-0.527)
lakerStretchObj -refPoint (0.798,-0.548) -ignoreNet 0 -offsetPoint (1.113,-0.548)
lakerSetActiveLayer -layerName PWELL -purpose drawing
lakerCreateRect -layerName PWELL -point (0.674,-0.066) (1.264,0.516)
lakerStretchObj -refPoint (0.905,-0.066) -ignoreNet 0 -offsetPoint (1.011,-0.066)
lakerSingleSel
lakerChangeSelMode -mode Object
lakerDeselectAll
lakerChangeSelMode -mode Vertex
lakerSingleSel
lakerStretchObj -refPoint (1.072,-0.064) -ignoreNet 0 -offsetPoint (1.072,-0.235)
lakerSingleSel
lakerStretchObj -refPoint (0.811,-0.523) -ignoreNet 0 -offsetPoint (1.174,-0.523)
lakerZoomAll
lakerSingleSel
lakerStretchObj -refPoint (0.3,-0.536) -ignoreNet 0 -offsetPoint (-0.054,-0.536)
lakerSingleSel
lakerStretchObj -refPoint (0.585,-0.39) -ignoreNet 0 -offsetPoint (0.585,-0.174)
lakerSingleSel
lakerSingleSel
lakerSingleSel -point (-0.918,-0.651) -traversedist 0.022
lakerSingleSel
lakerSingleSel -point (-1.123,-0.676) -traversedist 0.022
lakerSingleSel -point (-0.871,-0.636) -traversedist 0.022
lakerSingleSel
lakerStretchObj -refPoint (-0.838,-0.603) -ignoreNet 0 -offsetPoint (-1.205,-0.603)
lakerSetActiveLayer -layerName MET2 -purpose drawing
lakerCreateRect -layerName MET2 -point (-0.925,-0.718) (-0.577,-0.534)
lakerSetActiveLayer -layerName CONT -purpose drawing
lakerZoomAll
lakerCreateRect -layerName CONT -point (-0.803,-0.684) (-0.67,-0.603)
lakerSetActiveLayer -layerName MET1 -purpose drawing
lakerCreateRect -layerName MET1 -point (-1.073,-0.788) (0.93,-0.461)
lakerChangeSelMode -mode Object
lakerDeselectAll
lakerDeselectAll
lakerDeselectAll
lakerDeselectAll
lakerChangeSelMode -mode Vertex
lakerSingleSel -point (-1.466,0.372) -traversedist 0.022
lakerSingleSel -point (-1.508,0.308) -traversedist 0.022
lakerChangeSelMode -mode Object
lakerSelInsideGroup -selInside 0
lakerChangeSelMode -mode Vertex
lakerSelInsideGroup -selInside 1
lakerSingleSel -point (-1.484,0.511) -traversedist 0.022
lakerSingleSel -point (-1.47,0.432) -traversedist 0.022
lakerChangeSelMode -mode DevObj
lakerSingleSel -point (-1.574,0.341) -traversedist 0.022
lakerChangeSelMode -mode Vertex
lakerSingleSel -point (-1.654,-0.143) -traversedist 0.022
lakerSingleSel -point (-1.742,-0.094) -traversedist 0.022
lakerSetColPat -modCategory DrawingSet -use 1
lakerSetColPat -modCategory RoutingSet -use 1
lakerSetColPat -modCategory DesignSet -use 1
lakerSingleSel -point (-1.592,-0.134) -traversedist 0.022
lakerSaveDesign
lakerCloseDesign
lakerNewCell -lib labNew -cell new_4
lakerSetActiveLayer -layerName PWELL -purpose drawing
lakerCreateRect -layerName PWELL -point (-0.132,-0.07) (0.368,0.43)
lakerSingleSel -point (-0.355,0.317) -traversedist 0.007
lakerSingleSel -point (-0.293,0.122) -traversedist 0.007
lakerCloseDesign
lakerOpenDesign -lib example -cell top -mode edit
lakerSetActiveLayer -layerName PWELL -purpose drawing
lakerCreateTransistor -point (0.053,-0.185) -inst PMOS_1f -useMaskResolution 0 -device PMOS -gates 1 -contType MaxContact -xEnc 0.1 -yEnc 0.1 -xConSpace 0.3 -yConSpace 0.3 -coWidth 0.3 0.3 -co2Gate 0.3 -contAlign center -xCo2OdEnc 0.15 -yCo2OdEnc 0.15 -param {patternA 0.6 0.35 asIs 0.0 } -optLayerRepeatPattern { } -traitRepeatPattern { } -layerSetting { PP drawing disable none }
lakerZoomAll
lakerSingleSel
lakerSingleSel -point (-0.076,0.55) -traversedist 0.018
lakerAreaSel -point (-0.134,-0.63) (2.217,0.823)
lakerZoomIn
lakerUndo
lakerZoomAll
lakerRedo
lakerZoomAll
lakerSingleSel
lakerRotate90 -refPoint (0.978,0.115)
lakerRotate90 -refPoint (0.978,0.115)
lakerRotate90 -refPoint (0.978,0.115)
lakerRotate90 -refPoint (0.978,0.115)
lakerSingleSel -point (-0.412,0.348) -traversedist 0.018
lakerSingleSel
lakerSingleSel
lakerSingleSel
lakerSingleSel
lakerSingleSel
lakerSingleSel -point (-0.145,0.406) -traversedist 0.018
lakerZoomAll
lakerZoomIn
lakerZoomOut
lakerZoomOut
lakerCreateTransistor -point (0.004,-1.385) -useMaskResolution 0 -device NMOS -gates 1 -contType MaxContact -xEnc 0.1 -yEnc 0.1 -xConSpace 0.3 -yConSpace 0.3 -coWidth 0.3 0.3 -co2Gate 0.3 -contAlign center -xCo2OdEnc 0.15 -yCo2OdEnc 0.15 -param {patternA 0.6 0.35 asIs 0.0 } -optLayerRepeatPattern { } -traitRepeatPattern { } -layerSetting { NP drawing disable none }
lakerSingleSel
lakerSingleSel
lakerSingleSel
lakerZoomOut
lakerSingleSel -point (2.045,-0.956) -traversedist 0.073
lakerSingleSel -point (-0.81,-0.817) -traversedist 0.073
lakerAreaSel -point (-0.788,-2.536) (3.633,-0.235)
lakerChangeSelMode -mode DevObj
lakerMoveObj -ignoreNet 0 -refPoint (0.923,-1.568) -offsetPoint (0.923,-2.179)
lakerChangeSelMode -mode Vertex
lakerSingleSel
lakerSingleSel
lakerSingleSel
lakerSingleSel
lakerSingleSel
lakerSingleSel
lakerSingleSel -point (2.802,-1.385) -traversedist 0.073
lakerSingleSel
lakerStretchObj -refPoint (1.28,-1.196) -ignoreNet 0 -offsetPoint (1.339,-1.196)
lakerSingleSel -point (2.606,-1.189) -traversedist 0.073
lakerSingleSel
lakerStretchObj -refPoint (1.55,-1.211) -ignoreNet 0 -offsetPoint (1.55,-1.029)
lakerPanLeft
lakerZoomAll
lakerSingleSel
lakerSingleSel
lakerStretchObj -refPoint (1.324,-0.821) -ignoreNet 0 -offsetPoint (1.324,-0.845)
lakerAlignObj -point (1.166,-0.593) -mode start
lakerAlignObj -snapMode anyangle -refObj 1 -refPoint (1.158,-0.837) -traversedist 0.02
lakerSingleSel
lakerAlignObj -point (1.142,-0.809) -mode start
lakerAlignObj -snapMode anyangle -refObj 1 -refPoint (0.828,-1.097) -traversedist 0.02
lakerUndo
lakerSingleSel
lakerSingleSel
lakerSingleSel
lakerSingleSel
lakerSingleSel
lakerStretchObj -refPoint (0.548,-1.246) -ignoreNet 0 -offsetPoint (-0.165,-1.246)
lakerSingleSel
lakerAlignObj -point (1.17,-0.817) -mode start
lakerAlignObj -snapMode anyangle -refObj 1 -refPoint (0.469,-1.104) -traversedist 0.02
lakerUndo
lakerSingleSel -point (1.76,-1.23) -traversedist 0.039
lakerSingleSel
lakerSingleSel -point (-0.094,-1.049) -traversedist 0.039
lakerSingleSel
lakerAlignObj -point (0.465,-1.097) -mode start
lakerAlignObj -snapMode anyangle -refObj 1 -refPoint (1.174,-0.845) -traversedist 0.02
lakerAlignObj -point (1.253,-0.841) -mode start
lakerAlignObj -snapMode anyangle -refObj 1 -refPoint (0.8,-0.841) -traversedist 0.02 -space 0.3
lakerUndo
lakerSingleSel
lakerSingleSel
lakerSingleSel
lakerSingleSel
lakerStretchObj -refPoint (1.446,-0.939) -ignoreNet 0 -offsetPoint (1.446,-1.148)
lakerSingleSel -point (2.508,-1.132) -traversedist 0.039
lakerSingleSel
lakerSingleSel -point (2.662,-0.915) -traversedist 0.039
lakerSingleSel
lakerSingleSel -point (2.78,-0.711) -traversedist 0.039
lakerSetActiveLayer -layerName MET1 -purpose drawing
lakerAlignObj -mode end
lakerCreateRect -layerName MET1 -point (1.249,-2.132) (1.938,0.198)
lakerSetColPat -modCategory DrawingSet -use 1
lakerSetColPat -modCategory SysPinSet -use 1
lakerSetColPat -modCategory DesignSet -use 1
lakerSetColPat -modCategory RoutingSet -use 1
lakerCreateRect -layerName PWELL -point (-0.153,-2.226) (0.709,0.324)
lakerUndo
lakerSetActiveLayer -layerName MET1 -purpose drawing
lakerCreateRect -layerName MET1 -point (0.091,-2.033) (0.646,0.163)
lakerSingleSel
lakerAlignObj -point (1.146,-1.034) -mode start
lakerAlignObj -snapMode anyangle -refObj 1 -refPoint (1.166,-0.849) -traversedist 0.02 -space 0.3
lakerAlignObj -point (1.202,-1.148) -mode start
lakerAlignObj -snapMode anyangle -refObj 1 -refPoint (1.158,-0.845) -traversedist 0.02 -space 0.3
lakerAlignObj -point (1.221,-1.12) -mode start
lakerAlignObj -snapMode anyangle -refObj 1 -refPoint (1.166,-0.837) -traversedist 0.02 -space 0.3
lakerSingleSel -point (2.819,-1.474) -traversedist 0.039
lakerUndo
lakerUndo
lakerDeselectAll
lakerSingleSel
lakerAlignObj -point (1.142,-1.053) -mode start
lakerAlignObj -snapMode anyangle -refObj 1 -refPoint (1.154,-0.829) -traversedist 0.02 -space 0.3
lakerAreaSel -point (0.599,-1.348) (0.706,-1.333)
lakerSingleSel
lakerStretchObj -refPoint (0.729,-1.25) -ignoreNet 0 -offsetPoint (0.729,-1.018)
lakerStretchObj -refPoint (0.737,-1.041) -ignoreNet 0 -offsetPoint (0.737,-0.978)
lakerSingleSel -point (4.146,-1.372) -traversedist 0.039
lakerSetActiveLayer -layerName CONT -purpose drawing
lakerSingleSel
lakerCreateRect -layerName CONT -point (0.867,-1.006) (1.115,-0.77)
lakerCreateRect -layerName CONT -point (1.001,-0.88) (1.016,-0.758)
lakerYankObj -refPoint (0.0,0.0) -clipping 1
lakerUndo
lakerUndo
lakerCreateRect -layerName CONT -point (0.875,-0.986) (1.119,-0.723)
lakerSaveDesign -autosave
lakerSingleSel
lakerSingleSel
lakerIncreaseSel
lakerChangeSelMode -mode Object
lakerSelInsideGroup -selInside 0
lakerMergeObj
lakerChangeSelMode -mode Vertex
lakerSelInsideGroup -selInside 1
lakerSingleSel
lakerIncreaseSel
lakerSingleSel
lakerSingleSel
lakerChangeSelMode -mode Object
lakerSelInsideGroup -selInside 0
lakerIncreaseSel -point (1.005,-0.203) -traversedist 0.039
lakerIncreaseSel -point (1.032,-1.51) -traversedist 0.039
lakerIncreaseSel -point (1.024,-0.321) -traversedist 0.039
lakerSingleSel -point (0.993,-0.349) -traversedist 0.039
lakerSingleSel -point (1.02,-0.416) -traversedist 0.039
lakerSingleSel -point (1.016,-1.285) -traversedist 0.039
lakerSingleSel -point (0.934,-0.416) -traversedist 0.039
lakerSingleSel
lakerSingleSel -point (1.028,-1.278) -traversedist 0.039
lakerSingleSel -point (0.973,-0.471) -traversedist 0.039
lakerSingleSel -point (0.957,-0.506) -traversedist 0.039
lakerSingleSel -point (2.532,-0.782) -traversedist 0.039
lakerSingleSel -point (0.934,-0.538) -traversedist 0.039
lakerIncreaseSel -point (0.985,-0.388) -traversedist 0.039
lakerIncreaseSel -point (0.981,-1.396) -traversedist 0.039
lakerChangeSelMode -mode Vertex
lakerSelInsideGroup -selInside 1
lakerSingleSel -point (3.04,-0.939) -traversedist 0.039
lakerSingleSel -point (2.756,-0.368) -traversedist 0.039
lakerSingleSel
lakerSingleSel
lakerSingleSel
lakerChangeSelMode -mode Object
lakerSelInsideGroup -selInside 0
lakerSingleSel -point (0.954,-0.25) -traversedist 0.039
lakerIncreaseSel -point (1.032,-1.423) -traversedist 0.039
lakerIncreaseSel -point (0.784,-0.203) -traversedist 0.039
lakerIncreaseSel -point (0.863,-0.526) -traversedist 0.039
lakerSingleSel -point (0.902,-1.51) -traversedist 0.039
lakerSetActiveLayer -layerName PWELL -purpose drawing
lakerAreaSel -point (-1.987,-0.309) (-1.212,0.529)
lakerChangeSelMode -mode Vertex
lakerSelInsideGroup -selInside 1
lakerCreateRect -layerName PWELL -point (-1.849,-0.75) (-1.263,0.175)
lakerCreateRect -layerName PWELL -point (-1.538,-1.325) (-0.802,-0.514)
lakerChangeSelMode -mode Object
lakerSelInsideGroup -selInside 0
lakerSingleSel
lakerSingleSel
lakerIncreaseSel
lakerMergeObj
lakerChangeSelMode -mode Vertex
lakerSelInsideGroup -selInside 1
lakerAreaSel -point (-2.062,-1.813) (-0.389,0.368)
lakerChangeSelMode -mode DevObj
lakerChangeSelMode -mode Vertex
lakerDeleteObj
lakerSetActiveLayer -layerName POLY -purpose drawing
lakerSingleSel
lakerSingleSel
lakerStretchObj -refPoint (1.079,-0.734) -ignoreNet 0 -offsetPoint (0.997,-0.734)
lakerAlignObj -mode end
lakerAlignObj -mode end
lakerSingleSel
lakerStretchObj -refPoint (0.997,-0.727) -ignoreNet 0 -offsetPoint (0.997,-0.845)
lakerAreaSel -point (0.989,-0.963) (0.997,-0.825)
lakerSingleSel
lakerSingleSel
lakerSingleSel
lakerSingleSel
lakerStretchObj -refPoint (1.024,-0.963) -ignoreNet 0 -offsetPoint (1.024,-0.856)
lakerSingleSel -point (2.67,-0.829) -traversedist 0.039
lakerZoomOut
lakerTechEditor
lakerTFeActUnit
lakerTFeLoadFromFile -file /home/user/wrk/tf_basic_lab/example.tf -section
lakerTFeActPurpose
lakerTFeActUnit
lakerTFeActLayerStream
lakerTFeActPurpose
lakerTFeActLayerRule
lakerTFeActLayerRule -action modify -seq 5 -newData {{space  VIA1} {0.45 } {VIA1.S.1}}
lakerTFeActLayerRule -action modify -seq 4 -newData {{width  VIA1} {0.5 } {VIA1.W.1}}
lakerTFeActVerifyRule
lakerTFeActLayerRule
lakerTFeActLayerStream
lakerSaveDesign -autosave
lakerTFeActLayerRule
lakerTFeActLayerRule -action modify -seq 5 -newData {{space  VIA1} {0.45 } {VIA1.S.1}}
lakerTFeActLayerRule -action modify -seq 4 -newData {{width  VIA1} {0.5 } {VIA1.W.1}}
lakerTFeActUnit
lakerTFeComment
lakerTFeActPurpose
lakerTFeActLayerStream
lakerTFeActLayerStream -section layerDef -action add -newData {pin1 pin 2 silver blank yellow shortDash 1}
lakerTFeActLayerStream -section streamIO
wtAskUser: "The file "/home/user/wrk/tf_basic_lab/basicNew.tf" exists. Overwrite it anyway?", answer:  "Yes"
lakerTFeSaveToFile -file /home/user/wrk/tf_basic_lab/basicNew.tf
lakerTFeClose
lakerCloseDesign
Failed to create technology data in library.
Failed to create technology data in library.
lakerOpenDesign -lib labNew -cell new_4 -mode edit
lakerSetActiveLayer -layerName PWELL -purpose drawing
lakerSetColPat -modCategory DesignSet -use 1
lakerSetColPat -modCategory RoutingSet -use 1
lakerSetColPat -modCategory DrawingSet -use 1
lakerSetColPat -modCategory DesignSet -use 0
lakerSetColPat -modCategory RoutingSet -use 0
lakerSetColPat -modCategory DrawingSet -use 0
lakerSingleSel -point (-0.553,0.174) -traversedist 0.013
lakerSingleSel -point (-0.183,0.116) -traversedist 0.013
lakerCloseDesign
lakerTechEditor
lakerTFeActUnit
lakerTFeComment
lakerTFeActLayerStream
lakerTFeActPurpose
lakerTFeActLayerRule
lakerTFeActLayerStream
lakerTFeActPurpose
lakerTFeActLayerRule
lakerTFeNewFile
wtAskUser: "Reload the comments?", answer:  "Yes"
lakerTFeLoadFromFile -file /home/user/wrk/tf_basic_lab/basicNew.tf -section
lakerTFeActLayerStream
lakerTFeActPurpose
lakerTFeActLayerStream
lakerTFeActPurpose
lakerTFeActLayerStream
lakerTFeActLayerRule
lakerTFeActLayerRule -action modify -seq 0 -newData {{space  MET2} {0.5 } {M2.W.1}}
lakerTFeActLayerRule -action modify -seq 0 -newData {{width  PWELL} {{0.1 0.3} } {M2.W.1}}
lakerTFeActLayerRule -action modify -seq 0 -newData {{width  PWELL} {{0.1 0.3} } {M2.W.1}}
wtAskUser: "The file "/home/user/wrk/tf_basic_lab/basicNew.tf" exists. Overwrite it anyway?", answer:  "Yes"
lakerTFeSaveToFile -file /home/user/wrk/tf_basic_lab/basicNew.tf
lakerTFeClose
Failed to create technology data in library.
Failed to create technology data in library.
lakerNewCell -lib labNew -cell cell_5
lakerSetActiveLayer -layerName PWELL -purpose drawing
lakerSetColPat -modCategory DrawingSet -use 1
lakerSetColPat -modCategory RoutingSet -use 1
lakerSetColPat -modCategory DesignSet -use 1
lakerSetColPat -modCategory DesignSet -use 0
lakerSetColPat -modCategory DesignSet -use 1
lakerSetColPat -visall 0
lakerSetColPat -selall 0
lakerSetColPat -visall 1
lakerSetColPat -selall 1
lakerSetColPat -visall 0
lakerSetColPat -selall 0
lakerSetColPat -visall 1
lakerSetColPat -selall 1
lakerSetColPat -visall 0
lakerSetColPat -visall 1
lakerSetColPat -visall 1
lakerSetColPat -selall 1
lakerSingleSel -point (0.066,0.306) -traversedist 0.007
lakerSingleSel -point (-0.086,0.309) -traversedist 0.007
lakerCreateRect -layerName PWELL -point (-0.124,-0.103) (0.376,0.397)
lakerZoomAll
lakerAlignObj -mode end
lakerDistance -point (0.105,0.397) (0.096,-0.103)
lakerSingleSel -point (-0.272,0.226) -traversedist 0.006
lakerTechEditor
lakerTFeActUnit
wtAskUser: "Reload the comments?", answer:  "Yes"
lakerTFeLoadFromFile -file /home/user/wrk/tf_basic_lab/basicNew.tf -section
lakerTFeActLayerRule
wtAskUser: "The active Layer Rule is valid.", answer:  "OK"
lakerTFeActLayerRule -action check
lakerSingleSel
lakerSetActiveLayer -layerName PWELL -purpose drawing
lakerSetActiveLayer -layerName PWELL -purpose drawing
lakerSetColPat -modCategory DesignSet -use 0
lakerSingleSel -point (-0.375,0.297) -traversedist 0.006
lakerZoomOut
lakerCreateRect -layerName PWELL -point (-0.844,0.326) (-0.344,0.826)
lakerCreateRect -layerName PWELL -point (-0.639,-0.306) (-0.139,0.194)
lakerSaveDesign -autosave
lakerSingleSel -point (0.547,0.248) -traversedist 0.013
lakerSingleSel -point (0.536,0.112) -traversedist 0.013
lakerOpenDesign -lib labNew -cell cell_5 -mode edit
lakerSetActiveLayer -layerName PWELL -purpose drawing
lakerSetActiveLayer -layerName PWELL -purpose drawing
lakerSingleSel -point (-1.19,0.451) -traversedist 0.015
lakerSingleSel -point (-1.243,0.281) -traversedist 0.015
lakerCreatePath -layerName PWELL -point (-1.193,0.551) (-1.193,-0.03) (0.581,-0.03) -width 0.200000 0.000000 -routeStatus fixed
lakerSetActiveLayer -layerName CONT -purpose drawing
lakerCreateRect -layerName CONT -point (-1.27,0.475) (-1.127,0.606)
lakerSingleSel
lakerSingleSel -point (0.653,-0.006) -traversedist 0.015
lakerAreaSel -point (0.484,0.125) (0.59,0.251)
lakerCreateRect -layerName CONT -point (0.493,-0.108) (0.64,0.057)
lakerSingleSel -point (0.156,0.529) -traversedist 0.015
lakerZoomAll
lakerSingleSel -point (0.157,0.647) -traversedist 0.015
lakerSaveDesign -autosave
lakerSaveDesign -autosave
lakerSetActiveLayer -layerName NWELL -purpose drawing
lakerSetActiveLayer -layerName PWELL -purpose drawing

====== The following is working cellview list in memory ======
====================== Possible top cellview ======================
=== mode[s] file(/home/user/wrk/tf_basic_lab/labNew.lib++/cell_5/tmpVw_0)
===================================================================
====================== Possible top cellview ======================
=== mode[s] file(/home/user/wrk/tf_basic_lab/labNew.lib++/cell_5/tmpVw_1)
===================================================================
====================== Possible top cellview ======================
=== mode[s] file(TmpClipboardCV)
===================================================================
====================== Possible top cellview ======================
=== mode[a] file(/home/user/wrk/tf_basic_lab/labNew.lib++/cell_5/layout)
===================================================================
=========================================================

