Command Line: /data1/synopsys/laker/laker_v2023.06-2.aut/platform/LINUX64/bin/laker
uname(Linux leon 3.10.0-1160.105.1.el7.x86_64 #1 SMP Mon Nov 6 06:58:51 EST 2023 x86_64)
source /data1/synopsys/laker/laker_v2023.06-2.aut/gift/gift.tcl
lakerOpenDesign -lib lab -cell top -mode edit
lakerSetActiveLayer -layerName PWELL -purpose drawing
lakerZoomIn
lakerZoomIn
lakerAreaSelect -isenclose 1 -point (-0.043,0.0) (-0.043,0.042) (-0.085,0.042) (-0.085,0.0) -iscloseptarray 1
lakerZoomIn
lakerZoomIn
lakerZoomIn
lakerZoomOut
lakerZoomOut
lakerZoomOut
lakerZoomOut
lakerZoomOut
lakerZoomOut
lakerZoomOut
lakerCreateTransistor -point (0.422,-0.202) -useMaskResolution 0 -device PMOS -gates 1 -contType MaxContact -xEnc 0.1 -yEnc 0.1 -xConSpace 0.3 -yConSpace 0.3 -coWidth 0.3 0.3 -co2Gate 0.3 -contAlign center -xCo2OdEnc 0.15 -yCo2OdEnc 0.15 -param {patternA 0.6 0.35 asIs 0.0 } -optLayerRepeatPattern { } -traitRepeatPattern { } -layerSetting { PP drawing disable none }
lakerSingleSel
lakerSingleSel
lakerSingleSel
lakerSingleSel
lakerSetColPat -visall 1
lakerSetColPat -selall 1
lakerSingleSel -point (-1.24,0.834) -traversedist 0.054
lakerRedraw
lakerSingleSel
lakerRedraw
lakerSetColPat -visall 0
lakerSetColPat -selall 0
lakerSingleSel -point (-1.354,0.589) -traversedist 0.054
lakerRedraw
lakerSetColPat -layerName PWELL -sel 1 -vis 1
lakerSetActiveLayer -layerName PWELL -purpose drawing
lakerSingleSel -point (-1.365,0.719) -traversedist 0.054
lakerRedraw
lakerSetColPat -layerName NWELL -sel 1 -vis 1
lakerSetActiveLayer -layerName NWELL -purpose drawing
lakerSingleSel -point (-1.632,0.97) -traversedist 0.054
lakerRedraw
lakerSetColPat -layerName OD -sel 1 -vis 1
lakerSetActiveLayer -layerName OD -purpose drawing
lakerDecreaseSel -point (-0.913,0.719) -traversedist 0.054
lakerRedraw
lakerSetColPat -layerName POLY -sel 1 -vis 1
lakerSetActiveLayer -layerName POLY -purpose drawing
lakerSingleSel -point (-2.962,0.877) -traversedist 0.054
lakerRedraw
lakerSetColPat -layerName POLY2 -sel 1 -vis 1
lakerSetActiveLayer -layerName POLY2 -purpose drawing
lakerSingleSel -point (-2.362,0.343) -traversedist 0.054
lakerRedraw
lakerSetColPat -layerName CONT -sel 1 -vis 1
lakerSetActiveLayer -layerName CONT -purpose drawing
lakerDecreaseSel -point (-2.684,0.589) -traversedist 0.054
lakerRedraw
lakerSingleSel -point (-3.316,1.853) -traversedist 0.054
lakerSetColPat -layerName MET1 -sel 1 -vis 1
lakerSetActiveLayer -layerName MET1 -purpose drawing
lakerSingleSel -point (-2.722,0.589) -traversedist 0.054
lakerRedraw
lakerSingleSel -point (-0.967,-0.763) -traversedist 0.054
lakerSaveDesign -autosave
lakerSingleSel -point (-1.817,0.033) -traversedist 0.054
lakerCloseDesign
lakerNewCell -lib lab -cell test
lakerSetActiveLayer -layerName PWELL -purpose drawing
lakerSingleSel -point (0.287,0.239) -traversedist 0.007
lakerSingleSel -point (0.31,0.279) -traversedist 0.007
lakerSingleSel -point (-0.129,0.352) -traversedist 0.007
lakerSingleSel -point (0.088,0.24) -traversedist 0.007
lakerCreateRect -layerName PWELL -point (-0.077,0.166) (0.207,0.428)
lakerSetActiveLayer -layerName NWELL -purpose drawing
lakerCreateRect -layerName NWELL -point (-0.147,-0.019) (0.282,0.478)
lakerUndo
lakerUndo
lakerZoomAll
lakerSetActiveLayer -layerName PWELL -purpose drawing
lakerSetActiveLayer -layerName NWELL -purpose drawing
lakerSetActiveLayer -layerName OD -purpose drawing
lakerSetActiveLayer -layerName PWELL -purpose drawing
lakerSetActiveLayer -layerName NWELL -purpose drawing
lakerSetActiveLayer -layerName PP -purpose drawing
lakerSetActiveLayer -layerName OD -purpose drawing
lakerSetActiveLayer -layerName PP -purpose drawing
lakerSetActiveLayer -layerName OD -purpose drawing
lakerCreateRect -layerName OD -point (-0.035,0.129) (0.284,0.402)
lakerSetActiveLayer -layerName POLY -purpose drawing
lakerCreateRect -layerName POLY -point (-0.014,0.308) (0.047,0.367)
lakerSetActiveLayer -layerName MET1 -purpose drawing
lakerCreateRect -layerName MET1 -point (0.148,0.309) (0.2,0.352)
lakerCreateRect -layerName MET1 -point (0.023,0.172) (0.143,0.286)
lakerCreateRect -layerName MET1 -point (0.041,0.195) (0.084,0.228)
lakerSetActiveLayer -layerName POLY2 -purpose drawing
lakerSetActiveLayer -layerName CONT -purpose drawing
lakerCreateRect -layerName CONT -point (0.218,0.296) (0.247,0.364)
lakerSetActiveLayer -layerName OD -purpose drawing
lakerSetActiveLayer -layerName NWELL -purpose drawing
lakerSetActiveLayer -layerName OD -purpose drawing
lakerCreateRect -layerName OD -point (-0.328,0.367) (-0.079,0.463)
lakerSingleSel -point (-0.357,0.495) -traversedist 0.007
lakerAreaSel -point (-0.368,0.079) (0.431,0.513)
lakerChangeSelMode -mode DevObj
lakerChangeSelMode -mode Vertex
lakerDeleteObj
lakerZoomAll
lakerSetActiveLayer -layerName POLY -purpose drawing
lakerSingleSel -point (-0.194,0.434) -traversedist 0.007
lakerAreaSel -point (-0.168,0.129) (-0.05,0.432)
lakerSetActiveLayer -layerName MET3 -purpose drawing
lakerAreaSel -point (-0.061,0.171) (0.169,0.429)
lakerCreateRect -layerName MET3 -point (-0.133,0.096) (-0.008,0.424)
lakerSetActiveLayer -layerName MET1 -purpose drawing
lakerCreateRect -layerName MET1 -point (-0.268,0.264) (0.352,0.346)
lakerSetActiveLayer -layerName CONT -purpose drawing
lakerSingleSel
lakerCreateRect -layerName CONT -point (-0.11,0.352) (-0.066,0.396)
lakerCreateRect -layerName CONT -point (-0.087,0.371) (0.101,0.375)
lakerUndo
lakerStretchObj -refPoint (-0.115,0.228) -ignoreNet 0 -offsetPoint (-0.115,0.165)
lakerStretchObj -refPoint (-0.085,0.167) -ignoreNet 0 -offsetPoint (-0.085,0.24)
lakerSetActiveLayer -layerName CONT -purpose drawing
lakerCreateRect -layerName CONT -point (-0.099,0.16) (-0.041,0.216)
lakerCreateRect -layerName CONT -point (-0.008,0.106) (0.042,0.264)
lakerCreateRect -layerName CONT -point (0.042,0.106) (0.352,0.264)
lakerUndo
lakerUndo
lakerSetActiveLayer -layerName ESD -purpose drawing
lakerAreaSel -point (-0.008,0.106) (0.042,0.264)
lakerSingleSel
lakerStretchObj -refPoint (-0.008,0.27) -ignoreNet 0 -offsetPoint (-0.008,0.106)
lakerUndo
lakerSingleSel -point (-0.008,0.106) -traversedist 0.007
lakerAreaSel -point (0.042,0.264) (0.352,0.346)
lakerSetActiveLayer -layerName NWELL -purpose drawing
lakerSingleSel
lakerCreateRect -layerName NWELL -point (0.042,0.264) (0.352,0.346)
lakerCreateRect -layerName NWELL -point (0.083,0.074) (0.394,0.421)
lakerSaveDesign -autosave
lakerSaveDesign -autosave
lakerSaveDesign -autosave
lakerSaveDesign -autosave
lakerSaveDesign -autosave
lakerSaveDesign -autosave
lakerSaveDesign -autosave
lakerSaveDesign -autosave
lakerSaveDesign -autosave
lakerCreateRect -layerName NWELL -point (0.26,0.211) (0.63,0.404)
lakerSetActiveLayer -layerName PWELL -purpose drawing
lakerSetActiveLayer -layerName NWELL -purpose drawing
lakerCreateRect -layerName NWELL -point (0.386,0.07) (0.532,0.168)
lakerCreateRect -layerName NWELL -point (0.051,0.036) (0.243,0.173)
lakerCreateRect -layerName NWELL -point (-0.302,-0.022) (0.685,0.483)
lakerCloseDesign
au time 61156.201072 215.882173 606.083075 delta 109531136 109531136 total 472391680 472391680
