Command Line: /data1/synopsys/laker/laker_v2023.06-2.aut/platform/LINUX64/bin/laker
uname(Linux leon 3.10.0-1160.105.1.el7.x86_64 #1 SMP Mon Nov 6 06:58:51 EST 2023 x86_64)
source /data1/synopsys/laker/laker_v2023.06-2.aut/gift/gift.tcl
wtAskUser: "The autosave cell view exists. Open the autosave file?", answer:  "Yes"
The color name 'ID_WHITE' of the 'DT' layer was not defined in default.dsp file.
lakerOpenDesign -lib test -cell DFFQX1 -mode readOnly -autosave
lakerSetActiveLayer -layerName ref -purpose drawing
lakerSingleSel -point (0.155,3.386) -traversedist 0.179
lakerZoomInByArea -point (-3.07,-2.546) (9.364,3.314)
lakerZoomAll
lakerZoomInByArea -point (-0.591,-1.394) (12.201,4.634)
lakerZoomAll
lakerZoomInByArea -point (-1.182,-0.661) (6.954,3.173)
Corrupted lockfile(/home/user/wrk/standard_113/laker/test.lib++/DFFQX1/layout.lock) is removed.
lakerSetActiveLayer -layerName ref -purpose drawing
lakerChgmodeDesign
lakerPanRight
lakerPanRight
lakerPanLeft
lakerZoomAll
lakerZoomInByArea -point (-1.043,-0.215) (6.099,3.151)
lakerZoomInByArea -point (-0.109,1.167) (2.309,2.307)
lakerDistance -point (1.064,1.995) (1.062,1.635)
lakerZoomAll
lakerZoomInByArea -point (-1.841,0.15) (4.801,3.28)
lakerDistance -point (0.43,0.87) (0.419,0.63)
lakerZoomInByArea -point (-1.092,0.502) (2.626,2.254)
lakerZoomAll
lakerZoomInByArea -point (-0.355,-0.453) (8.447,3.695)
lakerZoomInByArea -point (-2.57,-0.212) (4.148,2.954)

====== The following is working cellview list in memory ======
mode[r] file(/home/user/wrk/standard_113/laker/test.lib++/INVX1/layout)
====================== Possible top cellview ======================
=== mode[s] file(/home/user/wrk/standard_113/laker/test.lib++/DFFQX1/tmpVw_0)
===================================================================
====================== Possible top cellview ======================
=== mode[a] file(/home/user/wrk/standard_113/laker/test.lib++/DFFQX1/layout)
===================================================================
=========================================================

