Command Line: /data1/synopsys/laker/laker_v2023.06-2.aut/platform/LINUX64/bin/laker
uname(Linux leon 3.10.0-1160.105.1.el7.x86_64 #1 SMP Mon Nov 6 06:58:51 EST 2023 x86_64)
source /data1/synopsys/laker/laker_v2023.06-2.aut/gift/gift.tcl
lakerTechEditor
lakerTFeActUnit
lakerTechEditor
lakerTFeActPurpose
lakerTFeActLayerStream
lakerTFeActLayerRule
lakerTFeActLayerStream
lakerTFeActLayerRule
lakerTFeLoadFromFile -file /home/user/wrk/tf_basic_lab/basic.tf -section
wtAskUser: "Reload the comments?", answer:  "Yes"
lakerTFeLoadFromFile -file /home/user/wrk/tf_basic_lab/basic.tf -section
wtAskUser: "The file "/home/user/wrk/tf_basic_lab/basic.tf" exists. Overwrite it anyway?", answer:  "Yes"
lakerTFeSaveToFile -file /home/user/wrk/tf_basic_lab/basic.tf
lakerTFeNewFile
Please specify a technology file.
lakerTFeActLayerStream
lakerTFeActPurpose
lakerTFeActVerifyRule
lakerTFeActLayerRule
lakerTFeActLayerStream
lakerTFeActUnit
lakerTFeActPurpose
lakerTFeActUnit
lakerTFeActLayerStream
lakerTFeActVerifyRule
lakerTFeActMagicCell
lakerTFeActConnection
lakerTFeActNetRoute
lakerTFeActDeviceRule
lakerTFeActSubstrateExtraction
lakerTFeActLayerRule
lakerTFeActLayerStream
lakerTFeActLayerStream -section streamIO
lakerTFeActLayerStream -section layerDef
wtAskUser: "Reload the comments?", answer:  "Yes"
lakerTFeLoadFromFile -file /home/user/wrk/tf_basic_lab/basic.tf -section
lakerTFeActPurpose
lakerTFeActLayerStream
lakerTFeActLayerRule
lakerTFeActLayerStream
The Library: lab3 exists.
lakerLME
lakerLMEClose
wtAskUser: "Reload the comments?", answer:  "Yes"
lakerTFeLoadFromLib -lib lab3 -section
wtAskUser: "Data has been modified. Abort?", answer:  "Yes"
wtAskUser: "Reload the comments?", answer:  "Yes"
lakerTFeLoadFromLib -lib lab -section
lakerTFeActLayerRule
lakerTFeActLayerRule -action modify -seq 0 -newData {{space  MET2} {0.5 } {M2.W.1}}
lakerTFeActLayerRule -action modify -seq 1 -newData {{space  MET2} {0.45 } {M2.S.1}}
lakerTFeActLayerRule -action modify -seq 4 -newData {{width  VIA1} {0.5 } {VIA1.W.1}}
wtAskUser: "Data has been modified. Abort?", answer:  "Yes"
wtAskUser: "Reload the comments?", answer:  "Yes"
lakerTFeLoadFromLib -lib example -section
lakerTFeActLayerStream
lakerTFeActPurpose
lakerTFeActUnit
lakerTFeComment
lakerTFeActLayerStream
lakerTFeActLayerStream -section streamIO
lakerTFeActLayerStream -section layerDef
lakerTFeActLayerStream -section streamIO
lakerTFeActLayerRule
lakerTFeActVerifyRule
lakerTFeActMagicCell
lakerTFeActConnection
lakerTFeActNetRoute
lakerTFeActUnit
lakerTFeComment
lakerTFeActUnit
lakerTFeActLayerStream
lakerNewLib -lib labNew -tech /home/user/wrk/tf_basic_lab/basic.tf -path .
lakerTFeActLayerRule
lakerTechReplace -lib labNew -tech /home/user/wrk/tf_basic_lab/basic.tf -partial 1
wtAskUser: "Data has been modified. Abort?", answer:  "Yes"
wtAskUser: "Reload the comments?", answer:  "Yes"
lakerTFeLoadFromFile -file /home/user/wrk/tf_basic_lab/basic.tf -section
lakerTFeActLayerStream
lakerTFeActPurpose
lakerTFeActLayerStream
lakerTFeActLayerStream -section layerDef
wtAskUser: "The LayerName or LayerNo cannot be nil.", answer:  "OK"
lakerTFeActLayerStream -section layerDef -action add -newData {POLY drawing 6 tan blank tan solid 1}
wtAskUser: "The file "/home/user/wrk/tf_basic_lab/basic.tf" exists. Overwrite it anyway?", answer:  "Yes"
lakerTFeSaveToFile -file /home/user/wrk/tf_basic_lab/basic.tf
lakerTechReplace -lib labNew -tech /home/user/wrk/tf_basic_lab/basic_1.tf -partial 1
lakerTechDump -lib labNew -tech basicNew
lakerTechDump -lib labNew -tech basicNew.tf
lakerTFeActPurpose
lakerTFeActPurpose -action add -key {drawing1 199}
lakerTFeActLayerRule
lakerTFeActLayerRule -action add -newData {{width  MET2} {0.5 } {M2.W.1}}
lakerTFeActLayerRule -action add -newData {{space PWELL MET2} {0.35 }}
lakerTFeActLayerRule -action modify -seq 0 -newData {{width  MET2} {0.5 } {M2.W.1}}
lakerTFeActLayerRule -action add -newData {{width  MET2} {0.6 }}
lakerTFeActLayerRule -action delete -seq 1
lakerTFeActLayerRule -action modify -seq 0 -newData {{width  MET2} {0.5 } {M2.W.1}}
lakerTFeActLayerRule -action modify -seq 1 -newData {{space POLY MET2} {0.35 }}
lakerTFeActLayerStream
lakerTFeActLayerRule
lakerTFeActLayerRule -action delete -seq 1
lakerTFeActLayerRule -action delete -seq 0
lakerTFeActLayerRule -action add -newData {{width  MET2} {0.5 } {M2.W.1}}
lakerTFeActLayerRule -action modify -seq 0 -newData {{width  MET2} {0.5 } {M2.W.1}}
lakerTFeActVerifyRule
lakerTFeActLayerRule
lakerTFeActLayerStream
lakerTFeActVerifyRule
lakerTFeActLayerRule
lakerTFeActLayerStream
lakerTFeActLayerRule
X Error: error code: 3. X_ChangeProperty - BadWindow (invalid Window parameter)
X Error: error code: 3. X_SendEvent - BadWindow (invalid Window parameter)
