Command Line: /data1/synopsys/laker/L-2021.03-3/platform/LINUX64/bin/laker
uname(Linux vmxr7aoooo 3.10.0-1160.66.1.el7.x86_64 #1 SMP Wed Apr 27 20:34:34 UTC 2022 x86_64)
source /data1/synopsys/laker/L-2021.03-3/gift/gift.tcl
lakerNewCell -lib test -cell test
The color name 'whit' of the 'DT' layer was not defined in default.dsp file.
lakerSetActiveLayer -layerName ref -purpose drawing
lakerZoomOut
lakerCreateInstance -point (0.43,0.22) -cell INVX1 -lib test -view layout
lakerSingleSel
lakerMaxViewLevel
lakerZoomInByArea -point (-0.493,1.2) (2.353,2.714)
lakerSingleSel -point (-0.04,2.348) -traversedist 0.034
lakerSetActiveLayer -layerName DIFF -purpose drawing
lakerZoomInByArea -point (0.38,2.115) (0.67,2.269)
lakerZoomOut
lakerZoomOut
lakerZoomOut
lakerZoomOut
lakerZoomInByArea -point (0.912,1.465) (1.408,1.729)
lakerCreateRect -layerName DIFF -point (0.505,1.56) (1.165,2.21)
lakerZoomAll
lakerMinViewLevel
lakerMaxViewLevel
lakerMinViewLevel
lakerSingleSel
lakerChangeSelMode -mode DevObj
lakerMoveObj -ignoreNet 0 -refPoint (0.76,0.815) -offsetPoint (2.47,0.815)
lakerChangeSelMode -mode Vertex
lakerMaxViewLevel
lakerMinViewLevel
lakerUndo
lakerMaxViewLevel
lakerSingleSel -point (-0.823,0.888) -traversedist 0.075
lakerZoomInByArea -point (-0.165,1.1) (-0.015,1.18)
The zoom-in area is re-adjusted to minimum size that can be displayed.
The displayed area is: (-0.165,1.1) (-0.015,1.18).
lakerZoomInByArea -point (-0.123,1.115) (-0.037,1.159)
The zoom-in area is re-adjusted to minimum size that can be displayed.
The displayed area is: (-0.123,1.114) (-0.037,1.16).
lakerSingleSel -point (-0.104,1.13) -traversedist 0.001
lakerZoomAll
lakerZoomInByArea -point (-0.452,1.16) (2.376,2.664)
lakerRuler -point (0.83,1.565) (0.83,2.21)
lakerCreateRect -layerName DIFF -point (1.72,1.625) (2.265,2.225)
lakerRuler -point (1.995,1.625) (1.995,2.23)
lakerSetActiveLayer -layerName POLY1 -purpose drawing
lakerCreateRect -layerName POLY1 -point (1.93,1.485) (2.015,2.365)
lakerZoomOut
lakerZoomOut
lakerZoomOut
lakerZoomInByArea -point (-3.385,-0.5) (7.039,5.044)
lakerZoomOut
lakerZoomInByArea -point (-2.917,-0.69) (5.957,4.03)
lakerSelectAll
lakerChangeSelMode -mode DevObj
lakerChangeSelMode -mode Vertex
lakerDeleteObj
lakerCreateInstance -point (0.685,0.19) -cell INVX1 -lib test -view layout
lakerSingleSel
lakerChangeSelMode -mode DevObj
lakerCopyObj -refPoint (1.205,1.06) -offsetPoint (2.92,1.06)
lakerChangeSelMode -mode Vertex
lakerZoomInByArea -point (-1.7,-0.385) (6.13,3.779)
lakerMinViewLevel
lakerSingleSel -point (4.911,1.009) -traversedist 0.092
lakerMaxViewLevel
lakerZoomInByArea -point (1.4,-0.087) (3.064,0.797)
lakerChangeSelMode -mode DevObj
lakerSingleSel
lakerZoomInByArea -point (1.313,0.085) (1.941,0.419)
lakerMoveObj -ignoreNet 0 -refPoint (2.285,0.17) -offsetPoint (1.44,0.17)
lakerZoomOut
lakerZoomOut
lakerZoomOut
lakerZoomOut
lakerZoomOut
lakerZoomInByArea -point (-2.674,-0.615) (6.238,4.125)
lakerChangeSelMode -mode Vertex
lakerClearRuler
lakerMinViewLevel
lakerMaxViewLevel
lakerZoomInByArea -point (-1.797,-0.225) (5.337,3.569)
lakerZoomInByArea -point (-0.038,-0.175) (3.252,1.575)
lakerZoomInByArea -point (1.3,0.58) (1.89,0.894)
lakerRuler -point (1.42,0.71) (1.63,0.71)
lakerZoomOut
lakerZoomOut
lakerZoomOut
lakerZoomOut
lakerZoomInByArea -point (0.404,0.04) (3.186,1.52)
lakerZoomInByArea -point (1.201,0.555) (1.979,0.969)
lakerRuler -point (1.42,0.68) (1.525,0.68)
lakerRuler -point (1.525,0.675) (1.63,0.675)
lakerZoomAll
lakerZoomOut
lakerMinViewLevel
lakerSingleSel
lakerChangeSelMode -mode DevObj
lakerChangeSelMode -mode Vertex
lakerDeleteObj
lakerMaxViewLevel
lakerZoomAll
lakerSingleSel -point (2.861,1.009) -traversedist 0.075
lakerSingleSel -point (2.705,-0.472) -traversedist 0.075
lakerZoomAll
lakerZoomInByArea -point (0.443,1.485) (1.847,2.325)
lakerZoomInByArea -point (0.968,1.515) (1.126,1.609)
The zoom-in area is re-adjusted to minimum size that can be displayed.
The displayed area is: (0.968,1.515) (1.126,1.609).
lakerZoomOut
lakerZoomOut
lakerZoomOut
lakerZoomOut
lakerRuler -point (1.05,1.53) (1.05,2.18)
lakerZoomOut
lakerZoomInByArea -point (-0.348,1.11) (2.478,2.8)
lakerDeselectAll
lakerZoomOut
lakerZoomOut
lakerSingleSel -point (-2.379,0.191) -traversedist 0.106
lakerDeselectAll
lakerZoomOut
lakerZoomOut
lakerZoomInByArea -point (-3.857,-1.935) (6.961,4.535)
lakerZoomInByArea -point (-2.396,-0.58) (4.6,3.604)
lakerSingleSel
lakerChangeSelMode -mode DevObj
lakerCopyObj -refPoint (1.24,1.4) -offsetPoint (2.225,1.4) -orient MYR0
lakerChangeSelMode -mode Vertex
lakerSingleSel
lakerMirrorY -refPoint (2.345,1.555)
lakerUndo
lakerChangeSelMode -mode DevObj
lakerMoveObj -ignoreNet 0 -refPoint (2.595,1.82) -offsetPoint (0.515,1.82)
lakerZoomInByArea -point (0.335,1.865) (1.405,2.505)
lakerChangeSelMode -mode Vertex
lakerRuler -point (0.62,2.11) (0.765,2.11)
lakerChangeSelMode -mode DevObj
lakerZoomInByArea -point (0.79,2.067) (0.974,2.177)
lakerMoveObj -ignoreNet 0 -refPoint (0.56,2.08) -offsetPoint (0.935,2.08)
lakerChangeSelMode -mode Vertex
lakerZoomOut
lakerZoomOut
lakerZoomOut
lakerZoomOut
lakerZoomOut
lakerZoomOut
lakerZoomInByArea -point (-2.047,-0.2) (4.507,3.72)
lakerUndo
lakerRedo
lakerZoomInByArea -point (-0.801,0.16) (3.145,2.52)
lakerZoomOut
lakerZoomOut
lakerUndo
lakerUndo
lakerUndo
lakerMinViewLevel
lakerDeselectAll
lakerSingleSel
lakerChangeSelMode -mode DevObj
lakerCopyObj -refPoint (1.055,1.59) -offsetPoint (4.52,1.59)
lakerChangeSelMode -mode Vertex
lakerChangeSelMode -mode DevObj
lakerChangeSelMode -mode Vertex
lakerDeleteObj
lakerChangeSelMode -mode Object
lakerSingleSel
lakerSmashObj -level 1
lakerZoomInByArea -point (-2.73,-0.93) (6.934,4.85)
lakerChangeSelMode -mode Vertex
lakerClearRuler
lakerDeselectAll
lakerAreaSelect -isenclose 1 -point (-0.145,3.895) (-0.145,-0.435) (2.97,-0.435) (2.97,3.895) -iscloseptarray 1
lakerChangeSelMode -mode DevObj
lakerCopyObj -refPoint (1.1,1.995) -offsetPoint (-0.59,1.995) -orient MYR0
lakerChangeSelMode -mode Vertex
lakerZoomInByArea -point (-1.121,1.13) (1.855,2.91)
lakerChangeSelMode -mode DevObj
lakerZoomInByArea -point (0.661,1.985) (1.129,2.265)
lakerMoveObj -ignoreNet 0 -refPoint (-0.325,2.05) -offsetPoint (0.925,2.05)
lakerChangeSelMode -mode Vertex
lakerZoomOut
lakerZoomOut
lakerZoomOut
lakerZoomOut
lakerZoomOut
lakerZoomInByArea -point (-1.409,0.125) (3.663,3.159)
lakerZoomInByArea -point (-0.337,0.525) (2.227,2.059)
lakerDeselectAll
lakerAreaSelect -isenclose 1 -point (0.8,1.75) (0.8,1.48) (0.945,1.48) (0.945,1.75) -iscloseptarray 1
lakerAreaSel -point (0.784,1.443) (0.975,1.745)
lakerChangeSelMode -mode DevObj
lakerChangeSelMode -mode Vertex
lakerDeleteObj
2 of selected objects cannot be deleted since the "Delete Shape Vertex" option in Preferences form is off.
lakerDeselectAll
lakerAreaSel -point (0.837,1.469) (0.955,1.57)
lakerStretchObj -refPoint (0.925,1.52) -ignoreNet 0 -offsetPoint (0.925,1.89)
lakerZoomOut
lakerZoomInByArea -point (-0.643,0.21) (2.357,2.004)
lakerSingleSel
lakerChangeSelMode -mode DevObj
lakerCopyObj -refPoint (0.89,0.5) -offsetPoint (0.89,1.64) -orient R90
lakerChangeSelMode -mode Vertex
lakerChangeSelMode -mode DevObj
lakerMoveObj -ignoreNet 0 -refPoint (0.59,1.665) -offsetPoint (0.555,1.665)
lakerChangeSelMode -mode Vertex
lakerDeselectAll
lakerAreaSel -point (0.952,1.527) (0.99,1.71)
lakerStretchObj -refPoint (0.985,1.64) -ignoreNet 0 -offsetPoint (1.305,1.64)
lakerZoomInByArea -point (0.28,0.835) (1.8,1.745)
lakerDeselectAll
lakerAreaSel -point (1.037,1.051) (1.085,1.095)
lakerStretchObj -refPoint (1.055,1.095) -ignoreNet 0 -offsetPoint (1.25,1.095)
lakerZoomOut
lakerZoomOut
lakerZoomInByArea -point (-0.706,0.265) (2.41,2.129)
lakerZoomInByArea -point (-0.257,0.94) (1.247,1.84)
lakerDeselectAll
lakerAreaSel -point (0.585,1.363) (0.64,1.405)
lakerDecreaseSel
lakerStretchObj -refPoint (0.615,1.36) -ignoreNet 0 -offsetPoint (0.055,1.36)
lakerZoomOut
lakerZoomOut
lakerZoomOut
lakerZoomInByArea -point (-2.288,-0.185) (4.332,3.775)
lakerCreateInstance -point (-0.995,0.185) -cell INVX1 -lib test -view layout
lakerMaxViewLevel
lakerZoomInByArea -point (-1.68,0.615) (3.074,3.459)
lakerChangeSelMode -mode DevObj
lakerSingleSel
lakerZoomInByArea -point (0.179,1.955) (0.765,2.305)
lakerMoveObj -ignoreNet 0 -refPoint (-0.355,2.08) -offsetPoint (0.485,2.08)
lakerChangeSelMode -mode Vertex
lakerChangeSelMode -mode DevObj
lakerSingleSel
lakerMoveObj -ignoreNet 0 -refPoint (0.485,2.135) -offsetPoint (0.485,2.14)
lakerChangeSelMode -mode Vertex
lakerUndo
lakerZoomOut
lakerZoomOut
lakerZoomOut
lakerSingleSel
lakerZoomInByArea -point (0.179,1.96) (0.731,2.29)
lakerChangeSelMode -mode DevObj
lakerMoveObj -ignoreNet 0 -refPoint (0.42,2.135) -offsetPoint (0.42,2.14)
lakerChangeSelMode -mode Vertex
lakerZoomOut
lakerZoomOut
lakerZoomOut
lakerZoomOut
lakerZoomInByArea -point (-1.266,0.415) (2.57,2.709)
lakerZoomInByArea -point (-0.281,0.895) (1.625,2.035)
lakerZoomOut
lakerZoomOut
lakerZoomInByArea -point (-0.884,1.04) (2.844,3.27)
lakerSaveDesign
lakerCloseDesign
au time 18481.531452 176.218896 303.476821 delta 55824384 55824384 total 415289344 415289344
