Command Line: /data1/synopsys/laker/laker_v2023.06-2.aut/platform/LINUX64/bin/laker
uname(Linux leon 3.10.0-1160.105.1.el7.x86_64 #1 SMP Mon Nov 6 06:58:51 EST 2023 x86_64)
source /data1/synopsys/laker/laker_v2023.06-2.aut/gift/gift.tcl
wtAskUser: "The autosave cell view exists. Open the autosave file?", answer:  "Yes"
The color name 'ID_WHITE' of the 'DT' layer was not defined in default.dsp file.
lakerOpenDesign -lib test -cell DFFQX1 -mode readOnly -autosave
lakerSetActiveLayer -layerName ref -purpose drawing
lakerAreaSel -point (-2.632,5.505) (-2.6,5.841)
lakerSingleSel
lakerSetActiveLayer -layerName ref -purpose drawing
lakerChgmodeDesign
lakerSingleSel
lakerChangeSelMode -mode DevObj
lakerChangeSelMode -mode Vertex
lakerDeleteObj
lakerZoomInByArea -point (-1.326,-3.151) (13.238,3.713)
lakerZoomInByArea -point (-1.555,-0.365) (5.995,3.193)
lakerDistance -point (0.913,2.795) (0.875,2.435)
lakerZoomAll
lakerZoomInByArea -point (-0.607,-1.73) (12.561,4.476)
lakerZoomInByArea -point (-3.076,-0.415) (4.168,2.999)
lakerZoomInByArea -point (-2.071,0.159) (2.585,2.353)
lakerSingleSel
lakerSingleSel -point (0.518,1.387) -traversedist 0.026
lakerSingleSel
lakerStretchObj -refPoint (0.365,1.465) -ignoreNet 0 -offsetPoint (0.365,1.065)
lakerUndo
lakerSingleSel -point (0.65,1.268) -traversedist 0.026
lakerDeselectAll
lakerSingleSel
lakerStretchObj -refPoint (0.365,1.455) -ignoreNet 0 -offsetPoint (0.365,1.035)
lakerUndo
lakerSingleSel -point (0.746,1.073) -traversedist 0.026
lakerAlignObj -point (0.365,1.455) -mode start
lakerAlignObj -refObj 1 -refPoint (0.365,1.045) -traversedist 0.013
lakerAlignObj -mode end
lakerUndo
lakerSingleSel -point (0.77,1.379) -traversedist 0.026
lakerSingleSel
lakerStretchObj -refPoint (0.36,1.47) -ignoreNet 0 -offsetPoint (0.36,1.335)
lakerUndo
lakerSingleSel -point (0.614,1.309) -traversedist 0.026
lakerAreaSel -point (0.185,1.325) (0.55,1.5)
lakerAreaSel -point (-0.39,1.345) (0.055,1.355)
lakerSingleSel -point (0.17,1.26) -traversedist 0.026
lakerZoomAll
lakerAreaSel -point (3.1,3.2) (7.09,3.775)
lakerZoomInByArea -point (-3.212,-0.967) (6.774,3.739)
lakerZoomInByArea -point (-1.716,0.175) (2.404,2.117)
lakerAreaSel -point (0.195,1.355) (0.575,1.5)
lakerSingleSel -point (0.483,1.37) -traversedist 0.023
lakerSingleSel -point (0.497,1.368) -traversedist 0.023
lakerAreaSel -point (0.196,1.4) (0.5,1.515)
lakerZoomInByArea -point (-0.315,0.89) (1.145,1.578)
lakerAlignObj -mode end
lakerAlignObj -mode end
lakerAreaSel -point (0.214,1.39) (0.455,1.499)
lakerSingleSel
lakerZoomAll
lakerZoomInByArea -point (-3.257,-0.309) (4.183,3.197)
lakerZoomAll
lakerZoomInByArea -point (-3.755,2.915) (7.329,8.139)
lakerZoomAll
lakerZoomInByArea -point (-4.032,-0.545) (3.984,3.233)
lakerZoomInByArea -point (-1.458,0.877) (1.7,2.365)
lakerZoomAll
lakerZoomInByArea -point (-1.919,0.279) (2.575,2.397)
lakerAlignObj -mode end
lakerDeselectAll
lakerSingleSel -point (0.465,1.274) -traversedist 0.025
lakerZoomInByArea -point (0.211,1.394) (0.455,1.508)
The zoom-in area is re-adjusted to minimum size that can be displayed.
The displayed area is: (0.211,1.394) (0.455,1.508).
lakerZoomAll
lakerZoomInByArea -point (-1.835,0.22) (2.633,2.326)
lakerZoomInByArea -point (-0.566,0.843) (1.374,1.757)
lakerDeselectAll
lakerAreaSel -point (0.217,1.41) (0.495,1.469)
lakerAlignObj -point (0.359,1.451) -mode start
lakerAlignObj -refObj 1 -refPoint (0.36,1.05) -traversedist 0.005
lakerZoomAll
lakerZoomInByArea -point (-4.098,-0.227) (4.614,3.879)
lakerZoomAll
lakerZoomInByArea -point (-2.879,-0.427) (5.159,3.361)
lakerDistance -point (0.434,1.995) (0.438,1.635)
lakerDistance -point (1.062,1.995) (1.115,1.662)
lakerDistance -point (1.066,1.995) (1.088,1.635)
lakerZoomInByArea -point (-0.786,0.936) (2.172,2.33)
lakerZoomAll
lakerZoomInByArea -point (-0.548,1.056) (2.522,2.502)
lakerDeselectAll
lakerAreaSel -point (0.746,1.33) (1.61,2.254)
lakerStretchObj -refPoint (0.97,1.82) -ignoreNet 0 -offsetPoint (0.92,1.82)
lakerUndo
lakerSingleSel -point (0.781,2.042) -traversedist 0.017
lakerAreaSel -point (0.786,1.26) (1.615,2.297)
lakerAlignObj -point (0.952,1.812) -mode start
lakerAlignObj -snapMode anyangle -refObj 1 -refPoint (0.55,1.81) -traversedist 0.009
lakerSingleSel -point (1.431,1.717) -traversedist 0.017
lakerSingleSel -point (0.532,1.458) -traversedist 0.017
lakerSingleSel -point (0.478,2.071) -traversedist 0.017
lakerDeselectAll
lakerAreaSel -point (0.455,1.55) (0.665,2.064)
lakerChangeSelMode -mode Object
lakerSelInsideGroup -selInside 0
lakerMergeObj
lakerChangeSelMode -mode Vertex
lakerSelInsideGroup -selInside 1
lakerSingleSel -point (1.178,1.785) -traversedist 0.017
lakerSingleSel
lakerStretchObj -refPoint (0.575,1.91) -ignoreNet 0 -offsetPoint (0.575,2.145)
lakerSingleSel
lakerStretchObj -refPoint (0.565,1.805) -ignoreNet 0 -offsetPoint (0.565,1.405)
lakerUndo
lakerUndo
lakerSingleSel -point (1.476,1.72) -traversedist 0.017
lakerSingleSel -point (1.055,1.35) -traversedist 0.017
lakerSingleSel -point (1.455,1.299) -traversedist 0.017
lakerZoomAll
lakerZoomInByArea -point (-2.676,0.244) (4.216,3.492)
lakerZoomInByArea -point (-2.071,0.544) (2.831,2.854)
lakerSingleSel -point (1.363,1.386) -traversedist 0.027
lakerZoomAll
lakerZoomInByArea -point (-2.079,0.256) (3.713,2.986)
lakerAreaSel -point (0.725,0.41) (1.58,1.154)
lakerSingleSel -point (1.61,0.401) -traversedist 0.032
lakerSingleSel -point (0.773,1.125) -traversedist 0.032
lakerAreaSel -point (0.809,0.435) (1.64,1.196)
lakerZoomInByArea -point (0.047,0.388) (1.829,1.228)
lakerAlignObj -point (0.954,0.748) -mode start
lakerAlignObj -snapMode anyangle -refObj 1 -refPoint (0.55,0.75) -traversedist 0.005
lakerSingleSel -point (1.249,0.751) -traversedist 0.01
lakerZoomInByArea -point (0.168,0.569) (0.928,0.927)
lakerZoomAll
lakerZoomInByArea -point (-2.075,0.114) (3.543,2.762)
lakerZoomInByArea -point (-0.302,0.043) (2.134,1.191)
lakerAreaSel -point (0.433,0.515) (0.69,0.951)
lakerSingleSel -point (0.542,1.017) -traversedist 0.014
lakerAreaSel -point (0.406,0.54) (0.72,0.936)
lakerChangeSelMode -mode Object
lakerSelInsideGroup -selInside 0
lakerMergeObj
lakerChangeSelMode -mode Vertex
lakerSelInsideGroup -selInside 1
lakerSingleSel -point (0.444,0.535) -traversedist 0.014
lakerSingleSel
lakerStretchObj -refPoint (0.565,0.825) -ignoreNet 0 -offsetPoint (0.565,0.965)
lakerUndo
lakerSingleSel -point (1.536,0.722) -traversedist 0.014
lakerSaveDesign
lakerZoomAll
lakerSingleSel -point (13.161,3.092) -traversedist 0.118
lakerSingleSel -point (-0.89,1.374) -traversedist 0.118
lakerSingleSel -point (12.608,0.644) -traversedist 0.118
lakerSingleSel
lakerSingleSel -point (-1.902,8.564) -traversedist 0.118
lakerSingleSel -point (-1.69,4.104) -traversedist 0.118
lakerSingleSel
lakerCloseDesign
au time 1784.181358 24.701223 75.046114 delta 102707200 102707200 total 465567744 465567744
