### Illegal Shapes Setting ###
Rectangle with Zero Square Measure : ON, FATAL
Polygon with Vertices Number Less than 4 : ON, FATAL
Open Polygon : ON, FATAL
Reentrant Polygon : ON, FATAL
Path with Zero Width : ON, FATAL
Self-intersected Polygon : OFF, FATAL
Flash Path : ON, FATAL

### cellName: ERR_CELL ###
 *W* Extra layer (11, 0) is detected in design name (ERR_CELL)
 *W* Extra layer (12, 0) is detected in design name (ERR_CELL)
 *W* Extra layer (7, 0) is detected in design name (ERR_CELL)
 *W* Extra layer (16, 0) is detected in design name (ERR_CELL)
 *W* Extra layer (55, 0) is detected in design name (ERR_CELL)
### cellName: $$CON ###
 *W* Extra layer (13, 0) is detected in design name ($$CON)
 *W* Extra layer (15, 0) is detected in design name ($$CON)
 *W* Extra layer (16, 0) is detected in design name ($$CON)
### cellName: $$FVIA12 ###
 *W* Extra layer (17, 0) is detected in design name ($$FVIA12)
 *W* Extra layer (18, 0) is detected in design name ($$FVIA12)
### cellName: $$FVIA23 ###
 *W* Extra layer (28, 0) is detected in design name ($$FVIA23)
 *W* Extra layer (29, 0) is detected in design name ($$FVIA23)
### cellName: logo ###
 *W* Extra layer (17, 0) is detected in design name (logo)
 *I* Obtuse angle polygon,layer=17,#points=21,startPoly=(99.805000,27.875000).
 *I* Acute angle polygon,layer=17,#points=17,startPoly=(173.140000,27.875000).
 *I* Obtuse angle polygon,layer=17,#points=12,startPoly=(228.695000,27.875000).
 *I* Acute angle polygon,layer=17,#points=17,startPoly=(366.470000,27.875000).
 *I* Obtuse angle polygon,layer=17,#points=29,startPoly=(422.025000,36.760000).
 *I* Obtuse angle polygon,layer=17,#points=29,startPoly=(70.860000,121.685000).
 *I* Obtuse angle polygon,layer=17,#points=21,startPoly=(239.750000,121.685000).
 *I* Obtuse angle polygon,layer=17,#points=21,startPoly=(304.195000,121.685000).
 *I* Obtuse angle polygon,layer=17,#points=12,startPoly=(359.750000,121.685000).
### cellName: CPU ###
 *W* Extra layer (16, 0) is detected in design name (CPU)
 *W* Extra layer (18, 0) is detected in design name (CPU)
 *W* Extra layer (29, 0) is detected in design name (CPU)
 *W* Extra layer (55, 0) is detected in design name (CPU)
### cellName: DFCN1Q ###
 *W* Extra layer (2, 0) is detected in design name (DFCN1Q)
 *W* Extra layer (11, 0) is detected in design name (DFCN1Q)
 *W* Extra layer (12, 0) is detected in design name (DFCN1Q)
 *W* Extra layer (13, 0) is detected in design name (DFCN1Q)
 *W* Extra layer (7, 0) is detected in design name (DFCN1Q)
 *W* Extra layer (8, 0) is detected in design name (DFCN1Q)
 *W* Extra layer (15, 0) is detected in design name (DFCN1Q)
 *W* Extra layer (16, 0) is detected in design name (DFCN1Q)
### cellName: XOR2D1 ###
 *W* Extra layer (2, 0) is detected in design name (XOR2D1)
 *W* Extra layer (11, 0) is detected in design name (XOR2D1)
 *W* Extra layer (12, 0) is detected in design name (XOR2D1)
 *W* Extra layer (13, 0) is detected in design name (XOR2D1)
 *W* Extra layer (7, 0) is detected in design name (XOR2D1)
 *W* Extra layer (8, 0) is detected in design name (XOR2D1)
 *W* Extra layer (15, 0) is detected in design name (XOR2D1)
 *W* Extra layer (16, 0) is detected in design name (XOR2D1)
### cellName: INV0 ###
 *W* Extra layer (2, 0) is detected in design name (INV0)
 *W* Extra layer (11, 0) is detected in design name (INV0)
 *W* Extra layer (12, 0) is detected in design name (INV0)
 *W* Extra layer (13, 0) is detected in design name (INV0)
 *W* Extra layer (7, 0) is detected in design name (INV0)
 *W* Extra layer (8, 0) is detected in design name (INV0)
 *W* Extra layer (15, 0) is detected in design name (INV0)
 *W* Extra layer (16, 0) is detected in design name (INV0)
### cellName: HA1D1 ###
 *W* Extra layer (2, 0) is detected in design name (HA1D1)
 *W* Extra layer (11, 0) is detected in design name (HA1D1)
 *W* Extra layer (12, 0) is detected in design name (HA1D1)
 *W* Extra layer (13, 0) is detected in design name (HA1D1)
 *W* Extra layer (7, 0) is detected in design name (HA1D1)
 *W* Extra layer (8, 0) is detected in design name (HA1D1)
 *W* Extra layer (15, 0) is detected in design name (HA1D1)
 *W* Extra layer (16, 0) is detected in design name (HA1D1)
### cellName: AOI22D0 ###
 *W* Extra layer (2, 0) is detected in design name (AOI22D0)
 *W* Extra layer (11, 0) is detected in design name (AOI22D0)
 *W* Extra layer (12, 0) is detected in design name (AOI22D0)
 *W* Extra layer (13, 0) is detected in design name (AOI22D0)
 *W* Extra layer (7, 0) is detected in design name (AOI22D0)
 *W* Extra layer (8, 0) is detected in design name (AOI22D0)
 *W* Extra layer (15, 0) is detected in design name (AOI22D0)
 *W* Extra layer (16, 0) is detected in design name (AOI22D0)
### cellName: BUFT1 ###
 *W* Extra layer (2, 0) is detected in design name (BUFT1)
 *W* Extra layer (11, 0) is detected in design name (BUFT1)
 *W* Extra layer (12, 0) is detected in design name (BUFT1)
 *W* Extra layer (13, 0) is detected in design name (BUFT1)
 *W* Extra layer (7, 0) is detected in design name (BUFT1)
 *W* Extra layer (8, 0) is detected in design name (BUFT1)
 *W* Extra layer (15, 0) is detected in design name (BUFT1)
 *W* Extra layer (16, 0) is detected in design name (BUFT1)
### cellName: LH1Q ###
 *W* Extra layer (2, 0) is detected in design name (LH1Q)
 *W* Extra layer (11, 0) is detected in design name (LH1Q)
 *W* Extra layer (12, 0) is detected in design name (LH1Q)
 *W* Extra layer (13, 0) is detected in design name (LH1Q)
 *W* Extra layer (7, 0) is detected in design name (LH1Q)
 *W* Extra layer (8, 0) is detected in design name (LH1Q)
 *W* Extra layer (15, 0) is detected in design name (LH1Q)
 *W* Extra layer (16, 0) is detected in design name (LH1Q)
### cellName: maprom ###
 *W* Extra layer (17, 0) is detected in design name (maprom)
 *W* Extra layer (18, 0) is detected in design name (maprom)
 *W* Extra layer (29, 0) is detected in design name (maprom)
### cellName: mprom ###
 *W* Extra layer (16, 0) is detected in design name (mprom)
 *W* Extra layer (17, 0) is detected in design name (mprom)
 *W* Extra layer (18, 0) is detected in design name (mprom)
 *W* Extra layer (29, 0) is detected in design name (mprom)
### cellName: INV2 ###
 *W* Extra layer (2, 0) is detected in design name (INV2)
 *W* Extra layer (11, 0) is detected in design name (INV2)
 *W* Extra layer (12, 0) is detected in design name (INV2)
 *W* Extra layer (13, 0) is detected in design name (INV2)
 *W* Extra layer (7, 0) is detected in design name (INV2)
 *W* Extra layer (8, 0) is detected in design name (INV2)
 *W* Extra layer (15, 0) is detected in design name (INV2)
 *W* Extra layer (16, 0) is detected in design name (INV2)
### cellName: AN3D1 ###
 *W* Extra layer (2, 0) is detected in design name (AN3D1)
 *W* Extra layer (11, 0) is detected in design name (AN3D1)
 *W* Extra layer (12, 0) is detected in design name (AN3D1)
 *W* Extra layer (13, 0) is detected in design name (AN3D1)
 *W* Extra layer (7, 0) is detected in design name (AN3D1)
 *W* Extra layer (8, 0) is detected in design name (AN3D1)
 *W* Extra layer (15, 0) is detected in design name (AN3D1)
 *W* Extra layer (16, 0) is detected in design name (AN3D1)
### cellName: NR3D1 ###
 *W* Extra layer (2, 0) is detected in design name (NR3D1)
 *W* Extra layer (11, 0) is detected in design name (NR3D1)
 *W* Extra layer (12, 0) is detected in design name (NR3D1)
 *W* Extra layer (13, 0) is detected in design name (NR3D1)
 *W* Extra layer (7, 0) is detected in design name (NR3D1)
 *W* Extra layer (8, 0) is detected in design name (NR3D1)
 *W* Extra layer (15, 0) is detected in design name (NR3D1)
 *W* Extra layer (16, 0) is detected in design name (NR3D1)
### cellName: DFXCN1 ###
 *W* Extra layer (2, 0) is detected in design name (DFXCN1)
 *W* Extra layer (11, 0) is detected in design name (DFXCN1)
 *W* Extra layer (12, 0) is detected in design name (DFXCN1)
 *W* Extra layer (13, 0) is detected in design name (DFXCN1)
 *W* Extra layer (7, 0) is detected in design name (DFXCN1)
 *W* Extra layer (8, 0) is detected in design name (DFXCN1)
 *W* Extra layer (15, 0) is detected in design name (DFXCN1)
 *W* Extra layer (16, 0) is detected in design name (DFXCN1)
### cellName: ND2D0 ###
 *W* Extra layer (2, 0) is detected in design name (ND2D0)
 *W* Extra layer (11, 0) is detected in design name (ND2D0)
 *W* Extra layer (12, 0) is detected in design name (ND2D0)
 *W* Extra layer (13, 0) is detected in design name (ND2D0)
 *W* Extra layer (7, 0) is detected in design name (ND2D0)
 *W* Extra layer (8, 0) is detected in design name (ND2D0)
 *W* Extra layer (15, 0) is detected in design name (ND2D0)
 *W* Extra layer (16, 0) is detected in design name (ND2D0)
### cellName: AN2D1 ###
 *W* Extra layer (2, 0) is detected in design name (AN2D1)
 *W* Extra layer (11, 0) is detected in design name (AN2D1)
 *W* Extra layer (12, 0) is detected in design name (AN2D1)
 *W* Extra layer (13, 0) is detected in design name (AN2D1)
 *W* Extra layer (7, 0) is detected in design name (AN2D1)
 *W* Extra layer (8, 0) is detected in design name (AN2D1)
 *W* Extra layer (15, 0) is detected in design name (AN2D1)
 *W* Extra layer (16, 0) is detected in design name (AN2D1)
### cellName: AOI222D0 ###
 *W* Extra layer (2, 0) is detected in design name (AOI222D0)
 *W* Extra layer (11, 0) is detected in design name (AOI222D0)
 *W* Extra layer (12, 0) is detected in design name (AOI222D0)
 *W* Extra layer (13, 0) is detected in design name (AOI222D0)
 *W* Extra layer (7, 0) is detected in design name (AOI222D0)
 *W* Extra layer (8, 0) is detected in design name (AOI222D0)
 *W* Extra layer (15, 0) is detected in design name (AOI222D0)
 *W* Extra layer (16, 0) is detected in design name (AOI222D0)
### cellName: OAI21D0 ###
 *W* Extra layer (2, 0) is detected in design name (OAI21D0)
 *W* Extra layer (11, 0) is detected in design name (OAI21D0)
 *W* Extra layer (12, 0) is detected in design name (OAI21D0)
 *W* Extra layer (13, 0) is detected in design name (OAI21D0)
 *W* Extra layer (7, 0) is detected in design name (OAI21D0)
 *W* Extra layer (8, 0) is detected in design name (OAI21D0)
 *W* Extra layer (15, 0) is detected in design name (OAI21D0)
 *W* Extra layer (16, 0) is detected in design name (OAI21D0)
### cellName: AOI21D0 ###
 *W* Extra layer (2, 0) is detected in design name (AOI21D0)
 *W* Extra layer (11, 0) is detected in design name (AOI21D0)
 *W* Extra layer (12, 0) is detected in design name (AOI21D0)
 *W* Extra layer (13, 0) is detected in design name (AOI21D0)
 *W* Extra layer (7, 0) is detected in design name (AOI21D0)
 *W* Extra layer (8, 0) is detected in design name (AOI21D0)
 *W* Extra layer (15, 0) is detected in design name (AOI21D0)
 *W* Extra layer (16, 0) is detected in design name (AOI21D0)
### cellName: NR2D0 ###
 *W* Extra layer (2, 0) is detected in design name (NR2D0)
 *W* Extra layer (11, 0) is detected in design name (NR2D0)
 *W* Extra layer (12, 0) is detected in design name (NR2D0)
 *W* Extra layer (13, 0) is detected in design name (NR2D0)
 *W* Extra layer (7, 0) is detected in design name (NR2D0)
 *W* Extra layer (8, 0) is detected in design name (NR2D0)
 *W* Extra layer (15, 0) is detected in design name (NR2D0)
 *W* Extra layer (16, 0) is detected in design name (NR2D0)
### cellName: XNR2D1 ###
 *W* Extra layer (2, 0) is detected in design name (XNR2D1)
 *W* Extra layer (11, 0) is detected in design name (XNR2D1)
 *W* Extra layer (12, 0) is detected in design name (XNR2D1)
 *W* Extra layer (13, 0) is detected in design name (XNR2D1)
 *W* Extra layer (7, 0) is detected in design name (XNR2D1)
 *W* Extra layer (8, 0) is detected in design name (XNR2D1)
 *W* Extra layer (15, 0) is detected in design name (XNR2D1)
 *W* Extra layer (16, 0) is detected in design name (XNR2D1)
### cellName: CK1D1 ###
 *W* Extra layer (2, 0) is detected in design name (CK1D1)
 *W* Extra layer (11, 0) is detected in design name (CK1D1)
 *W* Extra layer (12, 0) is detected in design name (CK1D1)
 *W* Extra layer (13, 0) is detected in design name (CK1D1)
 *W* Extra layer (7, 0) is detected in design name (CK1D1)
 *W* Extra layer (8, 0) is detected in design name (CK1D1)
 *W* Extra layer (15, 0) is detected in design name (CK1D1)
 *W* Extra layer (16, 0) is detected in design name (CK1D1)
### cellName: AN7D1 ###
 *W* Extra layer (2, 0) is detected in design name (AN7D1)
 *W* Extra layer (11, 0) is detected in design name (AN7D1)
 *W* Extra layer (12, 0) is detected in design name (AN7D1)
 *W* Extra layer (13, 0) is detected in design name (AN7D1)
 *W* Extra layer (7, 0) is detected in design name (AN7D1)
 *W* Extra layer (8, 0) is detected in design name (AN7D1)
 *W* Extra layer (15, 0) is detected in design name (AN7D1)
 *W* Extra layer (16, 0) is detected in design name (AN7D1)
### cellName: MUX2D1 ###
 *W* Extra layer (2, 0) is detected in design name (MUX2D1)
 *W* Extra layer (11, 0) is detected in design name (MUX2D1)
 *W* Extra layer (12, 0) is detected in design name (MUX2D1)
 *W* Extra layer (13, 0) is detected in design name (MUX2D1)
 *W* Extra layer (7, 0) is detected in design name (MUX2D1)
 *W* Extra layer (8, 0) is detected in design name (MUX2D1)
 *W* Extra layer (15, 0) is detected in design name (MUX2D1)
 *W* Extra layer (16, 0) is detected in design name (MUX2D1)
### cellName: ND3D0 ###
 *W* Extra layer (2, 0) is detected in design name (ND3D0)
 *W* Extra layer (11, 0) is detected in design name (ND3D0)
 *W* Extra layer (12, 0) is detected in design name (ND3D0)
 *W* Extra layer (13, 0) is detected in design name (ND3D0)
 *W* Extra layer (7, 0) is detected in design name (ND3D0)
 *W* Extra layer (8, 0) is detected in design name (ND3D0)
 *W* Extra layer (15, 0) is detected in design name (ND3D0)
 *W* Extra layer (16, 0) is detected in design name (ND3D0)
### cellName: INR2D0 ###
 *W* Extra layer (2, 0) is detected in design name (INR2D0)
 *W* Extra layer (11, 0) is detected in design name (INR2D0)
 *W* Extra layer (12, 0) is detected in design name (INR2D0)
 *W* Extra layer (13, 0) is detected in design name (INR2D0)
 *W* Extra layer (7, 0) is detected in design name (INR2D0)
 *W* Extra layer (8, 0) is detected in design name (INR2D0)
 *W* Extra layer (15, 0) is detected in design name (INR2D0)
 *W* Extra layer (16, 0) is detected in design name (INR2D0)
### cellName: NR6D1 ###
 *W* Extra layer (2, 0) is detected in design name (NR6D1)
 *W* Extra layer (11, 0) is detected in design name (NR6D1)
 *W* Extra layer (12, 0) is detected in design name (NR6D1)
 *W* Extra layer (13, 0) is detected in design name (NR6D1)
 *W* Extra layer (7, 0) is detected in design name (NR6D1)
 *W* Extra layer (8, 0) is detected in design name (NR6D1)
 *W* Extra layer (15, 0) is detected in design name (NR6D1)
 *W* Extra layer (16, 0) is detected in design name (NR6D1)
### cellName: FA1D1 ###
 *W* Extra layer (2, 0) is detected in design name (FA1D1)
 *W* Extra layer (11, 0) is detected in design name (FA1D1)
 *W* Extra layer (12, 0) is detected in design name (FA1D1)
 *W* Extra layer (13, 0) is detected in design name (FA1D1)
 *W* Extra layer (7, 0) is detected in design name (FA1D1)
 *W* Extra layer (8, 0) is detected in design name (FA1D1)
 *W* Extra layer (15, 0) is detected in design name (FA1D1)
 *W* Extra layer (16, 0) is detected in design name (FA1D1)
### cellName: OAI31D1 ###
 *W* Extra layer (2, 0) is detected in design name (OAI31D1)
 *W* Extra layer (11, 0) is detected in design name (OAI31D1)
 *W* Extra layer (12, 0) is detected in design name (OAI31D1)
 *W* Extra layer (13, 0) is detected in design name (OAI31D1)
 *W* Extra layer (7, 0) is detected in design name (OAI31D1)
 *W* Extra layer (8, 0) is detected in design name (OAI31D1)
 *W* Extra layer (15, 0) is detected in design name (OAI31D1)
 *W* Extra layer (16, 0) is detected in design name (OAI31D1)
### cellName: NR3D0 ###
 *W* Extra layer (2, 0) is detected in design name (NR3D0)
 *W* Extra layer (11, 0) is detected in design name (NR3D0)
 *W* Extra layer (12, 0) is detected in design name (NR3D0)
 *W* Extra layer (13, 0) is detected in design name (NR3D0)
 *W* Extra layer (7, 0) is detected in design name (NR3D0)
 *W* Extra layer (8, 0) is detected in design name (NR3D0)
 *W* Extra layer (15, 0) is detected in design name (NR3D0)
 *W* Extra layer (16, 0) is detected in design name (NR3D0)
### cellName: NR8D1 ###
 *W* Extra layer (2, 0) is detected in design name (NR8D1)
 *W* Extra layer (11, 0) is detected in design name (NR8D1)
 *W* Extra layer (12, 0) is detected in design name (NR8D1)
 *W* Extra layer (13, 0) is detected in design name (NR8D1)
 *W* Extra layer (7, 0) is detected in design name (NR8D1)
 *W* Extra layer (8, 0) is detected in design name (NR8D1)
 *W* Extra layer (15, 0) is detected in design name (NR8D1)
 *W* Extra layer (16, 0) is detected in design name (NR8D1)
### cellName: $$VIA23 ###
 *W* Extra layer (18, 0) is detected in design name ($$VIA23)
 *W* Extra layer (28, 0) is detected in design name ($$VIA23)
 *W* Extra layer (29, 0) is detected in design name ($$VIA23)
### cellName: $$VIA12 ###
 *W* Extra layer (16, 0) is detected in design name ($$VIA12)
 *W* Extra layer (17, 0) is detected in design name ($$VIA12)
 *W* Extra layer (18, 0) is detected in design name ($$VIA12)
### cellName: $$FVIA12_960_960_10_2 ###
 *W* Extra layer (16, 0) is detected in design name ($$FVIA12_960_960_10_2)
 *W* Extra layer (17, 0) is detected in design name ($$FVIA12_960_960_10_2)
 *W* Extra layer (18, 0) is detected in design name ($$FVIA12_960_960_10_2)
### cellName: $$VIA12_960_960_1_2 ###
 *W* Extra layer (16, 0) is detected in design name ($$VIA12_960_960_1_2)
 *W* Extra layer (17, 0) is detected in design name ($$VIA12_960_960_1_2)
 *W* Extra layer (18, 0) is detected in design name ($$VIA12_960_960_1_2)
### cellName: $$VIA23_960_960_1_2 ###
 *W* Extra layer (28, 0) is detected in design name ($$VIA23_960_960_1_2)
 *W* Extra layer (29, 0) is detected in design name ($$VIA23_960_960_1_2)
### cellName: $$VIA12_960_960_5_2 ###
 *W* Extra layer (16, 0) is detected in design name ($$VIA12_960_960_5_2)
 *W* Extra layer (17, 0) is detected in design name ($$VIA12_960_960_5_2)
 *W* Extra layer (18, 0) is detected in design name ($$VIA12_960_960_5_2)
### cellName: $$VIA23_960_960_5_2 ###
 *W* Extra layer (28, 0) is detected in design name ($$VIA23_960_960_5_2)
 *W* Extra layer (29, 0) is detected in design name ($$VIA23_960_960_5_2)
### cellName: $$VIA23_960_960_4_2 ###
 *W* Extra layer (18, 0) is detected in design name ($$VIA23_960_960_4_2)
 *W* Extra layer (28, 0) is detected in design name ($$VIA23_960_960_4_2)
 *W* Extra layer (29, 0) is detected in design name ($$VIA23_960_960_4_2)
### cellName: $$FVIA12_960_960_10_10 ###
 *W* Extra layer (16, 0) is detected in design name ($$FVIA12_960_960_10_10)
 *W* Extra layer (17, 0) is detected in design name ($$FVIA12_960_960_10_10)
 *W* Extra layer (18, 0) is detected in design name ($$FVIA12_960_960_10_10)
### cellName: $$FVIA12_960_960_5_10 ###
 *W* Extra layer (16, 0) is detected in design name ($$FVIA12_960_960_5_10)
 *W* Extra layer (17, 0) is detected in design name ($$FVIA12_960_960_5_10)
 *W* Extra layer (18, 0) is detected in design name ($$FVIA12_960_960_5_10)
### cellName: MCELL_CON_6400910 ###
 *W* Extra layer (29, 0) is detected in design name (MCELL_CON_6400910)
### cellName: MCELL_PCO_755391 ###
 *W* Extra layer (18, 0) is detected in design name (MCELL_PCO_755391)
 *W* Extra layer (28, 0) is detected in design name (MCELL_PCO_755391)
 *W* Extra layer (29, 0) is detected in design name (MCELL_PCO_755391)
### cellName: pc3b02d ###
 *W* Extra layer (2, 0) is detected in design name (pc3b02d)
 *W* Extra layer (13, 0) is detected in design name (pc3b02d)
 *W* Extra layer (10, 0) is detected in design name (pc3b02d)
 *W* Extra layer (7, 0) is detected in design name (pc3b02d)
 *W* Extra layer (8, 0) is detected in design name (pc3b02d)
 *W* Extra layer (15, 0) is detected in design name (pc3b02d)
 *W* Extra layer (16, 0) is detected in design name (pc3b02d)
 *W* Extra layer (17, 0) is detected in design name (pc3b02d)
 *W* Extra layer (18, 0) is detected in design name (pc3b02d)
 *W* Extra layer (28, 0) is detected in design name (pc3b02d)
 *W* Extra layer (29, 0) is detected in design name (pc3b02d)
 *W* Extra layer (19, 0) is detected in design name (pc3b02d)
 *W* Extra layer (55, 0) is detected in design name (pc3b02d)
### cellName: pc3b02u ###
 *W* Extra layer (2, 0) is detected in design name (pc3b02u)
 *W* Extra layer (13, 0) is detected in design name (pc3b02u)
 *W* Extra layer (10, 0) is detected in design name (pc3b02u)
 *W* Extra layer (7, 0) is detected in design name (pc3b02u)
 *W* Extra layer (8, 0) is detected in design name (pc3b02u)
 *W* Extra layer (15, 0) is detected in design name (pc3b02u)
 *W* Extra layer (16, 0) is detected in design name (pc3b02u)
 *W* Extra layer (17, 0) is detected in design name (pc3b02u)
 *W* Extra layer (18, 0) is detected in design name (pc3b02u)
 *W* Extra layer (28, 0) is detected in design name (pc3b02u)
 *W* Extra layer (29, 0) is detected in design name (pc3b02u)
 *W* Extra layer (19, 0) is detected in design name (pc3b02u)
 *W* Extra layer (55, 0) is detected in design name (pc3b02u)
### cellName: pc3b03d ###
 *W* Extra layer (2, 0) is detected in design name (pc3b03d)
 *W* Extra layer (13, 0) is detected in design name (pc3b03d)
 *W* Extra layer (10, 0) is detected in design name (pc3b03d)
 *W* Extra layer (7, 0) is detected in design name (pc3b03d)
 *W* Extra layer (8, 0) is detected in design name (pc3b03d)
 *W* Extra layer (15, 0) is detected in design name (pc3b03d)
 *W* Extra layer (16, 0) is detected in design name (pc3b03d)
 *W* Extra layer (17, 0) is detected in design name (pc3b03d)
 *W* Extra layer (18, 0) is detected in design name (pc3b03d)
 *W* Extra layer (28, 0) is detected in design name (pc3b03d)
 *W* Extra layer (29, 0) is detected in design name (pc3b03d)
 *W* Extra layer (19, 0) is detected in design name (pc3b03d)
 *W* Extra layer (55, 0) is detected in design name (pc3b03d)
### cellName: pc3b04u ###
 *W* Extra layer (2, 0) is detected in design name (pc3b04u)
 *W* Extra layer (13, 0) is detected in design name (pc3b04u)
 *W* Extra layer (10, 0) is detected in design name (pc3b04u)
 *W* Extra layer (7, 0) is detected in design name (pc3b04u)
 *W* Extra layer (8, 0) is detected in design name (pc3b04u)
 *W* Extra layer (15, 0) is detected in design name (pc3b04u)
 *W* Extra layer (16, 0) is detected in design name (pc3b04u)
 *W* Extra layer (17, 0) is detected in design name (pc3b04u)
 *W* Extra layer (18, 0) is detected in design name (pc3b04u)
 *W* Extra layer (28, 0) is detected in design name (pc3b04u)
 *W* Extra layer (29, 0) is detected in design name (pc3b04u)
 *W* Extra layer (19, 0) is detected in design name (pc3b04u)
 *W* Extra layer (55, 0) is detected in design name (pc3b04u)
### cellName: pc3c04 ###
 *W* Extra layer (2, 0) is detected in design name (pc3c04)
 *W* Extra layer (13, 0) is detected in design name (pc3c04)
 *W* Extra layer (10, 0) is detected in design name (pc3c04)
 *W* Extra layer (7, 0) is detected in design name (pc3c04)
 *W* Extra layer (8, 0) is detected in design name (pc3c04)
 *W* Extra layer (15, 0) is detected in design name (pc3c04)
 *W* Extra layer (16, 0) is detected in design name (pc3c04)
 *W* Extra layer (17, 0) is detected in design name (pc3c04)
 *W* Extra layer (18, 0) is detected in design name (pc3c04)
 *W* Extra layer (28, 0) is detected in design name (pc3c04)
 *W* Extra layer (29, 0) is detected in design name (pc3c04)
 *W* Extra layer (19, 0) is detected in design name (pc3c04)
### cellName: pc3d21 ###
 *W* Extra layer (2, 0) is detected in design name (pc3d21)
 *W* Extra layer (13, 0) is detected in design name (pc3d21)
 *W* Extra layer (10, 0) is detected in design name (pc3d21)
 *W* Extra layer (7, 0) is detected in design name (pc3d21)
 *W* Extra layer (8, 0) is detected in design name (pc3d21)
 *W* Extra layer (15, 0) is detected in design name (pc3d21)
 *W* Extra layer (16, 0) is detected in design name (pc3d21)
 *W* Extra layer (17, 0) is detected in design name (pc3d21)
 *W* Extra layer (18, 0) is detected in design name (pc3d21)
 *W* Extra layer (28, 0) is detected in design name (pc3d21)
 *W* Extra layer (29, 0) is detected in design name (pc3d21)
 *W* Extra layer (19, 0) is detected in design name (pc3d21)
 *W* Extra layer (55, 0) is detected in design name (pc3d21)
### cellName: pc3b05u ###
 *W* Extra layer (2, 0) is detected in design name (pc3b05u)
 *W* Extra layer (13, 0) is detected in design name (pc3b05u)
 *W* Extra layer (10, 0) is detected in design name (pc3b05u)
 *W* Extra layer (7, 0) is detected in design name (pc3b05u)
 *W* Extra layer (8, 0) is detected in design name (pc3b05u)
 *W* Extra layer (15, 0) is detected in design name (pc3b05u)
 *W* Extra layer (16, 0) is detected in design name (pc3b05u)
 *W* Extra layer (17, 0) is detected in design name (pc3b05u)
 *W* Extra layer (18, 0) is detected in design name (pc3b05u)
 *W* Extra layer (28, 0) is detected in design name (pc3b05u)
 *W* Extra layer (29, 0) is detected in design name (pc3b05u)
 *W* Extra layer (19, 0) is detected in design name (pc3b05u)
 *W* Extra layer (55, 0) is detected in design name (pc3b05u)
### cellName: pc3t02 ###
 *W* Extra layer (2, 0) is detected in design name (pc3t02)
 *W* Extra layer (13, 0) is detected in design name (pc3t02)
 *W* Extra layer (10, 0) is detected in design name (pc3t02)
 *W* Extra layer (7, 0) is detected in design name (pc3t02)
 *W* Extra layer (8, 0) is detected in design name (pc3t02)
 *W* Extra layer (15, 0) is detected in design name (pc3t02)
 *W* Extra layer (16, 0) is detected in design name (pc3t02)
 *W* Extra layer (17, 0) is detected in design name (pc3t02)
 *W* Extra layer (18, 0) is detected in design name (pc3t02)
 *W* Extra layer (28, 0) is detected in design name (pc3t02)
 *W* Extra layer (29, 0) is detected in design name (pc3t02)
 *W* Extra layer (19, 0) is detected in design name (pc3t02)
 *W* Extra layer (55, 0) is detected in design name (pc3t02)
### cellName: pp3b01 ###
 *W* Extra layer (2, 0) is detected in design name (pp3b01)
 *W* Extra layer (13, 0) is detected in design name (pp3b01)
 *I* Acute angle polygon,layer=13,#points=5,startPoly=(5.200000,287.850000).
 *I* Acute angle polygon,layer=13,#points=6,startPoly=(5.250000,287.300000).
 *I* Acute angle polygon,layer=13,#points=5,startPoly=(5.900000,286.950000).
 *W* Extra layer (10, 0) is detected in design name (pp3b01)
 *W* Extra layer (7, 0) is detected in design name (pp3b01)
 *W* Extra layer (8, 0) is detected in design name (pp3b01)
 *W* Extra layer (15, 0) is detected in design name (pp3b01)
 *W* Extra layer (16, 0) is detected in design name (pp3b01)
 *W* Extra layer (17, 0) is detected in design name (pp3b01)
 *W* Extra layer (18, 0) is detected in design name (pp3b01)
 *W* Extra layer (28, 0) is detected in design name (pp3b01)
 *W* Extra layer (29, 0) is detected in design name (pp3b01)
 *W* Extra layer (19, 0) is detected in design name (pp3b01)
 *W* Extra layer (55, 0) is detected in design name (pp3b01)
### cellName: pt3b02d ###
 *W* Extra layer (2, 0) is detected in design name (pt3b02d)
 *W* Extra layer (13, 0) is detected in design name (pt3b02d)
 *W* Extra layer (10, 0) is detected in design name (pt3b02d)
 *W* Extra layer (7, 0) is detected in design name (pt3b02d)
 *W* Extra layer (8, 0) is detected in design name (pt3b02d)
 *W* Extra layer (15, 0) is detected in design name (pt3b02d)
 *W* Extra layer (16, 0) is detected in design name (pt3b02d)
 *W* Extra layer (17, 0) is detected in design name (pt3b02d)
 *W* Extra layer (18, 0) is detected in design name (pt3b02d)
 *W* Extra layer (28, 0) is detected in design name (pt3b02d)
 *W* Extra layer (29, 0) is detected in design name (pt3b02d)
 *W* Extra layer (19, 0) is detected in design name (pt3b02d)
 *W* Extra layer (55, 0) is detected in design name (pt3b02d)
